#
# There is insufficient memory for the Java Runtime Environment to continue.
# Native memory allocation (malloc) failed to allocate 146656 bytes for Chunk::new
# Possible reasons:
#   The system is out of physical RAM or swap space
#   The process is running with CompressedOops enabled, and the Java Heap may be blocking the growth of the native heap
# Possible solutions:
#   Reduce memory load on the system
#   Increase physical memory or swap space
#   Check if swap backing store is full
#   Decrease Java heap size (-Xmx/-Xms)
#   Decrease number of Java threads
#   Decrease Java thread stack sizes (-Xss)
#   Set larger code cache with -XX:ReservedCodeCacheSize=
#   JVM is running with Unscaled Compressed Oops mode in which the Java heap is
#     placed in the first 4GB address space. The Java Heap base address is the
#     maximum limit for the native heap growth. Please use -XX:HeapBaseMinAddress
#     to set the Java Heap base and to place the Java Heap above 4GB virtual address.
# This output file may be truncated or incomplete.
#
#  Out of Memory Error (arena.cpp:189), pid=22352, tid=24856
#
# JRE version: Java(TM) SE Runtime Environment (17.0.12+8) (build 17.0.12+8-LTS-286)
# Java VM: Java HotSpot(TM) 64-Bit Server VM (17.0.12+8-LTS-286, mixed mode, sharing, tiered, compressed oops, compressed class ptrs, g1 gc, windows-amd64)
# No core dump will be written. Minidumps are not enabled by default on client versions of Windows
#

---------------  S U M M A R Y ------------

Command Line: -Xmx64m -Xms64m -Dorg.gradle.appname=gradlew org.gradle.wrapper.GradleWrapperMain app:installDebug -PreactNativeDevServerPort=8081

Host: Intel(R) Core(TM) i5-10300H CPU @ 2.50GHz, 8 cores, 7G,  Windows 11 , 64 bit Build 22000 (10.0.22000.2538)
Time: Thu Feb 13 10:13:54 2025 SE Asia Standard Time elapsed time: 9.107557 seconds (0d 0h 0m 9s)

---------------  T H R E A D  ---------------

Current thread (0x000002257c94c460):  JavaThread "C2 CompilerThread0" daemon [_thread_in_native, id=24856, stack(0x0000009a82700000,0x0000009a82800000)]


Current CompileTask:
C2:   9107  514       4       java.util.HashMap::resize (356 bytes)

Stack: [0x0000009a82700000,0x0000009a82800000]
Native frames: (J=compiled Java code, j=interpreted, Vv=VM code, C=native code)
V  [jvm.dll+0x67a04a]
V  [jvm.dll+0x7da4ed]
V  [jvm.dll+0x7dbe33]
V  [jvm.dll+0x7dc4a3]
V  [jvm.dll+0x24508f]
V  [jvm.dll+0xab773]
V  [jvm.dll+0xabd3c]
V  [jvm.dll+0x2aa52f]
V  [jvm.dll+0x581eb9]
V  [jvm.dll+0x21f422]
V  [jvm.dll+0x21837b]
V  [jvm.dll+0x215b65]
V  [jvm.dll+0x1a2960]
V  [jvm.dll+0x22610b]
V  [jvm.dll+0x2242ab]
V  [jvm.dll+0x79075c]
V  [jvm.dll+0x78abea]
V  [jvm.dll+0x678f35]
C  [ucrtbase.dll+0x26c0c]
C  [KERNEL32.DLL+0x153e0]
C  [ntdll.dll+0x485b]


---------------  P R O C E S S  ---------------

Threads class SMR info:
_java_thread_list=0x000002257cb5ead0, length=12, elements={
0x00000225611f7930, 0x000002257c9327f0, 0x000002257c933670, 0x000002257c946e70,
0x000002257c949840, 0x000002257c94a9a0, 0x000002257c94b360, 0x000002257c94c460,
0x000002257c95e610, 0x000002257c9cc8e0, 0x000002257cb87c50, 0x000002257cb8a580
}

Java Threads: ( => current thread )
  0x00000225611f7930 JavaThread "main" [_thread_in_native, id=31188, stack(0x0000009a81a00000,0x0000009a81b00000)]
  0x000002257c9327f0 JavaThread "Reference Handler" daemon [_thread_blocked, id=27044, stack(0x0000009a82100000,0x0000009a82200000)]
  0x000002257c933670 JavaThread "Finalizer" daemon [_thread_blocked, id=26884, stack(0x0000009a82200000,0x0000009a82300000)]
  0x000002257c946e70 JavaThread "Signal Dispatcher" daemon [_thread_blocked, id=21972, stack(0x0000009a82300000,0x0000009a82400000)]
  0x000002257c949840 JavaThread "Attach Listener" daemon [_thread_blocked, id=27732, stack(0x0000009a82400000,0x0000009a82500000)]
  0x000002257c94a9a0 JavaThread "Service Thread" daemon [_thread_blocked, id=17480, stack(0x0000009a82500000,0x0000009a82600000)]
  0x000002257c94b360 JavaThread "Monitor Deflation Thread" daemon [_thread_blocked, id=25384, stack(0x0000009a82600000,0x0000009a82700000)]
=>0x000002257c94c460 JavaThread "C2 CompilerThread0" daemon [_thread_in_native, id=24856, stack(0x0000009a82700000,0x0000009a82800000)]
  0x000002257c95e610 JavaThread "C1 CompilerThread0" daemon [_thread_blocked, id=28984, stack(0x0000009a82800000,0x0000009a82900000)]
  0x000002257c9cc8e0 JavaThread "Sweeper thread" daemon [_thread_blocked, id=15400, stack(0x0000009a82900000,0x0000009a82a00000)]
  0x000002257cb87c50 JavaThread "Notification Thread" daemon [_thread_blocked, id=21224, stack(0x0000009a82a00000,0x0000009a82b00000)]
  0x000002257cb8a580 JavaThread "Common-Cleaner" daemon [_thread_blocked, id=30188, stack(0x0000009a82c00000,0x0000009a82d00000)]

Other Threads:
  0x000002257c928020 VMThread "VM Thread" [stack: 0x0000009a82000000,0x0000009a82100000] [id=31792]
  0x000002257cb8a140 WatcherThread [stack: 0x0000009a82b00000,0x0000009a82c00000] [id=5344]
  0x000002256121a350 GCTaskThread "GC Thread#0" [stack: 0x0000009a81b00000,0x0000009a81c00000] [id=25940]
  0x000002257cdf0810 GCTaskThread "GC Thread#1" [stack: 0x0000009a82d00000,0x0000009a82e00000] [id=31788]
  0x000002257cfb4c00 GCTaskThread "GC Thread#2" [stack: 0x0000009a82e00000,0x0000009a82f00000] [id=30444]
  0x000002257cfb4ec0 GCTaskThread "GC Thread#3" [stack: 0x0000009a82f00000,0x0000009a83000000] [id=32936]
  0x000002256121baa0 ConcurrentGCThread "G1 Main Marker" [stack: 0x0000009a81c00000,0x0000009a81d00000] [id=15388]
  0x000002256121c4b0 ConcurrentGCThread "G1 Conc#0" [stack: 0x0000009a81d00000,0x0000009a81e00000] [id=18296]
  0x0000022561279a90 ConcurrentGCThread "G1 Refine#0" [stack: 0x0000009a81e00000,0x0000009a81f00000] [id=8532]
  0x000002256127c4d0 ConcurrentGCThread "G1 Service" [stack: 0x0000009a81f00000,0x0000009a82000000] [id=18976]

Threads with active compile tasks:
C2 CompilerThread0     9347  514       4       java.util.HashMap::resize (356 bytes)

VM state: not at safepoint (normal execution)

VM Mutex/Monitor currently owned by a thread: None

Heap address: 0x00000000fc000000, size: 64 MB, Compressed Oops mode: 32-bit

CDS archive(s) mapped at: [0x0000022500000000-0x0000022500bd0000-0x0000022500bd0000), size 12386304, SharedBaseAddress: 0x0000022500000000, ArchiveRelocationMode: 1.
Compressed class space mapped at: 0x0000022501000000-0x0000022541000000, reserved size: 1073741824
Narrow klass base: 0x0000022500000000, Narrow klass shift: 0, Narrow klass range: 0x100000000

GC Precious Log:
 CPUs: 8 total, 8 available
 Memory: 8029M
 Large Page Support: Disabled
 NUMA Support: Disabled
 Compressed Oops: Enabled (32-bit)
 Heap Region Size: 1M
 Heap Min Capacity: 64M
 Heap Initial Capacity: 64M
 Heap Max Capacity: 64M
 Pre-touch: Disabled
 Parallel Workers: 8
 Concurrent Workers: 2
 Concurrent Refinement Workers: 8
 Periodic GC: Disabled

Heap:
 garbage-first heap   total 65536K, used 9368K [0x00000000fc000000, 0x0000000100000000)
  region size 1024K, 5 young (5120K), 3 survivors (3072K)
 Metaspace       used 1835K, committed 1984K, reserved 1114112K
  class space    used 158K, committed 192K, reserved 1048576K

Heap Regions: E=young(eden), S=young(survivor), O=old, HS=humongous(starts), HC=humongous(continues), CS=collection set, F=free, OA=open archive, CA=closed archive, TAMS=top-at-mark-start (previous, next)
|   0|0x00000000fc000000, 0x00000000fc100000, 0x00000000fc100000|100%| O|  |TAMS 0x00000000fc000000, 0x00000000fc000000| Untracked 
|   1|0x00000000fc100000, 0x00000000fc126200, 0x00000000fc200000| 14%| O|  |TAMS 0x00000000fc100000, 0x00000000fc100000| Untracked 
|   2|0x00000000fc200000, 0x00000000fc300000, 0x00000000fc300000|100%|HS|  |TAMS 0x00000000fc200000, 0x00000000fc200000| Complete 
|   3|0x00000000fc300000, 0x00000000fc400000, 0x00000000fc400000|100%|HC|  |TAMS 0x00000000fc300000, 0x00000000fc300000| Complete 
|   4|0x00000000fc400000, 0x00000000fc500000, 0x00000000fc500000|100%|HC|  |TAMS 0x00000000fc400000, 0x00000000fc400000| Complete 
|   5|0x00000000fc500000, 0x00000000fc600000, 0x00000000fc600000|100%|HC|  |TAMS 0x00000000fc500000, 0x00000000fc500000| Complete 
|   6|0x00000000fc600000, 0x00000000fc600000, 0x00000000fc700000|  0%| F|  |TAMS 0x00000000fc600000, 0x00000000fc600000| Untracked 
|   7|0x00000000fc700000, 0x00000000fc700000, 0x00000000fc800000|  0%| F|  |TAMS 0x00000000fc700000, 0x00000000fc700000| Untracked 
|   8|0x00000000fc800000, 0x00000000fc800000, 0x00000000fc900000|  0%| F|  |TAMS 0x00000000fc800000, 0x00000000fc800000| Untracked 
|   9|0x00000000fc900000, 0x00000000fc900000, 0x00000000fca00000|  0%| F|  |TAMS 0x00000000fc900000, 0x00000000fc900000| Untracked 
|  10|0x00000000fca00000, 0x00000000fca00000, 0x00000000fcb00000|  0%| F|  |TAMS 0x00000000fca00000, 0x00000000fca00000| Untracked 
|  11|0x00000000fcb00000, 0x00000000fcb00000, 0x00000000fcc00000|  0%| F|  |TAMS 0x00000000fcb00000, 0x00000000fcb00000| Untracked 
|  12|0x00000000fcc00000, 0x00000000fcc00000, 0x00000000fcd00000|  0%| F|  |TAMS 0x00000000fcc00000, 0x00000000fcc00000| Untracked 
|  13|0x00000000fcd00000, 0x00000000fcd00000, 0x00000000fce00000|  0%| F|  |TAMS 0x00000000fcd00000, 0x00000000fcd00000| Untracked 
|  14|0x00000000fce00000, 0x00000000fce00000, 0x00000000fcf00000|  0%| F|  |TAMS 0x00000000fce00000, 0x00000000fce00000| Untracked 
|  15|0x00000000fcf00000, 0x00000000fcf00000, 0x00000000fd000000|  0%| F|  |TAMS 0x00000000fcf00000, 0x00000000fcf00000| Untracked 
|  16|0x00000000fd000000, 0x00000000fd000000, 0x00000000fd100000|  0%| F|  |TAMS 0x00000000fd000000, 0x00000000fd000000| Untracked 
|  17|0x00000000fd100000, 0x00000000fd100000, 0x00000000fd200000|  0%| F|  |TAMS 0x00000000fd100000, 0x00000000fd100000| Untracked 
|  18|0x00000000fd200000, 0x00000000fd200000, 0x00000000fd300000|  0%| F|  |TAMS 0x00000000fd200000, 0x00000000fd200000| Untracked 
|  19|0x00000000fd300000, 0x00000000fd300000, 0x00000000fd400000|  0%| F|  |TAMS 0x00000000fd300000, 0x00000000fd300000| Untracked 
|  20|0x00000000fd400000, 0x00000000fd400000, 0x00000000fd500000|  0%| F|  |TAMS 0x00000000fd400000, 0x00000000fd400000| Untracked 
|  21|0x00000000fd500000, 0x00000000fd500000, 0x00000000fd600000|  0%| F|  |TAMS 0x00000000fd500000, 0x00000000fd500000| Untracked 
|  22|0x00000000fd600000, 0x00000000fd600000, 0x00000000fd700000|  0%| F|  |TAMS 0x00000000fd600000, 0x00000000fd600000| Untracked 
|  23|0x00000000fd700000, 0x00000000fd700000, 0x00000000fd800000|  0%| F|  |TAMS 0x00000000fd700000, 0x00000000fd700000| Untracked 
|  24|0x00000000fd800000, 0x00000000fd800000, 0x00000000fd900000|  0%| F|  |TAMS 0x00000000fd800000, 0x00000000fd800000| Untracked 
|  25|0x00000000fd900000, 0x00000000fd900000, 0x00000000fda00000|  0%| F|  |TAMS 0x00000000fd900000, 0x00000000fd900000| Untracked 
|  26|0x00000000fda00000, 0x00000000fda00000, 0x00000000fdb00000|  0%| F|  |TAMS 0x00000000fda00000, 0x00000000fda00000| Untracked 
|  27|0x00000000fdb00000, 0x00000000fdb00000, 0x00000000fdc00000|  0%| F|  |TAMS 0x00000000fdb00000, 0x00000000fdb00000| Untracked 
|  28|0x00000000fdc00000, 0x00000000fdc00000, 0x00000000fdd00000|  0%| F|  |TAMS 0x00000000fdc00000, 0x00000000fdc00000| Untracked 
|  29|0x00000000fdd00000, 0x00000000fdd00000, 0x00000000fde00000|  0%| F|  |TAMS 0x00000000fdd00000, 0x00000000fdd00000| Untracked 
|  30|0x00000000fde00000, 0x00000000fde00000, 0x00000000fdf00000|  0%| F|  |TAMS 0x00000000fde00000, 0x00000000fde00000| Untracked 
|  31|0x00000000fdf00000, 0x00000000fdf00000, 0x00000000fe000000|  0%| F|  |TAMS 0x00000000fdf00000, 0x00000000fdf00000| Untracked 
|  32|0x00000000fe000000, 0x00000000fe000000, 0x00000000fe100000|  0%| F|  |TAMS 0x00000000fe000000, 0x00000000fe000000| Untracked 
|  33|0x00000000fe100000, 0x00000000fe100000, 0x00000000fe200000|  0%| F|  |TAMS 0x00000000fe100000, 0x00000000fe100000| Untracked 
|  34|0x00000000fe200000, 0x00000000fe200000, 0x00000000fe300000|  0%| F|  |TAMS 0x00000000fe200000, 0x00000000fe200000| Untracked 
|  35|0x00000000fe300000, 0x00000000fe300000, 0x00000000fe400000|  0%| F|  |TAMS 0x00000000fe300000, 0x00000000fe300000| Untracked 
|  36|0x00000000fe400000, 0x00000000fe400000, 0x00000000fe500000|  0%| F|  |TAMS 0x00000000fe400000, 0x00000000fe400000| Untracked 
|  37|0x00000000fe500000, 0x00000000fe500000, 0x00000000fe600000|  0%| F|  |TAMS 0x00000000fe500000, 0x00000000fe500000| Untracked 
|  38|0x00000000fe600000, 0x00000000fe700000, 0x00000000fe700000|100%| S|CS|TAMS 0x00000000fe600000, 0x00000000fe600000| Complete 
|  39|0x00000000fe700000, 0x00000000fe800000, 0x00000000fe800000|100%| S|CS|TAMS 0x00000000fe700000, 0x00000000fe700000| Complete 
|  40|0x00000000fe800000, 0x00000000fe900000, 0x00000000fe900000|100%| S|CS|TAMS 0x00000000fe800000, 0x00000000fe800000| Complete 
|  41|0x00000000fe900000, 0x00000000fe900000, 0x00000000fea00000|  0%| F|  |TAMS 0x00000000fe900000, 0x00000000fe900000| Untracked 
|  42|0x00000000fea00000, 0x00000000fea00000, 0x00000000feb00000|  0%| F|  |TAMS 0x00000000fea00000, 0x00000000fea00000| Untracked 
|  43|0x00000000feb00000, 0x00000000feb00000, 0x00000000fec00000|  0%| F|  |TAMS 0x00000000feb00000, 0x00000000feb00000| Untracked 
|  44|0x00000000fec00000, 0x00000000fec00000, 0x00000000fed00000|  0%| F|  |TAMS 0x00000000fec00000, 0x00000000fec00000| Untracked 
|  45|0x00000000fed00000, 0x00000000fed00000, 0x00000000fee00000|  0%| F|  |TAMS 0x00000000fed00000, 0x00000000fed00000| Untracked 
|  46|0x00000000fee00000, 0x00000000fee00000, 0x00000000fef00000|  0%| F|  |TAMS 0x00000000fee00000, 0x00000000fee00000| Untracked 
|  47|0x00000000fef00000, 0x00000000fef00000, 0x00000000ff000000|  0%| F|  |TAMS 0x00000000fef00000, 0x00000000fef00000| Untracked 
|  48|0x00000000ff000000, 0x00000000ff000000, 0x00000000ff100000|  0%| F|  |TAMS 0x00000000ff000000, 0x00000000ff000000| Untracked 
|  49|0x00000000ff100000, 0x00000000ff100000, 0x00000000ff200000|  0%| F|  |TAMS 0x00000000ff100000, 0x00000000ff100000| Untracked 
|  50|0x00000000ff200000, 0x00000000ff200000, 0x00000000ff300000|  0%| F|  |TAMS 0x00000000ff200000, 0x00000000ff200000| Untracked 
|  51|0x00000000ff300000, 0x00000000ff300000, 0x00000000ff400000|  0%| F|  |TAMS 0x00000000ff300000, 0x00000000ff300000| Untracked 
|  52|0x00000000ff400000, 0x00000000ff400000, 0x00000000ff500000|  0%| F|  |TAMS 0x00000000ff400000, 0x00000000ff400000| Untracked 
|  53|0x00000000ff500000, 0x00000000ff500000, 0x00000000ff600000|  0%| F|  |TAMS 0x00000000ff500000, 0x00000000ff500000| Untracked 
|  54|0x00000000ff600000, 0x00000000ff600000, 0x00000000ff700000|  0%| F|  |TAMS 0x00000000ff600000, 0x00000000ff600000| Untracked 
|  55|0x00000000ff700000, 0x00000000ff700000, 0x00000000ff800000|  0%| F|  |TAMS 0x00000000ff700000, 0x00000000ff700000| Untracked 
|  56|0x00000000ff800000, 0x00000000ff800000, 0x00000000ff900000|  0%| F|  |TAMS 0x00000000ff800000, 0x00000000ff800000| Untracked 
|  57|0x00000000ff900000, 0x00000000ff900000, 0x00000000ffa00000|  0%| F|  |TAMS 0x00000000ff900000, 0x00000000ff900000| Untracked 
|  58|0x00000000ffa00000, 0x00000000ffa00000, 0x00000000ffb00000|  0%| F|  |TAMS 0x00000000ffa00000, 0x00000000ffa00000| Untracked 
|  59|0x00000000ffb00000, 0x00000000ffb00000, 0x00000000ffc00000|  0%| F|  |TAMS 0x00000000ffb00000, 0x00000000ffb00000| Untracked 
|  60|0x00000000ffc00000, 0x00000000ffc00000, 0x00000000ffd00000|  0%| F|  |TAMS 0x00000000ffc00000, 0x00000000ffc00000| Untracked 
|  61|0x00000000ffd00000, 0x00000000ffd00000, 0x00000000ffe00000|  0%| F|  |TAMS 0x00000000ffd00000, 0x00000000ffd00000| Untracked 
|  62|0x00000000ffe00000, 0x00000000ffe9b028, 0x00000000fff00000| 60%| E|  |TAMS 0x00000000ffe00000, 0x00000000ffe00000| Complete 
|  63|0x00000000fff00000, 0x0000000100000000, 0x0000000100000000|100%| E|CS|TAMS 0x00000000fff00000, 0x00000000fff00000| Complete 

Card table byte_map: [0x0000022579d40000,0x0000022579d60000] _byte_map_base: 0x0000022579560000

Marking Bits (Prev, Next): (CMBitMap*) 0x000002256121a970, (CMBitMap*) 0x000002256121a9b0
 Prev Bits: [0x0000022579d80000, 0x0000022579e80000)
 Next Bits: [0x0000022579e80000, 0x0000022579f80000)

Polling page: 0x00000225612d0000

Metaspace:

Usage:
  Non-class:      1.64 MB used.
      Class:    158.05 KB used.
       Both:      1.79 MB used.

Virtual space:
  Non-class space:       64.00 MB reserved,       1.75 MB (  3%) committed,  1 nodes.
      Class space:        1.00 GB reserved,     192.00 KB ( <1%) committed,  1 nodes.
             Both:        1.06 GB reserved,       1.94 MB ( <1%) committed. 

Chunk freelists:
   Non-Class:  11.73 MB
       Class:  15.69 MB
        Both:  27.42 MB

MaxMetaspaceSize: unlimited
CompressedClassSpaceSize: 1.00 GB
Initial GC threshold: 21.00 MB
Current GC threshold: 21.00 MB
CDS: on
MetaspaceReclaimPolicy: balanced
 - commit_granule_bytes: 65536.
 - commit_granule_words: 8192.
 - virtual_space_node_default_size: 8388608.
 - enlarge_chunks_in_place: 1.
 - new_chunks_are_fully_committed: 0.
 - uncommit_free_chunks: 1.
 - use_allocation_guard: 0.
 - handle_deallocations: 1.


Internal statistics:

num_allocs_failed_limit: 0.
num_arena_births: 14.
num_arena_deaths: 0.
num_vsnodes_births: 2.
num_vsnodes_deaths: 0.
num_space_committed: 31.
num_space_uncommitted: 0.
num_chunks_returned_to_freelist: 0.
num_chunks_taken_from_freelist: 42.
num_chunk_merges: 0.
num_chunk_splits: 20.
num_chunks_enlarged: 13.
num_inconsistent_stats: 0.

CodeHeap 'non-profiled nmethods': size=120000Kb used=220Kb max_used=220Kb free=119779Kb
 bounds [0x0000022571d60000, 0x0000022571fd0000, 0x0000022579290000]
CodeHeap 'profiled nmethods': size=120000Kb used=1130Kb max_used=1130Kb free=118870Kb
 bounds [0x000002256a290000, 0x000002256a500000, 0x00000225717c0000]
CodeHeap 'non-nmethods': size=5760Kb used=1120Kb max_used=1147Kb free=4640Kb
 bounds [0x00000225717c0000, 0x0000022571a30000, 0x0000022571d60000]
 total_blobs=1033 nmethods=631 adapters=315
 compilation: enabled
              stopped_count=0, restarted_count=0
 full_count=0

Compilation events (20 events):
Event: 7.864 Thread 0x000002257c94c460  608   !   4       java.util.zip.ZipFile$Source::checkAndAddEntry (262 bytes)
Event: 9.076 Thread 0x000002257c94c460 nmethod 608 0x0000022571d95410 code [0x0000022571d955c0, 0x0000022571d95f98]
Event: 9.076 Thread 0x000002257c94c460  619       4       java.util.zip.ZipFile$Source::isMetaName (141 bytes)
Event: 9.077 Thread 0x000002257c95e610  621       3       jdk.internal.util.jar.JarIndex::addMapping (21 bytes)
Event: 9.077 Thread 0x000002257c95e610 nmethod 621 0x000002256a39ad10 code [0x000002256a39aec0, 0x000002256a39b058]
Event: 9.078 Thread 0x000002257c94c460 nmethod 619 0x0000022571d96810 code [0x0000022571d969a0, 0x0000022571d96c18]
Event: 9.078 Thread 0x000002257c94c460  514       4       java.util.HashMap::resize (356 bytes)
Event: 9.078 Thread 0x000002257c95e610  622       3       java.lang.StringBuilder::<init> (6 bytes)
Event: 9.078 Thread 0x000002257c95e610 nmethod 622 0x000002256a39b110 code [0x000002256a39b2a0, 0x000002256a39b3e8]
Event: 9.078 Thread 0x000002257c95e610  623       3       java.io.BufferedReader::readLine (7 bytes)
Event: 9.078 Thread 0x000002257c95e610 nmethod 623 0x000002256a39b490 code [0x000002256a39b640, 0x000002256a39b788]
Event: 9.079 Thread 0x000002257c95e610  624       3       java.io.WinNTFileSystem::normalizePrefix (132 bytes)
Event: 9.082 Thread 0x000002257c95e610 nmethod 624 0x000002256a39b810 code [0x000002256a39bc40, 0x000002256a39dcc8]
Event: 9.082 Thread 0x000002257c95e610  628       3       jdk.internal.misc.Unsafe::checkPrimitivePointer (19 bytes)
Event: 9.084 Thread 0x000002257c95e610 nmethod 628 0x000002256a39e910 code [0x000002256a39eb20, 0x000002256a39f148]
Event: 9.084 Thread 0x000002257c95e610  629       3       jdk.internal.misc.Unsafe::checkPointer (19 bytes)
Event: 9.084 Thread 0x000002257c95e610 nmethod 629 0x000002256a39f390 code [0x000002256a39f560, 0x000002256a39f908]
Event: 9.084 Thread 0x000002257c95e610  626       3       java.nio.Buffer::hasRemaining (17 bytes)
Event: 9.084 Thread 0x000002257c95e610 nmethod 626 0x000002256a39fa90 code [0x000002256a39fc20, 0x000002256a39fd98]
Event: 9.084 Thread 0x000002257c95e610  627       3       sun.net.util.IPAddressUtil::scan (92 bytes)

GC Heap History (2 events):
Event: 7.972 GC heap before
{Heap before GC invocations=0 (full 0):
 garbage-first heap   total 65536K, used 22528K [0x00000000fc000000, 0x0000000100000000)
  region size 1024K, 23 young (23552K), 0 survivors (0K)
 Metaspace       used 1807K, committed 1920K, reserved 1114112K
  class space    used 158K, committed 192K, reserved 1048576K
}
Event: 9.075 GC heap after
{Heap after GC invocations=1 (full 0):
 garbage-first heap   total 65536K, used 4248K [0x00000000fc000000, 0x0000000100000000)
  region size 1024K, 3 young (3072K), 3 survivors (3072K)
 Metaspace       used 1807K, committed 1920K, reserved 1114112K
  class space    used 158K, committed 192K, reserved 1048576K
}

Deoptimization events (20 events):
Event: 7.658 Thread 0x00000225611f7930 DEOPT PACKING pc=0x000002256a30d988 sp=0x0000009a81afc460
Event: 7.658 Thread 0x00000225611f7930 DEOPT UNPACKING pc=0x0000022571812b43 sp=0x0000009a81afb978 mode 0
Event: 7.669 Thread 0x00000225611f7930 Uncommon trap: trap_request=0xffffffde fr.pc=0x0000022571d8d9c8 relative=0x00000000000008c8
Event: 7.669 Thread 0x00000225611f7930 Uncommon trap: reason=class_check action=maybe_recompile pc=0x0000022571d8d9c8 method=java.util.HashMap.putVal(ILjava/lang/Object;Ljava/lang/Object;ZZ)Ljava/lang/Object; @ 203 c2
Event: 7.669 Thread 0x00000225611f7930 DEOPT PACKING pc=0x0000022571d8d9c8 sp=0x0000009a81afcb30
Event: 7.669 Thread 0x00000225611f7930 DEOPT UNPACKING pc=0x00000225718123a3 sp=0x0000009a81afca50 mode 2
Event: 7.671 Thread 0x00000225611f7930 Uncommon trap: trap_request=0xffffff45 fr.pc=0x0000022571d832b0 relative=0x0000000000000190
Event: 7.671 Thread 0x00000225611f7930 Uncommon trap: reason=unstable_if action=reinterpret pc=0x0000022571d832b0 method=java.util.zip.ZipFile$Source.isMetaName([BII)Z @ 43 c2
Event: 7.671 Thread 0x00000225611f7930 DEOPT PACKING pc=0x0000022571d832b0 sp=0x0000009a81afc1b0
Event: 7.671 Thread 0x00000225611f7930 DEOPT UNPACKING pc=0x00000225718123a3 sp=0x0000009a81afc158 mode 2
Event: 7.770 Thread 0x00000225611f7930 Uncommon trap: trap_request=0xffffffde fr.pc=0x0000022571d8d9c8 relative=0x00000000000008c8
Event: 7.770 Thread 0x00000225611f7930 Uncommon trap: reason=class_check action=maybe_recompile pc=0x0000022571d8d9c8 method=java.util.HashMap.putVal(ILjava/lang/Object;Ljava/lang/Object;ZZ)Ljava/lang/Object; @ 203 c2
Event: 7.770 Thread 0x00000225611f7930 DEOPT PACKING pc=0x0000022571d8d9c8 sp=0x0000009a81afcb30
Event: 7.770 Thread 0x00000225611f7930 DEOPT UNPACKING pc=0x00000225718123a3 sp=0x0000009a81afca50 mode 2
Event: 7.785 Thread 0x00000225611f7930 Uncommon trap: trap_request=0xffffffde fr.pc=0x0000022571d8c894 relative=0x0000000000000814
Event: 7.785 Thread 0x00000225611f7930 Uncommon trap: reason=class_check action=maybe_recompile pc=0x0000022571d8c894 method=java.util.HashMap.putVal(ILjava/lang/Object;Ljava/lang/Object;ZZ)Ljava/lang/Object; @ 91 c2
Event: 7.785 Thread 0x00000225611f7930 DEOPT PACKING pc=0x0000022571d8c894 sp=0x0000009a81afca90
Event: 7.785 Thread 0x00000225611f7930 DEOPT UNPACKING pc=0x00000225718123a3 sp=0x0000009a81afca40 mode 2
Event: 7.785 Thread 0x00000225611f7930 DEOPT PACKING pc=0x000002256a30d988 sp=0x0000009a81afc330
Event: 7.785 Thread 0x00000225611f7930 DEOPT UNPACKING pc=0x0000022571812b43 sp=0x0000009a81afb838 mode 0

Classes unloaded (0 events):
No events

Classes redefined (0 events):
No events

Internal exceptions (1 events):
Event: 2.537 Thread 0x00000225611f7930 Exception <a 'java/lang/NoSuchMethodError'{0x00000000ffdec320}: 'int java.lang.invoke.DirectMethodHandle$Holder.invokeStaticInit(java.lang.Object, java.lang.Object)'> (0x00000000ffdec320) 
thrown [s\open\src\hotspot\share\interpreter\linkResolver.cpp, line 759]

VM Operations (10 events):
Event: 1.569 Executing VM operation: HandshakeAllThreads
Event: 1.657 Executing VM operation: HandshakeAllThreads done
Event: 2.659 Executing VM operation: Cleanup
Event: 2.659 Executing VM operation: Cleanup done
Event: 5.680 Executing VM operation: Cleanup
Event: 5.680 Executing VM operation: Cleanup done
Event: 6.695 Executing VM operation: Cleanup
Event: 6.695 Executing VM operation: Cleanup done
Event: 7.972 Executing VM operation: G1CollectForAllocation
Event: 9.075 Executing VM operation: G1CollectForAllocation done

Events (20 events):
Event: 2.523 loading class java/io/FilePermissionCollection done
Event: 2.523 loading class java/util/Vector
Event: 2.523 loading class java/util/Vector done
Event: 2.524 loading class java/io/FilePermissionCollection$1
Event: 2.524 loading class java/io/FilePermissionCollection$1 done
Event: 2.712 loading class java/net/MalformedURLException
Event: 2.712 loading class java/net/MalformedURLException done
Event: 2.738 loading class java/io/FileFilter
Event: 2.748 loading class java/io/FileFilter done
Event: 4.997 loading class java/util/AbstractList$Itr
Event: 4.997 loading class java/util/AbstractList$Itr done
Event: 5.015 loading class java/lang/invoke/DirectMethodHandle$Special
Event: 5.015 loading class java/lang/invoke/DirectMethodHandle$Special done
Event: 7.433 Loaded shared library C:\Program Files\Java\jdk-17\bin\jimage.dll
Event: 7.507 loading class java/io/BufferedReader
Event: 7.507 loading class java/io/BufferedReader done
Event: 7.508 loading class sun/nio/cs/StreamDecoder
Event: 7.508 loading class sun/nio/cs/StreamDecoder done
Event: 7.508 loading class sun/nio/cs/UTF_8$Decoder
Event: 7.508 loading class sun/nio/cs/UTF_8$Decoder done


Dynamic libraries:
0x00007ff7a0e70000 - 0x00007ff7a0e80000 	C:\Program Files\Java\jdk-17\bin\java.exe
0x00007ffaafcc0000 - 0x00007ffaafec9000 	C:\Windows\SYSTEM32\ntdll.dll
0x00007ffaaed30000 - 0x00007ffaaeded000 	C:\Windows\System32\KERNEL32.DLL
0x00007ffaad630000 - 0x00007ffaad9b4000 	C:\Windows\System32\KERNELBASE.dll
0x00007ffaad4a0000 - 0x00007ffaad5b1000 	C:\Windows\System32\ucrtbase.dll
0x00007ffaa38b0000 - 0x00007ffaa38cb000 	C:\Program Files\Java\jdk-17\bin\VCRUNTIME140.dll
0x00007ffaa4590000 - 0x00007ffaa45a9000 	C:\Program Files\Java\jdk-17\bin\jli.dll
0x00007ffaaf3f0000 - 0x00007ffaaf49e000 	C:\Windows\System32\ADVAPI32.dll
0x00007ffaaf630000 - 0x00007ffaaf6d3000 	C:\Windows\System32\msvcrt.dll
0x00007ffaaedf0000 - 0x00007ffaaee8e000 	C:\Windows\System32\sechost.dll
0x00007ffaaf890000 - 0x00007ffaaf9b1000 	C:\Windows\System32\RPCRT4.dll
0x00007ffaaf6e0000 - 0x00007ffaaf88d000 	C:\Windows\System32\USER32.dll
0x00007ffaad9c0000 - 0x00007ffaad9e6000 	C:\Windows\System32\win32u.dll
0x00007ffaaf4a0000 - 0x00007ffaaf4ca000 	C:\Windows\System32\GDI32.dll
0x00007ffaad9f0000 - 0x00007ffaadb0e000 	C:\Windows\System32\gdi32full.dll
0x00007ffaad400000 - 0x00007ffaad49d000 	C:\Windows\System32\msvcp_win.dll
0x00007ffa9c9c0000 - 0x00007ffa9cc65000 	C:\Windows\WinSxS\amd64_microsoft.windows.common-controls_6595b64144ccf1df_6.0.22000.120_none_9d947278b86cc467\COMCTL32.dll
0x00007ffaa7390000 - 0x00007ffaa739a000 	C:\Windows\SYSTEM32\VERSION.dll
0x00007ffaadd30000 - 0x00007ffaadd61000 	C:\Windows\System32\IMM32.DLL
0x00007ffaa8c60000 - 0x00007ffaa8c6c000 	C:\Program Files\Java\jdk-17\bin\vcruntime140_1.dll
0x00007ffa89aa0000 - 0x00007ffa89b2e000 	C:\Program Files\Java\jdk-17\bin\msvcp140.dll
0x00007ffa45e50000 - 0x00007ffa46a30000 	C:\Program Files\Java\jdk-17\bin\server\jvm.dll
0x00007ffaaec40000 - 0x00007ffaaec48000 	C:\Windows\System32\PSAPI.DLL
0x00007ffaa7a60000 - 0x00007ffaa7a93000 	C:\Windows\SYSTEM32\WINMM.dll
0x00007ffa91dd0000 - 0x00007ffa91dd9000 	C:\Windows\SYSTEM32\WSOCK32.dll
0x00007ffaadcb0000 - 0x00007ffaadd1f000 	C:\Windows\System32\ws2_32.DLL
0x00007ffaac2b0000 - 0x00007ffaac2c8000 	C:\Windows\SYSTEM32\kernel.appcore.dll
0x00007ffaa7d90000 - 0x00007ffaa7d9a000 	C:\Program Files\Java\jdk-17\bin\jimage.dll
0x00007ffaaac00000 - 0x00007ffaaae21000 	C:\Windows\SYSTEM32\DBGHELP.DLL
0x00007ffa91b00000 - 0x00007ffa91b31000 	C:\Windows\SYSTEM32\dbgcore.DLL
0x00007ffaad380000 - 0x00007ffaad3ff000 	C:\Windows\System32\bcryptPrimitives.dll
0x00007ffaa2970000 - 0x00007ffaa2995000 	C:\Program Files\Java\jdk-17\bin\java.dll
0x00007ffa7dc90000 - 0x00007ffa7dd67000 	C:\Program Files\Java\jdk-17\bin\jsvml.dll
0x00007ffaae470000 - 0x00007ffaaec35000 	C:\Windows\System32\SHELL32.dll
0x00007ffaab230000 - 0x00007ffaaba92000 	C:\Windows\SYSTEM32\windows.storage.dll
0x00007ffaaf070000 - 0x00007ffaaf3e6000 	C:\Windows\System32\combase.dll
0x00007ffaab0c0000 - 0x00007ffaab227000 	C:\Windows\SYSTEM32\wintypes.dll
0x00007ffaaef80000 - 0x00007ffaaf06a000 	C:\Windows\System32\SHCORE.dll
0x00007ffaadc50000 - 0x00007ffaadcad000 	C:\Windows\System32\shlwapi.dll
0x00007ffaad080000 - 0x00007ffaad0a5000 	C:\Windows\SYSTEM32\profapi.dll
0x00007ffaa2b50000 - 0x00007ffaa2b69000 	C:\Program Files\Java\jdk-17\bin\net.dll
0x00007ffaa8700000 - 0x00007ffaa8814000 	C:\Windows\SYSTEM32\WINHTTP.dll
0x00007ffaac760000 - 0x00007ffaac7c7000 	C:\Windows\system32\mswsock.dll
0x00007ffaa0e00000 - 0x00007ffaa0e16000 	C:\Program Files\Java\jdk-17\bin\nio.dll
0x00007ffaa0de0000 - 0x00007ffaa0df8000 	C:\Program Files\Java\jdk-17\bin\zip.dll
0x00007ffaa71c0000 - 0x00007ffaa71d0000 	C:\Program Files\Java\jdk-17\bin\verify.dll

dbghelp: loaded successfully - version: 4.0.5 - missing functions: none
symbol engine: initialized successfully - sym options: 0x614 - pdb path: .;C:\Program Files\Java\jdk-17\bin;C:\Windows\SYSTEM32;C:\Windows\WinSxS\amd64_microsoft.windows.common-controls_6595b64144ccf1df_6.0.22000.120_none_9d947278b86cc467;C:\Program Files\Java\jdk-17\bin\server

VM Arguments:
jvm_args: -Xmx64m -Xms64m -Dorg.gradle.appname=gradlew 
java_command: org.gradle.wrapper.GradleWrapperMain app:installDebug -PreactNativeDevServerPort=8081
java_class_path (initial): E:\workspage\FruitApp\android\\gradle\wrapper\gradle-wrapper.jar
Launcher Type: SUN_STANDARD

[Global flags]
     intx CICompilerCount                          = 4                                         {product} {ergonomic}
     uint ConcGCThreads                            = 2                                         {product} {ergonomic}
     uint G1ConcRefinementThreads                  = 8                                         {product} {ergonomic}
   size_t G1HeapRegionSize                         = 1048576                                   {product} {ergonomic}
    uintx GCDrainStackTargetSize                   = 64                                        {product} {ergonomic}
   size_t InitialHeapSize                          = 67108864                                  {product} {command line}
   size_t MarkStackSize                            = 4194304                                   {product} {ergonomic}
   size_t MaxHeapSize                              = 67108864                                  {product} {command line}
   size_t MaxNewSize                               = 39845888                                  {product} {ergonomic}
   size_t MinHeapDeltaBytes                        = 1048576                                   {product} {ergonomic}
   size_t MinHeapSize                              = 67108864                                  {product} {command line}
    uintx NonNMethodCodeHeapSize                   = 5839372                                {pd product} {ergonomic}
    uintx NonProfiledCodeHeapSize                  = 122909434                              {pd product} {ergonomic}
    uintx ProfiledCodeHeapSize                     = 122909434                              {pd product} {ergonomic}
    uintx ReservedCodeCacheSize                    = 251658240                              {pd product} {ergonomic}
     bool SegmentedCodeCache                       = true                                      {product} {ergonomic}
   size_t SoftMaxHeapSize                          = 67108864                               {manageable} {ergonomic}
     bool UseCompressedClassPointers               = true                           {product lp64_product} {ergonomic}
     bool UseCompressedOops                        = true                           {product lp64_product} {ergonomic}
     bool UseG1GC                                  = true                                      {product} {ergonomic}
     bool UseLargePagesIndividualAllocation        = false                                  {pd product} {ergonomic}

Logging:
Log output configuration:
 #0: stdout all=warning uptime,level,tags
 #1: stderr all=off uptime,level,tags

Environment Variables:
JAVA_HOME=C:\Program Files\Java\jdk-17
CLASSPATH=E:\workspage\FruitApp\android\\gradle\wrapper\gradle-wrapper.jar
PATH=E:\workspage\FruitApp\node_modules\.bin;E:\workspage\FruitApp\node_modules\.bin;E:\workspage\node_modules\.bin;E:\node_modules\.bin;C:\Users\ADMIN\AppData\Roaming\npm\node_modules\npm\node_modules\@npmcli\run-script\lib\node-gyp-bin;C:\Users\ADMIN\AppData\Local\Temp\yarn--1739416085021-0.7921656818983325;E:\workspage\FruitApp\node_modules\.bin;C:\Users\ADMIN\AppData\Local\Yarn\Data\link\node_modules\.bin;C:\Users\ADMIN\AppData\Local\Yarn\bin;C:\Program Files\libexec\lib\node_modules\npm\bin\node-gyp-bin;C:\Program Files\lib\node_modules\npm\bin\node-gyp-bin;C:\Program Files\nodejs\node_modules\npm\bin\node-gyp-bin;C:\Program Files\Microsoft\jdk-17.0.13.11-hotspot\bin;C:\Program Files\Common Files\Oracle\Java\javapath;C:\Windows\system32;C:\Windows;C:\Windows\System32\Wbem;C:\Windows\System32\WindowsPowerShell\v1.0\;C:\Windows\System32\OpenSSH\;C:\jdk11\bin;C:\jdk11\bin;C:\Program Files (x86)\NVIDIA Corporation\PhysX\Common;C:\Program Files\NVIDIA Corporation\NVIDIA NvDLISR;C:\Program Files\dotnet\;C:\Program Files\MySQL\MySQL Shell 8.0\bin\;C:\Users\ADMIN\AppData\Local\Microsoft\WindowsApps;C:\Users\ADMIN\AppData\Local\Programs\Microsoft VS Code\bin;C:\Users\ADMIN\AppData\Roaming\npm;C:\adb;C:\Program Files\Git\cmd;C:\ProgramData\chocolatey\bin;C:\Program Files\nodejs\;C:\Program Files\CMake\bin;C:\Users\ADMIN\Desktop\Scripts\;C:\Users\ADMIN\Desktop\;C:\Program Files\MySQL\MySQL Shell 8.0\bin\;C:\Users\ADMIN\AppData\Local\Microsoft\WindowsApps;C:\jdk11\bin;C:\Users\ADMIN\AppData\Local\Programs\Microsoft VS Code\bin;C:\Program Files\JetBrains\IntelliJ IDEA 2024.3.1.1\bin;;C:\Program Files\JetBrains\IntelliJ IDEA Community Edition 2024.2.4\bin;;C:\Program Files\nodejs;C:\Users\ADMIN\AppData\Roaming\npm;C:\Users\ADMIN\AppData\Local\Android\Sdk\platform-tools;
USERNAME=ADMIN
LANG=en_US.UTF-8
OS=Windows_NT
PROCESSOR_IDENTIFIER=Intel64 Family 6 Model 165 Stepping 2, GenuineIntel



---------------  S Y S T E M  ---------------

OS:
 Windows 11 , 64 bit Build 22000 (10.0.22000.2538)
OS uptime: 23 days 22:40 hours

CPU: total 8 (initial active 8) (4 cores per cpu, 2 threads per core) family 6 model 165 stepping 2 microcode 0xe0, cx8, cmov, fxsr, ht, mmx, 3dnowpref, sse, sse2, sse3, ssse3, sse4.1, sse4.2, popcnt, lzcnt, tsc, tscinvbit, avx, avx2, aes, erms, clmul, bmi1, bmi2, adx, fma, vzeroupper, clflush, clflushopt

Memory: 4k page, system-wide physical 8029M (61M free)
TotalPageFile size 32605M (AvailPageFile size 0M)
current process WorkingSet (physical memory assigned to process): 61M, peak: 63M
current process commit charge ("private bytes"): 154M, peak: 154M

vm_info: Java HotSpot(TM) 64-Bit Server VM (17.0.12+8-LTS-286) for windows-amd64 JRE (17.0.12+8-LTS-286), built on Jun  5 2024 06:46:59 by "mach5one" with MS VC++ 17.6 (VS2022)

END.
