#
# There is insufficient memory for the Java Runtime Environment to continue.
# Native memory allocation (malloc) failed to allocate 32744 bytes for ChunkPool::allocate
# Possible reasons:
#   The system is out of physical RAM or swap space
#   The process is running with CompressedOops enabled, and the Java Heap may be blocking the growth of the native heap
# Possible solutions:
#   Reduce memory load on the system
#   Increase physical memory or swap space
#   Check if swap backing store is full
#   Decrease Java heap size (-Xmx/-Xms)
#   Decrease number of Java threads
#   Decrease Java thread stack sizes (-Xss)
#   Set larger code cache with -XX:ReservedCodeCacheSize=
#   JVM is running with Unscaled Compressed Oops mode in which the Java heap is
#     placed in the first 4GB address space. The Java Heap base address is the
#     maximum limit for the native heap growth. Please use -XX:HeapBaseMinAddress
#     to set the Java Heap base and to place the Java Heap above 4GB virtual address.
# This output file may be truncated or incomplete.
#
#  Out of Memory Error (arena.cpp:78), pid=18400, tid=12784
#
# JRE version: Java(TM) SE Runtime Environment (17.0.12+8) (build 17.0.12+8-LTS-286)
# Java VM: Java HotSpot(TM) 64-Bit Server VM (17.0.12+8-LTS-286, mixed mode, sharing, tiered, compressed oops, compressed class ptrs, g1 gc, windows-amd64)
# No core dump will be written. Minidumps are not enabled by default on client versions of Windows
#

---------------  S U M M A R Y ------------

Command Line: -Xmx64m -Xms64m -Dorg.gradle.appname=gradlew org.gradle.wrapper.GradleWrapperMain app:installDebug -PreactNativeDevServerPort=8081

Host: Intel(R) Core(TM) i5-10300H CPU @ 2.50GHz, 8 cores, 7G,  Windows 11 , 64 bit Build 22000 (10.0.22000.2538)
Time: Thu Feb 13 10:13:54 2025 SE Asia Standard Time elapsed time: 6.117983 seconds (0d 0h 0m 6s)

---------------  T H R E A D  ---------------

Current thread (0x00000216fe4bbb70):  JavaThread "C2 CompilerThread0" daemon [_thread_in_native, id=12784, stack(0x000000729c200000,0x000000729c300000)]


Current CompileTask:
C2:   6118  695   !   4       java.util.zip.ZipFile$Source::getEntryPos (181 bytes)

Stack: [0x000000729c200000,0x000000729c300000]
Native frames: (J=compiled Java code, j=interpreted, Vv=VM code, C=native code)
V  [jvm.dll+0x67a04a]
V  [jvm.dll+0x7da4ed]
V  [jvm.dll+0x7dbe33]
V  [jvm.dll+0x7dc4a3]
V  [jvm.dll+0x24508f]
V  [jvm.dll+0xab9a4]
V  [jvm.dll+0xabd3c]
V  [jvm.dll+0x2174ac]
V  [jvm.dll+0x21536a]
V  [jvm.dll+0x1a2960]
V  [jvm.dll+0x22610b]
V  [jvm.dll+0x2242ab]
V  [jvm.dll+0x79075c]
V  [jvm.dll+0x78abea]
V  [jvm.dll+0x678f35]
C  [ucrtbase.dll+0x26c0c]
C  [KERNEL32.DLL+0x153e0]
C  [ntdll.dll+0x485b]


---------------  P R O C E S S  ---------------

Threads class SMR info:
_java_thread_list=0x00000216fe585700, length=12, elements={
0x00000216e2d776f0, 0x00000216fe4a29a0, 0x00000216fe4a3820, 0x00000216fe4b9180,
0x00000216fe4b9a50, 0x00000216fe4ba410, 0x00000216fe4badd0, 0x00000216fe4bbb70,
0x00000216fe528d30, 0x00000216fe52c270, 0x00000216fe580120, 0x00000216fe5888c0
}

Java Threads: ( => current thread )
  0x00000216e2d776f0 JavaThread "main" [_thread_blocked, id=29308, stack(0x000000729b500000,0x000000729b600000)]
  0x00000216fe4a29a0 JavaThread "Reference Handler" daemon [_thread_blocked, id=7936, stack(0x000000729bc00000,0x000000729bd00000)]
  0x00000216fe4a3820 JavaThread "Finalizer" daemon [_thread_blocked, id=26116, stack(0x000000729bd00000,0x000000729be00000)]
  0x00000216fe4b9180 JavaThread "Signal Dispatcher" daemon [_thread_blocked, id=27188, stack(0x000000729be00000,0x000000729bf00000)]
  0x00000216fe4b9a50 JavaThread "Attach Listener" daemon [_thread_blocked, id=3392, stack(0x000000729bf00000,0x000000729c000000)]
  0x00000216fe4ba410 JavaThread "Service Thread" daemon [_thread_blocked, id=32388, stack(0x000000729c000000,0x000000729c100000)]
  0x00000216fe4badd0 JavaThread "Monitor Deflation Thread" daemon [_thread_blocked, id=22168, stack(0x000000729c100000,0x000000729c200000)]
=>0x00000216fe4bbb70 JavaThread "C2 CompilerThread0" daemon [_thread_in_native, id=12784, stack(0x000000729c200000,0x000000729c300000)]
  0x00000216fe528d30 JavaThread "C1 CompilerThread0" daemon [_thread_in_native, id=31032, stack(0x000000729c300000,0x000000729c400000)]
  0x00000216fe52c270 JavaThread "Sweeper thread" daemon [_thread_blocked, id=15124, stack(0x000000729c400000,0x000000729c500000)]
  0x00000216fe580120 JavaThread "Notification Thread" daemon [_thread_blocked, id=28348, stack(0x000000729c500000,0x000000729c600000)]
  0x00000216fe5888c0 JavaThread "Common-Cleaner" daemon [_thread_blocked, id=24316, stack(0x000000729c700000,0x000000729c800000)]

Other Threads:
  0x00000216fe497a30 VMThread "VM Thread" [stack: 0x000000729bb00000,0x000000729bc00000] [id=14724] _threads_hazard_ptr=0x00000216fe585700
  0x00000216fe584620 WatcherThread [stack: 0x000000729c600000,0x000000729c700000] [id=7932]
  0x00000216e2d9a4c0 GCTaskThread "GC Thread#0" [stack: 0x000000729b600000,0x000000729b700000] [id=4660]
  0x00000216fe87fdd0 GCTaskThread "GC Thread#1" [stack: 0x000000729c800000,0x000000729c900000] [id=16552]
  0x00000216fe9fe3f0 GCTaskThread "GC Thread#2" [stack: 0x000000729c900000,0x000000729ca00000] [id=30508]
  0x00000216fe9fe6b0 GCTaskThread "GC Thread#3" [stack: 0x000000729ca00000,0x000000729cb00000] [id=1876]
  0x00000216e2d9bc10 ConcurrentGCThread "G1 Main Marker" [stack: 0x000000729b700000,0x000000729b800000] [id=1912]
  0x00000216e2d9c620 ConcurrentGCThread "G1 Conc#0" [stack: 0x000000729b800000,0x000000729b900000] [id=30516]
  0x00000216e2df9470 ConcurrentGCThread "G1 Refine#0" [stack: 0x000000729b900000,0x000000729ba00000] [id=11028]
  0x00000216e2dfbeb0 ConcurrentGCThread "G1 Service" [stack: 0x000000729ba00000,0x000000729bb00000] [id=30772]

Threads with active compile tasks:
C2 CompilerThread0     6143  695   !   4       java.util.zip.ZipFile$Source::getEntryPos (181 bytes)
C1 CompilerThread0     6143  694       3       java.lang.Integer::getChars (131 bytes)

VM state: synchronizing (normal execution)

VM Mutex/Monitor currently owned by a thread:  ([mutex/lock_event])
[0x00000216e2d737f0] Threads_lock - owner thread: 0x00000216fe497a30

Heap address: 0x00000000fc000000, size: 64 MB, Compressed Oops mode: 32-bit

CDS archive(s) mapped at: [0x0000021680000000-0x0000021680bd0000-0x0000021680bd0000), size 12386304, SharedBaseAddress: 0x0000021680000000, ArchiveRelocationMode: 1.
Compressed class space mapped at: 0x0000021681000000-0x00000216c1000000, reserved size: 1073741824
Narrow klass base: 0x0000021680000000, Narrow klass shift: 0, Narrow klass range: 0x100000000

GC Precious Log:
 CPUs: 8 total, 8 available
 Memory: 8029M
 Large Page Support: Disabled
 NUMA Support: Disabled
 Compressed Oops: Enabled (32-bit)
 Heap Region Size: 1M
 Heap Min Capacity: 64M
 Heap Initial Capacity: 64M
 Heap Max Capacity: 64M
 Pre-touch: Disabled
 Parallel Workers: 8
 Concurrent Workers: 2
 Concurrent Refinement Workers: 8
 Periodic GC: Disabled

Heap:
 garbage-first heap   total 65536K, used 12248K [0x00000000fc000000, 0x0000000100000000)
  region size 1024K, 8 young (8192K), 3 survivors (3072K)
 Metaspace       used 2101K, committed 2176K, reserved 1114112K
  class space    used 204K, committed 256K, reserved 1048576K

Heap Regions: E=young(eden), S=young(survivor), O=old, HS=humongous(starts), HC=humongous(continues), CS=collection set, F=free, OA=open archive, CA=closed archive, TAMS=top-at-mark-start (previous, next)
|   0|0x00000000fc000000, 0x00000000fc0f6200, 0x00000000fc100000| 96%| O|  |TAMS 0x00000000fc000000, 0x00000000fc000000| Untracked 
|   1|0x00000000fc100000, 0x00000000fc200000, 0x00000000fc200000|100%|HS|  |TAMS 0x00000000fc100000, 0x00000000fc100000| Complete 
|   2|0x00000000fc200000, 0x00000000fc300000, 0x00000000fc300000|100%|HC|  |TAMS 0x00000000fc200000, 0x00000000fc200000| Complete 
|   3|0x00000000fc300000, 0x00000000fc400000, 0x00000000fc400000|100%|HC|  |TAMS 0x00000000fc300000, 0x00000000fc300000| Complete 
|   4|0x00000000fc400000, 0x00000000fc500000, 0x00000000fc500000|100%|HC|  |TAMS 0x00000000fc400000, 0x00000000fc400000| Complete 
|   5|0x00000000fc500000, 0x00000000fc500000, 0x00000000fc600000|  0%| F|  |TAMS 0x00000000fc500000, 0x00000000fc500000| Untracked 
|   6|0x00000000fc600000, 0x00000000fc600000, 0x00000000fc700000|  0%| F|  |TAMS 0x00000000fc600000, 0x00000000fc600000| Untracked 
|   7|0x00000000fc700000, 0x00000000fc700000, 0x00000000fc800000|  0%| F|  |TAMS 0x00000000fc700000, 0x00000000fc700000| Untracked 
|   8|0x00000000fc800000, 0x00000000fc800000, 0x00000000fc900000|  0%| F|  |TAMS 0x00000000fc800000, 0x00000000fc800000| Untracked 
|   9|0x00000000fc900000, 0x00000000fc900000, 0x00000000fca00000|  0%| F|  |TAMS 0x00000000fc900000, 0x00000000fc900000| Untracked 
|  10|0x00000000fca00000, 0x00000000fca00000, 0x00000000fcb00000|  0%| F|  |TAMS 0x00000000fca00000, 0x00000000fca00000| Untracked 
|  11|0x00000000fcb00000, 0x00000000fcb00000, 0x00000000fcc00000|  0%| F|  |TAMS 0x00000000fcb00000, 0x00000000fcb00000| Untracked 
|  12|0x00000000fcc00000, 0x00000000fcc00000, 0x00000000fcd00000|  0%| F|  |TAMS 0x00000000fcc00000, 0x00000000fcc00000| Untracked 
|  13|0x00000000fcd00000, 0x00000000fcd00000, 0x00000000fce00000|  0%| F|  |TAMS 0x00000000fcd00000, 0x00000000fcd00000| Untracked 
|  14|0x00000000fce00000, 0x00000000fce00000, 0x00000000fcf00000|  0%| F|  |TAMS 0x00000000fce00000, 0x00000000fce00000| Untracked 
|  15|0x00000000fcf00000, 0x00000000fcf00000, 0x00000000fd000000|  0%| F|  |TAMS 0x00000000fcf00000, 0x00000000fcf00000| Untracked 
|  16|0x00000000fd000000, 0x00000000fd000000, 0x00000000fd100000|  0%| F|  |TAMS 0x00000000fd000000, 0x00000000fd000000| Untracked 
|  17|0x00000000fd100000, 0x00000000fd100000, 0x00000000fd200000|  0%| F|  |TAMS 0x00000000fd100000, 0x00000000fd100000| Untracked 
|  18|0x00000000fd200000, 0x00000000fd200000, 0x00000000fd300000|  0%| F|  |TAMS 0x00000000fd200000, 0x00000000fd200000| Untracked 
|  19|0x00000000fd300000, 0x00000000fd300000, 0x00000000fd400000|  0%| F|  |TAMS 0x00000000fd300000, 0x00000000fd300000| Untracked 
|  20|0x00000000fd400000, 0x00000000fd400000, 0x00000000fd500000|  0%| F|  |TAMS 0x00000000fd400000, 0x00000000fd400000| Untracked 
|  21|0x00000000fd500000, 0x00000000fd500000, 0x00000000fd600000|  0%| F|  |TAMS 0x00000000fd500000, 0x00000000fd500000| Untracked 
|  22|0x00000000fd600000, 0x00000000fd600000, 0x00000000fd700000|  0%| F|  |TAMS 0x00000000fd600000, 0x00000000fd600000| Untracked 
|  23|0x00000000fd700000, 0x00000000fd700000, 0x00000000fd800000|  0%| F|  |TAMS 0x00000000fd700000, 0x00000000fd700000| Untracked 
|  24|0x00000000fd800000, 0x00000000fd800000, 0x00000000fd900000|  0%| F|  |TAMS 0x00000000fd800000, 0x00000000fd800000| Untracked 
|  25|0x00000000fd900000, 0x00000000fd900000, 0x00000000fda00000|  0%| F|  |TAMS 0x00000000fd900000, 0x00000000fd900000| Untracked 
|  26|0x00000000fda00000, 0x00000000fda00000, 0x00000000fdb00000|  0%| F|  |TAMS 0x00000000fda00000, 0x00000000fda00000| Untracked 
|  27|0x00000000fdb00000, 0x00000000fdb00000, 0x00000000fdc00000|  0%| F|  |TAMS 0x00000000fdb00000, 0x00000000fdb00000| Untracked 
|  28|0x00000000fdc00000, 0x00000000fdc00000, 0x00000000fdd00000|  0%| F|  |TAMS 0x00000000fdc00000, 0x00000000fdc00000| Untracked 
|  29|0x00000000fdd00000, 0x00000000fdd00000, 0x00000000fde00000|  0%| F|  |TAMS 0x00000000fdd00000, 0x00000000fdd00000| Untracked 
|  30|0x00000000fde00000, 0x00000000fde00000, 0x00000000fdf00000|  0%| F|  |TAMS 0x00000000fde00000, 0x00000000fde00000| Untracked 
|  31|0x00000000fdf00000, 0x00000000fdf00000, 0x00000000fe000000|  0%| F|  |TAMS 0x00000000fdf00000, 0x00000000fdf00000| Untracked 
|  32|0x00000000fe000000, 0x00000000fe000000, 0x00000000fe100000|  0%| F|  |TAMS 0x00000000fe000000, 0x00000000fe000000| Untracked 
|  33|0x00000000fe100000, 0x00000000fe100000, 0x00000000fe200000|  0%| F|  |TAMS 0x00000000fe100000, 0x00000000fe100000| Untracked 
|  34|0x00000000fe200000, 0x00000000fe200000, 0x00000000fe300000|  0%| F|  |TAMS 0x00000000fe200000, 0x00000000fe200000| Untracked 
|  35|0x00000000fe300000, 0x00000000fe300000, 0x00000000fe400000|  0%| F|  |TAMS 0x00000000fe300000, 0x00000000fe300000| Untracked 
|  36|0x00000000fe400000, 0x00000000fe400000, 0x00000000fe500000|  0%| F|  |TAMS 0x00000000fe400000, 0x00000000fe400000| Untracked 
|  37|0x00000000fe500000, 0x00000000fe500000, 0x00000000fe600000|  0%| F|  |TAMS 0x00000000fe500000, 0x00000000fe500000| Untracked 
|  38|0x00000000fe600000, 0x00000000fe700000, 0x00000000fe700000|100%| S|CS|TAMS 0x00000000fe600000, 0x00000000fe600000| Complete 
|  39|0x00000000fe700000, 0x00000000fe800000, 0x00000000fe800000|100%| S|CS|TAMS 0x00000000fe700000, 0x00000000fe700000| Complete 
|  40|0x00000000fe800000, 0x00000000fe900000, 0x00000000fe900000|100%| S|CS|TAMS 0x00000000fe800000, 0x00000000fe800000| Complete 
|  41|0x00000000fe900000, 0x00000000fe900000, 0x00000000fea00000|  0%| F|  |TAMS 0x00000000fe900000, 0x00000000fe900000| Untracked 
|  42|0x00000000fea00000, 0x00000000fea00000, 0x00000000feb00000|  0%| F|  |TAMS 0x00000000fea00000, 0x00000000fea00000| Untracked 
|  43|0x00000000feb00000, 0x00000000feb00000, 0x00000000fec00000|  0%| F|  |TAMS 0x00000000feb00000, 0x00000000feb00000| Untracked 
|  44|0x00000000fec00000, 0x00000000fec00000, 0x00000000fed00000|  0%| F|  |TAMS 0x00000000fec00000, 0x00000000fec00000| Untracked 
|  45|0x00000000fed00000, 0x00000000fed00000, 0x00000000fee00000|  0%| F|  |TAMS 0x00000000fed00000, 0x00000000fed00000| Untracked 
|  46|0x00000000fee00000, 0x00000000fee00000, 0x00000000fef00000|  0%| F|  |TAMS 0x00000000fee00000, 0x00000000fee00000| Untracked 
|  47|0x00000000fef00000, 0x00000000fef00000, 0x00000000ff000000|  0%| F|  |TAMS 0x00000000fef00000, 0x00000000fef00000| Untracked 
|  48|0x00000000ff000000, 0x00000000ff000000, 0x00000000ff100000|  0%| F|  |TAMS 0x00000000ff000000, 0x00000000ff000000| Untracked 
|  49|0x00000000ff100000, 0x00000000ff100000, 0x00000000ff200000|  0%| F|  |TAMS 0x00000000ff100000, 0x00000000ff100000| Untracked 
|  50|0x00000000ff200000, 0x00000000ff200000, 0x00000000ff300000|  0%| F|  |TAMS 0x00000000ff200000, 0x00000000ff200000| Untracked 
|  51|0x00000000ff300000, 0x00000000ff300000, 0x00000000ff400000|  0%| F|  |TAMS 0x00000000ff300000, 0x00000000ff300000| Untracked 
|  52|0x00000000ff400000, 0x00000000ff400000, 0x00000000ff500000|  0%| F|  |TAMS 0x00000000ff400000, 0x00000000ff400000| Untracked 
|  53|0x00000000ff500000, 0x00000000ff500000, 0x00000000ff600000|  0%| F|  |TAMS 0x00000000ff500000, 0x00000000ff500000| Untracked 
|  54|0x00000000ff600000, 0x00000000ff600000, 0x00000000ff700000|  0%| F|  |TAMS 0x00000000ff600000, 0x00000000ff600000| Untracked 
|  55|0x00000000ff700000, 0x00000000ff700000, 0x00000000ff800000|  0%| F|  |TAMS 0x00000000ff700000, 0x00000000ff700000| Untracked 
|  56|0x00000000ff800000, 0x00000000ff800000, 0x00000000ff900000|  0%| F|  |TAMS 0x00000000ff800000, 0x00000000ff800000| Untracked 
|  57|0x00000000ff900000, 0x00000000ff900000, 0x00000000ffa00000|  0%| F|  |TAMS 0x00000000ff900000, 0x00000000ff900000| Untracked 
|  58|0x00000000ffa00000, 0x00000000ffa00000, 0x00000000ffb00000|  0%| F|  |TAMS 0x00000000ffa00000, 0x00000000ffa00000| Untracked 
|  59|0x00000000ffb00000, 0x00000000ffc00000, 0x00000000ffc00000|100%| E|  |TAMS 0x00000000ffb00000, 0x00000000ffb00000| Complete 
|  60|0x00000000ffc00000, 0x00000000ffd00000, 0x00000000ffd00000|100%| E|CS|TAMS 0x00000000ffc00000, 0x00000000ffc00000| Complete 
|  61|0x00000000ffd00000, 0x00000000ffe00000, 0x00000000ffe00000|100%| E|CS|TAMS 0x00000000ffd00000, 0x00000000ffd00000| Complete 
|  62|0x00000000ffe00000, 0x00000000fff00000, 0x00000000fff00000|100%| E|CS|TAMS 0x00000000ffe00000, 0x00000000ffe00000| Complete 
|  63|0x00000000fff00000, 0x0000000100000000, 0x0000000100000000|100%| E|CS|TAMS 0x00000000fff00000, 0x00000000fff00000| Complete 

Card table byte_map: [0x00000216fb8b0000,0x00000216fb8d0000] _byte_map_base: 0x00000216fb0d0000

Marking Bits (Prev, Next): (CMBitMap*) 0x00000216e2d9aae0, (CMBitMap*) 0x00000216e2d9ab20
 Prev Bits: [0x00000216fb8f0000, 0x00000216fb9f0000)
 Next Bits: [0x00000216fb9f0000, 0x00000216fbaf0000)

Polling page: 0x00000216ebdf0000

Metaspace:

Usage:
  Non-class:      1.85 MB used.
      Class:    204.34 KB used.
       Both:      2.05 MB used.

Virtual space:
  Non-class space:       64.00 MB reserved,       1.88 MB (  3%) committed,  1 nodes.
      Class space:        1.00 GB reserved,     256.00 KB ( <1%) committed,  1 nodes.
             Both:        1.06 GB reserved,       2.12 MB ( <1%) committed. 

Chunk freelists:
   Non-Class:  11.56 MB
       Class:  15.64 MB
        Both:  27.20 MB

MaxMetaspaceSize: unlimited
CompressedClassSpaceSize: 1.00 GB
Initial GC threshold: 21.00 MB
Current GC threshold: 21.00 MB
CDS: on
MetaspaceReclaimPolicy: balanced
 - commit_granule_bytes: 65536.
 - commit_granule_words: 8192.
 - virtual_space_node_default_size: 8388608.
 - enlarge_chunks_in_place: 1.
 - new_chunks_are_fully_committed: 0.
 - uncommit_free_chunks: 1.
 - use_allocation_guard: 0.
 - handle_deallocations: 1.


Internal statistics:

num_allocs_failed_limit: 0.
num_arena_births: 14.
num_arena_deaths: 0.
num_vsnodes_births: 2.
num_vsnodes_deaths: 0.
num_space_committed: 34.
num_space_uncommitted: 0.
num_chunks_returned_to_freelist: 0.
num_chunks_taken_from_freelist: 54.
num_chunk_merges: 0.
num_chunk_splits: 31.
num_chunks_enlarged: 26.
num_inconsistent_stats: 0.

CodeHeap 'non-profiled nmethods': size=120000Kb used=273Kb max_used=273Kb free=119726Kb
 bounds [0x00000216f38e0000, 0x00000216f3b50000, 0x00000216fae10000]
CodeHeap 'profiled nmethods': size=120000Kb used=1202Kb max_used=1202Kb free=118797Kb
 bounds [0x00000216ebe10000, 0x00000216ec080000, 0x00000216f3340000]
CodeHeap 'non-nmethods': size=5760Kb used=1120Kb max_used=1147Kb free=4639Kb
 bounds [0x00000216f3340000, 0x00000216f35b0000, 0x00000216f38e0000]
 total_blobs=1096 nmethods=693 adapters=316
 compilation: enabled
              stopped_count=0, restarted_count=0
 full_count=0

Compilation events (20 events):
Event: 5.418 Thread 0x00000216fe528d30 nmethod 689 0x00000216ebf3b610 code [0x00000216ebf3b7c0, 0x00000216ebf3b978]
Event: 5.419 Thread 0x00000216fe528d30  692       3       jdk.internal.loader.URLClassPath::getResource (74 bytes)
Event: 5.419 Thread 0x00000216fe528d30 nmethod 692 0x00000216ebf3ba10 code [0x00000216ebf3bbe0, 0x00000216ebf3bf38]
Event: 5.419 Thread 0x00000216fe528d30  690       3       java.lang.ClassLoader::loadClass (7 bytes)
Event: 5.419 Thread 0x00000216fe528d30 nmethod 690 0x00000216ebf3c090 code [0x00000216ebf3c240, 0x00000216ebf3c408]
Event: 5.420 Thread 0x00000216fe528d30  691       3       jdk.internal.loader.BuiltinClassLoader::loadClass (22 bytes)
Event: 5.420 Thread 0x00000216fe528d30 nmethod 691 0x00000216ebf3c490 code [0x00000216ebf3c640, 0x00000216ebf3c8f8]
Event: 5.421 Thread 0x00000216fe528d30  693       1       java.util.jar.Manifest::getMainAttributes (5 bytes)
Event: 5.421 Thread 0x00000216fe528d30 nmethod 693 0x00000216f391fd90 code [0x00000216f391ff20, 0x00000216f391fff8]
Event: 5.439 Thread 0x00000216fe4bbb70 nmethod 649% 0x00000216f3920090 code [0x00000216f3920300, 0x00000216f3921f60]
Event: 5.440 Thread 0x00000216fe4bbb70  672 %     4       java.lang.StringLatin1::replace @ 13 (198 bytes)
Event: 5.464 Thread 0x00000216fe4bbb70 nmethod 672% 0x00000216f3922e90 code [0x00000216f3923040, 0x00000216f3923668]
Event: 5.464 Thread 0x00000216fe4bbb70  682 %     4       java.lang.StringCoding::hasNegatives @ 2 (25 bytes)
Event: 5.470 Thread 0x00000216fe4bbb70 nmethod 682% 0x00000216f3923990 code [0x00000216f3923b20, 0x00000216f3923d38]
Event: 5.470 Thread 0x00000216fe4bbb70  666       4       java.lang.AbstractStringBuilder::isLatin1 (19 bytes)
Event: 5.470 Thread 0x00000216fe4bbb70 nmethod 666 0x00000216f3923e90 code [0x00000216f3924000, 0x00000216f3924098]
Event: 5.470 Thread 0x00000216fe4bbb70  662       4       java.lang.StringLatin1::hashCode (42 bytes)
Event: 5.474 Thread 0x00000216fe4bbb70 nmethod 662 0x00000216f3924190 code [0x00000216f3924300, 0x00000216f3924478]
Event: 5.889 Thread 0x00000216fe528d30  694       3       java.lang.Integer::getChars (131 bytes)
Event: 5.889 Thread 0x00000216fe4bbb70  695   !   4       java.util.zip.ZipFile$Source::getEntryPos (181 bytes)

GC Heap History (2 events):
Event: 4.772 GC heap before
{Heap before GC invocations=0 (full 0):
 garbage-first heap   total 65536K, used 22528K [0x00000000fc000000, 0x0000000100000000)
  region size 1024K, 23 young (23552K), 0 survivors (0K)
 Metaspace       used 1779K, committed 1920K, reserved 1114112K
  class space    used 158K, committed 192K, reserved 1048576K
}
Event: 5.114 GC heap after
{Heap after GC invocations=1 (full 0):
 garbage-first heap   total 65536K, used 4056K [0x00000000fc000000, 0x0000000100000000)
  region size 1024K, 3 young (3072K), 3 survivors (3072K)
 Metaspace       used 1779K, committed 1920K, reserved 1114112K
  class space    used 158K, committed 192K, reserved 1048576K
}

Deoptimization events (20 events):
Event: 5.372 Thread 0x00000216e2d776f0 Uncommon trap: trap_request=0xffffff45 fr.pc=0x00000216f3916748 relative=0x0000000000000508
Event: 5.372 Thread 0x00000216e2d776f0 Uncommon trap: reason=unstable_if action=reinterpret pc=0x00000216f3916748 method=java.util.zip.ZipCoder$UTF8ZipCoder.checkedHash([BII)I @ 27 c2
Event: 5.372 Thread 0x00000216e2d776f0 DEOPT PACKING pc=0x00000216f3916748 sp=0x000000729b5fc270
Event: 5.372 Thread 0x00000216e2d776f0 DEOPT UNPACKING pc=0x00000216f33923a3 sp=0x000000729b5fc148 mode 2
Event: 5.373 Thread 0x00000216e2d776f0 Uncommon trap: trap_request=0xffffff45 fr.pc=0x00000216f38e8bb8 relative=0x00000000000001b8
Event: 5.373 Thread 0x00000216e2d776f0 Uncommon trap: reason=unstable_if action=reinterpret pc=0x00000216f38e8bb8 method=java.lang.String.hashCode()I @ 20 c2
Event: 5.373 Thread 0x00000216e2d776f0 DEOPT PACKING pc=0x00000216f38e8bb8 sp=0x000000729b5fc080
Event: 5.373 Thread 0x00000216e2d776f0 DEOPT UNPACKING pc=0x00000216f33923a3 sp=0x000000729b5fc010 mode 2
Event: 5.373 Thread 0x00000216e2d776f0 Uncommon trap: trap_request=0xffffff45 fr.pc=0x00000216f39177b0 relative=0x0000000000000190
Event: 5.373 Thread 0x00000216e2d776f0 Uncommon trap: reason=unstable_if action=reinterpret pc=0x00000216f39177b0 method=java.util.zip.ZipFile$Source.isMetaName([BII)Z @ 57 c2
Event: 5.373 Thread 0x00000216e2d776f0 DEOPT PACKING pc=0x00000216f39177b0 sp=0x000000729b5fc290
Event: 5.373 Thread 0x00000216e2d776f0 DEOPT UNPACKING pc=0x00000216f33923a3 sp=0x000000729b5fc220 mode 2
Event: 5.397 Thread 0x00000216e2d776f0 DEOPT PACKING pc=0x00000216ebe10c02 sp=0x000000729b5fa310
Event: 5.397 Thread 0x00000216e2d776f0 DEOPT UNPACKING pc=0x00000216f3392b43 sp=0x000000729b5f9788 mode 0
Event: 5.406 Thread 0x00000216e2d776f0 DEOPT PACKING pc=0x00000216ebe10c02 sp=0x000000729b5f99e0
Event: 5.406 Thread 0x00000216e2d776f0 DEOPT UNPACKING pc=0x00000216f3392b43 sp=0x000000729b5f8e58 mode 0
Event: 5.410 Thread 0x00000216e2d776f0 DEOPT PACKING pc=0x00000216ebe10c02 sp=0x000000729b5f79f0
Event: 5.410 Thread 0x00000216e2d776f0 DEOPT UNPACKING pc=0x00000216f3392b43 sp=0x000000729b5f6e68 mode 0
Event: 5.415 Thread 0x00000216e2d776f0 DEOPT PACKING pc=0x00000216ebe10c02 sp=0x000000729b5fcd90
Event: 5.415 Thread 0x00000216e2d776f0 DEOPT UNPACKING pc=0x00000216f3392b43 sp=0x000000729b5fc208 mode 0

Classes unloaded (0 events):
No events

Classes redefined (0 events):
No events

Internal exceptions (1 events):
Event: 0.865 Thread 0x00000216e2d776f0 Exception <a 'java/lang/NoSuchMethodError'{0x00000000ffc4f368}: 'int java.lang.invoke.DirectMethodHandle$Holder.invokeStaticInit(java.lang.Object, java.lang.Object)'> (0x00000000ffc4f368) 
thrown [s\open\src\hotspot\share\interpreter\linkResolver.cpp, line 759]

VM Operations (8 events):
Event: 1.478 Executing VM operation: Cleanup
Event: 1.478 Executing VM operation: Cleanup done
Event: 2.492 Executing VM operation: Cleanup
Event: 2.492 Executing VM operation: Cleanup done
Event: 3.507 Executing VM operation: Cleanup
Event: 3.507 Executing VM operation: Cleanup done
Event: 4.772 Executing VM operation: G1CollectForAllocation
Event: 5.116 Executing VM operation: G1CollectForAllocation done

Events (20 events):
Event: 0.850 loading class java/util/Vector done
Event: 0.850 loading class java/io/FilePermissionCollection$1
Event: 0.850 loading class java/io/FilePermissionCollection$1 done
Event: 0.929 loading class java/net/MalformedURLException
Event: 0.929 loading class java/net/MalformedURLException done
Event: 0.931 loading class java/io/FileFilter
Event: 0.931 loading class java/io/FileFilter done
Event: 1.718 loading class java/util/AbstractList$Itr
Event: 1.719 loading class java/util/AbstractList$Itr done
Event: 1.760 loading class java/lang/invoke/DirectMethodHandle$Special
Event: 1.760 loading class java/lang/invoke/DirectMethodHandle$Special done
Event: 4.349 Loaded shared library C:\Program Files\Java\jdk-17\bin\jimage.dll
Event: 4.423 loading class java/io/BufferedReader
Event: 4.423 loading class java/io/BufferedReader done
Event: 4.423 loading class sun/nio/cs/StreamDecoder
Event: 4.424 loading class sun/nio/cs/StreamDecoder done
Event: 4.424 loading class sun/nio/cs/UTF_8$Decoder
Event: 4.425 loading class sun/nio/cs/UTF_8$Decoder done
Event: 5.416 loading class java/util/concurrent/atomic/AtomicReference
Event: 5.416 loading class java/util/concurrent/atomic/AtomicReference done


Dynamic libraries:
0x00007ff7a0e70000 - 0x00007ff7a0e80000 	C:\Program Files\Java\jdk-17\bin\java.exe
0x00007ffaafcc0000 - 0x00007ffaafec9000 	C:\Windows\SYSTEM32\ntdll.dll
0x00007ffaaed30000 - 0x00007ffaaeded000 	C:\Windows\System32\KERNEL32.DLL
0x00007ffaad630000 - 0x00007ffaad9b4000 	C:\Windows\System32\KERNELBASE.dll
0x00007ffaad4a0000 - 0x00007ffaad5b1000 	C:\Windows\System32\ucrtbase.dll
0x00007ffaa4590000 - 0x00007ffaa45a9000 	C:\Program Files\Java\jdk-17\bin\jli.dll
0x00007ffaaf3f0000 - 0x00007ffaaf49e000 	C:\Windows\System32\ADVAPI32.dll
0x00007ffaaf630000 - 0x00007ffaaf6d3000 	C:\Windows\System32\msvcrt.dll
0x00007ffaaedf0000 - 0x00007ffaaee8e000 	C:\Windows\System32\sechost.dll
0x00007ffaaf890000 - 0x00007ffaaf9b1000 	C:\Windows\System32\RPCRT4.dll
0x00007ffaaf6e0000 - 0x00007ffaaf88d000 	C:\Windows\System32\USER32.dll
0x00007ffaad9c0000 - 0x00007ffaad9e6000 	C:\Windows\System32\win32u.dll
0x00007ffaa38b0000 - 0x00007ffaa38cb000 	C:\Program Files\Java\jdk-17\bin\VCRUNTIME140.dll
0x00007ffa9c9c0000 - 0x00007ffa9cc65000 	C:\Windows\WinSxS\amd64_microsoft.windows.common-controls_6595b64144ccf1df_6.0.22000.120_none_9d947278b86cc467\COMCTL32.dll
0x00007ffaaf4a0000 - 0x00007ffaaf4ca000 	C:\Windows\System32\GDI32.dll
0x00007ffaad9f0000 - 0x00007ffaadb0e000 	C:\Windows\System32\gdi32full.dll
0x00007ffaad400000 - 0x00007ffaad49d000 	C:\Windows\System32\msvcp_win.dll
0x00007ffaa7390000 - 0x00007ffaa739a000 	C:\Windows\SYSTEM32\VERSION.dll
0x00007ffaadd30000 - 0x00007ffaadd61000 	C:\Windows\System32\IMM32.DLL
0x00007ffaa8c60000 - 0x00007ffaa8c6c000 	C:\Program Files\Java\jdk-17\bin\vcruntime140_1.dll
0x00007ffa89aa0000 - 0x00007ffa89b2e000 	C:\Program Files\Java\jdk-17\bin\msvcp140.dll
0x00007ffa45e50000 - 0x00007ffa46a30000 	C:\Program Files\Java\jdk-17\bin\server\jvm.dll
0x00007ffaaec40000 - 0x00007ffaaec48000 	C:\Windows\System32\PSAPI.DLL
0x00007ffa91dd0000 - 0x00007ffa91dd9000 	C:\Windows\SYSTEM32\WSOCK32.dll
0x00007ffaadcb0000 - 0x00007ffaadd1f000 	C:\Windows\System32\WS2_32.dll
0x00007ffaa7a60000 - 0x00007ffaa7a93000 	C:\Windows\SYSTEM32\WINMM.dll
0x00007ffaac2b0000 - 0x00007ffaac2c8000 	C:\Windows\SYSTEM32\kernel.appcore.dll
0x00007ffaa7d90000 - 0x00007ffaa7d9a000 	C:\Program Files\Java\jdk-17\bin\jimage.dll
0x00007ffaaac00000 - 0x00007ffaaae21000 	C:\Windows\SYSTEM32\DBGHELP.DLL
0x00007ffa91b00000 - 0x00007ffa91b31000 	C:\Windows\SYSTEM32\dbgcore.DLL
0x00007ffaad380000 - 0x00007ffaad3ff000 	C:\Windows\System32\bcryptPrimitives.dll
0x00007ffaa2970000 - 0x00007ffaa2995000 	C:\Program Files\Java\jdk-17\bin\java.dll
0x00007ffa7dc90000 - 0x00007ffa7dd67000 	C:\Program Files\Java\jdk-17\bin\jsvml.dll
0x00007ffaae470000 - 0x00007ffaaec35000 	C:\Windows\System32\SHELL32.dll
0x00007ffaab230000 - 0x00007ffaaba92000 	C:\Windows\SYSTEM32\windows.storage.dll
0x00007ffaaf070000 - 0x00007ffaaf3e6000 	C:\Windows\System32\combase.dll
0x00007ffaab0c0000 - 0x00007ffaab227000 	C:\Windows\SYSTEM32\wintypes.dll
0x00007ffaaef80000 - 0x00007ffaaf06a000 	C:\Windows\System32\SHCORE.dll
0x00007ffaadc50000 - 0x00007ffaadcad000 	C:\Windows\System32\shlwapi.dll
0x00007ffaad080000 - 0x00007ffaad0a5000 	C:\Windows\SYSTEM32\profapi.dll
0x00007ffaa2b50000 - 0x00007ffaa2b69000 	C:\Program Files\Java\jdk-17\bin\net.dll
0x00007ffaa8700000 - 0x00007ffaa8814000 	C:\Windows\SYSTEM32\WINHTTP.dll
0x00007ffaac760000 - 0x00007ffaac7c7000 	C:\Windows\system32\mswsock.dll
0x00007ffaa0e00000 - 0x00007ffaa0e16000 	C:\Program Files\Java\jdk-17\bin\nio.dll
0x00007ffaa0de0000 - 0x00007ffaa0df8000 	C:\Program Files\Java\jdk-17\bin\zip.dll
0x00007ffaa71c0000 - 0x00007ffaa71d0000 	C:\Program Files\Java\jdk-17\bin\verify.dll

dbghelp: loaded successfully - version: 4.0.5 - missing functions: none
symbol engine: initialized successfully - sym options: 0x614 - pdb path: .;C:\Program Files\Java\jdk-17\bin;C:\Windows\SYSTEM32;C:\Windows\WinSxS\amd64_microsoft.windows.common-controls_6595b64144ccf1df_6.0.22000.120_none_9d947278b86cc467;C:\Program Files\Java\jdk-17\bin\server

VM Arguments:
jvm_args: -Xmx64m -Xms64m -Dorg.gradle.appname=gradlew 
java_command: org.gradle.wrapper.GradleWrapperMain app:installDebug -PreactNativeDevServerPort=8081
java_class_path (initial): E:\workspage\FruitApp\android\\gradle\wrapper\gradle-wrapper.jar
Launcher Type: SUN_STANDARD

[Global flags]
     intx CICompilerCount                          = 4                                         {product} {ergonomic}
     uint ConcGCThreads                            = 2                                         {product} {ergonomic}
     uint G1ConcRefinementThreads                  = 8                                         {product} {ergonomic}
   size_t G1HeapRegionSize                         = 1048576                                   {product} {ergonomic}
    uintx GCDrainStackTargetSize                   = 64                                        {product} {ergonomic}
   size_t InitialHeapSize                          = 67108864                                  {product} {command line}
   size_t MarkStackSize                            = 4194304                                   {product} {ergonomic}
   size_t MaxHeapSize                              = 67108864                                  {product} {command line}
   size_t MaxNewSize                               = 39845888                                  {product} {ergonomic}
   size_t MinHeapDeltaBytes                        = 1048576                                   {product} {ergonomic}
   size_t MinHeapSize                              = 67108864                                  {product} {command line}
    uintx NonNMethodCodeHeapSize                   = 5839372                                {pd product} {ergonomic}
    uintx NonProfiledCodeHeapSize                  = 122909434                              {pd product} {ergonomic}
    uintx ProfiledCodeHeapSize                     = 122909434                              {pd product} {ergonomic}
    uintx ReservedCodeCacheSize                    = 251658240                              {pd product} {ergonomic}
     bool SegmentedCodeCache                       = true                                      {product} {ergonomic}
   size_t SoftMaxHeapSize                          = 67108864                               {manageable} {ergonomic}
     bool UseCompressedClassPointers               = true                           {product lp64_product} {ergonomic}
     bool UseCompressedOops                        = true                           {product lp64_product} {ergonomic}
     bool UseG1GC                                  = true                                      {product} {ergonomic}
     bool UseLargePagesIndividualAllocation        = false                                  {pd product} {ergonomic}

Logging:
Log output configuration:
 #0: stdout all=warning uptime,level,tags
 #1: stderr all=off uptime,level,tags

Environment Variables:
JAVA_HOME=C:\Program Files\Java\jdk-17
CLASSPATH=E:\workspage\FruitApp\android\\gradle\wrapper\gradle-wrapper.jar
PATH=E:\workspage\FruitApp\node_modules\.bin;E:\workspage\FruitApp\node_modules\.bin;E:\workspage\node_modules\.bin;E:\node_modules\.bin;C:\Users\ADMIN\AppData\Roaming\npm\node_modules\npm\node_modules\@npmcli\run-script\lib\node-gyp-bin;C:\Users\ADMIN\AppData\Local\Temp\yarn--1739416085021-0.7921656818983325;E:\workspage\FruitApp\node_modules\.bin;C:\Users\ADMIN\AppData\Local\Yarn\Data\link\node_modules\.bin;C:\Users\ADMIN\AppData\Local\Yarn\bin;C:\Program Files\libexec\lib\node_modules\npm\bin\node-gyp-bin;C:\Program Files\lib\node_modules\npm\bin\node-gyp-bin;C:\Program Files\nodejs\node_modules\npm\bin\node-gyp-bin;C:\Program Files\Microsoft\jdk-17.0.13.11-hotspot\bin;C:\Program Files\Common Files\Oracle\Java\javapath;C:\Windows\system32;C:\Windows;C:\Windows\System32\Wbem;C:\Windows\System32\WindowsPowerShell\v1.0\;C:\Windows\System32\OpenSSH\;C:\jdk11\bin;C:\jdk11\bin;C:\Program Files (x86)\NVIDIA Corporation\PhysX\Common;C:\Program Files\NVIDIA Corporation\NVIDIA NvDLISR;C:\Program Files\dotnet\;C:\Program Files\MySQL\MySQL Shell 8.0\bin\;C:\Users\ADMIN\AppData\Local\Microsoft\WindowsApps;C:\Users\ADMIN\AppData\Local\Programs\Microsoft VS Code\bin;C:\Users\ADMIN\AppData\Roaming\npm;C:\adb;C:\Program Files\Git\cmd;C:\ProgramData\chocolatey\bin;C:\Program Files\nodejs\;C:\Program Files\CMake\bin;C:\Users\ADMIN\Desktop\Scripts\;C:\Users\ADMIN\Desktop\;C:\Program Files\MySQL\MySQL Shell 8.0\bin\;C:\Users\ADMIN\AppData\Local\Microsoft\WindowsApps;C:\jdk11\bin;C:\Users\ADMIN\AppData\Local\Programs\Microsoft VS Code\bin;C:\Program Files\JetBrains\IntelliJ IDEA 2024.3.1.1\bin;;C:\Program Files\JetBrains\IntelliJ IDEA Community Edition 2024.2.4\bin;;C:\Program Files\nodejs;C:\Users\ADMIN\AppData\Roaming\npm;C:\Users\ADMIN\AppData\Local\Android\Sdk\platform-tools;
USERNAME=ADMIN
LANG=en_US.UTF-8
OS=Windows_NT
PROCESSOR_IDENTIFIER=Intel64 Family 6 Model 165 Stepping 2, GenuineIntel



---------------  S Y S T E M  ---------------

OS:
 Windows 11 , 64 bit Build 22000 (10.0.22000.2538)
OS uptime: 23 days 22:40 hours

CPU: total 8 (initial active 8) (4 cores per cpu, 2 threads per core) family 6 model 165 stepping 2 microcode 0xe0, cx8, cmov, fxsr, ht, mmx, 3dnowpref, sse, sse2, sse3, ssse3, sse4.1, sse4.2, popcnt, lzcnt, tsc, tscinvbit, avx, avx2, aes, erms, clmul, bmi1, bmi2, adx, fma, vzeroupper, clflush, clflushopt

Memory: 4k page, system-wide physical 8029M (61M free)
TotalPageFile size 32605M (AvailPageFile size 0M)
current process WorkingSet (physical memory assigned to process): 65M, peak: 74M
current process commit charge ("private bytes"): 152M, peak: 155M

vm_info: Java HotSpot(TM) 64-Bit Server VM (17.0.12+8-LTS-286) for windows-amd64 JRE (17.0.12+8-LTS-286), built on Jun  5 2024 06:46:59 by "mach5one" with MS VC++ 17.6 (VS2022)

END.
