#
# There is insufficient memory for the Java Runtime Environment to continue.
# Native memory allocation (mmap) failed to map 65536 bytes for Failed to commit metaspace.
# Possible reasons:
#   The system is out of physical RAM or swap space
#   The process is running with CompressedOops enabled, and the Java Heap may be blocking the growth of the native heap
# Possible solutions:
#   Reduce memory load on the system
#   Increase physical memory or swap space
#   Check if swap backing store is full
#   Decrease Java heap size (-Xmx/-Xms)
#   Decrease number of Java threads
#   Decrease Java thread stack sizes (-Xss)
#   Set larger code cache with -XX:ReservedCodeCacheSize=
#   JVM is running with Unscaled Compressed Oops mode in which the Java heap is
#     placed in the first 4GB address space. The Java Heap base address is the
#     maximum limit for the native heap growth. Please use -XX:HeapBaseMinAddress
#     to set the Java Heap base and to place the Java Heap above 4GB virtual address.
# This output file may be truncated or incomplete.
#
#  Out of Memory Error (virtualSpaceNode.cpp:110), pid=27256, tid=23736
#
# JRE version: Java(TM) SE Runtime Environment (17.0.12+8) (build 17.0.12+8-LTS-286)
# Java VM: Java HotSpot(TM) 64-Bit Server VM (17.0.12+8-LTS-286, mixed mode, sharing, tiered, compressed oops, compressed class ptrs, g1 gc, windows-amd64)
# No core dump will be written. Minidumps are not enabled by default on client versions of Windows
#

---------------  S U M M A R Y ------------

Command Line: -Xmx64m -Xms64m -Dorg.gradle.appname=gradlew org.gradle.wrapper.GradleWrapperMain app:installDebug -PreactNativeDevServerPort=8081

Host: Intel(R) Core(TM) i5-10300H CPU @ 2.50GHz, 8 cores, 7G,  Windows 11 , 64 bit Build 22000 (10.0.22000.2538)
Time: Thu Feb 13 10:13:54 2025 SE Asia Standard Time elapsed time: 6.607858 seconds (0d 0h 0m 6s)

---------------  T H R E A D  ---------------

Current thread (0x000001644fd881a0):  JavaThread "main" [_thread_in_vm, id=23736, stack(0x0000004a92a00000,0x0000004a92b00000)]

Stack: [0x0000004a92a00000,0x0000004a92b00000]
Native frames: (J=compiled Java code, j=interpreted, Vv=VM code, C=native code)
V  [jvm.dll+0x67a04a]
V  [jvm.dll+0x7da4ed]
V  [jvm.dll+0x7dbe33]
V  [jvm.dll+0x7dc4a3]
V  [jvm.dll+0x24508f]
V  [jvm.dll+0x7d60bb]
V  [jvm.dll+0x6206c6]
V  [jvm.dll+0x1bed07]
V  [jvm.dll+0x623022]
V  [jvm.dll+0x621086]
V  [jvm.dll+0x23936f]
V  [jvm.dll+0x62af35]
V  [jvm.dll+0x1e84b2]
V  [jvm.dll+0x1e89d5]
V  [jvm.dll+0x1e931b]
V  [jvm.dll+0x1dea41]
V  [jvm.dll+0x53f78c]
V  [jvm.dll+0x7553b8]
V  [jvm.dll+0x7554a4]
V  [jvm.dll+0x40d1af]
V  [jvm.dll+0x413c39]
C  [java.dll+0x17ec]

Java frames: (J=compiled Java code, j=interpreted, Vv=VM code)
J 840  java.lang.ClassLoader.defineClass1(Ljava/lang/ClassLoader;Ljava/lang/String;[BIILjava/security/ProtectionDomain;Ljava/lang/String;)Ljava/lang/Class; java.base@17.0.12 (0 bytes) @ 0x000001645f17dd63 [0x000001645f17dca0+0x00000000000000c3]
j  java.lang.ClassLoader.defineClass(Ljava/lang/String;[BIILjava/security/ProtectionDomain;)Ljava/lang/Class;+27 java.base@17.0.12
J 885 c1 java.security.SecureClassLoader.defineClass(Ljava/lang/String;[BIILjava/security/CodeSource;)Ljava/lang/Class; java.base@17.0.12 (16 bytes) @ 0x00000164577faa8c [0x00000164577fa9c0+0x00000000000000cc]
j  java.net.URLClassLoader.defineClass(Ljava/lang/String;Ljdk/internal/loader/Resource;)Ljava/lang/Class;+220 java.base@17.0.12
J 856 c1 java.net.URLClassLoader$1.run()Ljava/lang/Class; java.base@17.0.12 (81 bytes) @ 0x00000164577e4acc [0x00000164577e3ea0+0x0000000000000c2c]
J 839 c1 java.net.URLClassLoader$1.run()Ljava/lang/Object; java.base@17.0.12 (5 bytes) @ 0x00000164577d2ac4 [0x00000164577d2a40+0x0000000000000084]
J 685 c1 java.security.AccessController.doPrivileged(Ljava/security/PrivilegedExceptionAction;Ljava/security/AccessControlContext;)Ljava/lang/Object; java.base@17.0.12 (26 bytes) @ 0x0000016457787c7c [0x0000016457787aa0+0x00000000000001dc]
J 837 c1 java.net.URLClassLoader.findClass(Ljava/lang/String;)Ljava/lang/Class; java.base@17.0.12 (47 bytes) @ 0x00000164577d1d1c [0x00000164577d1b80+0x000000000000019c]
J 766 c1 java.lang.ClassLoader.loadClass(Ljava/lang/String;Z)Ljava/lang/Class; java.base@17.0.12 (121 bytes) @ 0x00000164577a96f4 [0x00000164577a9140+0x00000000000005b4]
J 791 c1 java.lang.ClassLoader.loadClass(Ljava/lang/String;)Ljava/lang/Class; java.base@17.0.12 (7 bytes) @ 0x00000164577c06cc [0x00000164577c05c0+0x000000000000010c]
v  ~StubRoutines::call_stub
J 840  java.lang.ClassLoader.defineClass1(Ljava/lang/ClassLoader;Ljava/lang/String;[BIILjava/security/ProtectionDomain;Ljava/lang/String;)Ljava/lang/Class; java.base@17.0.12 (0 bytes) @ 0x000001645f17dd63 [0x000001645f17dca0+0x00000000000000c3]
j  java.lang.ClassLoader.defineClass(Ljava/lang/String;[BIILjava/security/ProtectionDomain;)Ljava/lang/Class;+27 java.base@17.0.12
J 885 c1 java.security.SecureClassLoader.defineClass(Ljava/lang/String;[BIILjava/security/CodeSource;)Ljava/lang/Class; java.base@17.0.12 (16 bytes) @ 0x00000164577faa8c [0x00000164577fa9c0+0x00000000000000cc]
j  java.net.URLClassLoader.defineClass(Ljava/lang/String;Ljdk/internal/loader/Resource;)Ljava/lang/Class;+220 java.base@17.0.12
J 856 c1 java.net.URLClassLoader$1.run()Ljava/lang/Class; java.base@17.0.12 (81 bytes) @ 0x00000164577e4acc [0x00000164577e3ea0+0x0000000000000c2c]
J 839 c1 java.net.URLClassLoader$1.run()Ljava/lang/Object; java.base@17.0.12 (5 bytes) @ 0x00000164577d2ac4 [0x00000164577d2a40+0x0000000000000084]
J 685 c1 java.security.AccessController.doPrivileged(Ljava/security/PrivilegedExceptionAction;Ljava/security/AccessControlContext;)Ljava/lang/Object; java.base@17.0.12 (26 bytes) @ 0x0000016457787c7c [0x0000016457787aa0+0x00000000000001dc]
J 837 c1 java.net.URLClassLoader.findClass(Ljava/lang/String;)Ljava/lang/Class; java.base@17.0.12 (47 bytes) @ 0x00000164577d1d1c [0x00000164577d1b80+0x000000000000019c]
J 766 c1 java.lang.ClassLoader.loadClass(Ljava/lang/String;Z)Ljava/lang/Class; java.base@17.0.12 (121 bytes) @ 0x00000164577a96f4 [0x00000164577a9140+0x00000000000005b4]
J 791 c1 java.lang.ClassLoader.loadClass(Ljava/lang/String;)Ljava/lang/Class; java.base@17.0.12 (7 bytes) @ 0x00000164577c06cc [0x00000164577c05c0+0x000000000000010c]
v  ~StubRoutines::call_stub
j  org.gradle.internal.logging.slf4j.OutputEventListenerBackedLoggerContext.getLogger(Ljava/lang/String;)Lorg/slf4j/Logger;+25
j  org.slf4j.LoggerFactory.getLogger(Ljava/lang/String;)Lorg/slf4j/Logger;+6
j  org.slf4j.LoggerFactory.getLogger(Ljava/lang/Class;)Lorg/slf4j/Logger;+4
j  org.gradle.api.logging.Logging.getLogger(Ljava/lang/Class;)Lorg/gradle/api/logging/Logger;+1
j  org.gradle.launcher.cli.DebugLoggerWarningAction.<init>(Lorg/gradle/api/logging/configuration/LoggingConfiguration;Lorg/gradle/api/Action;)V+3
j  org.gradle.launcher.cli.DefaultCommandLineActionFactory$WithLogging.execute(Lorg/gradle/launcher/bootstrap/ExecutionListener;)V+292
j  org.gradle.launcher.Main.doAction([Ljava/lang/String;Lorg/gradle/launcher/bootstrap/ExecutionListener;)V+14
j  org.gradle.launcher.bootstrap.EntryPoint.run([Ljava/lang/String;)V+12
v  ~StubRoutines::call_stub
j  jdk.internal.reflect.NativeMethodAccessorImpl.invoke0(Ljava/lang/reflect/Method;Ljava/lang/Object;[Ljava/lang/Object;)Ljava/lang/Object;+0 java.base@17.0.12
j  jdk.internal.reflect.NativeMethodAccessorImpl.invoke(Ljava/lang/Object;[Ljava/lang/Object;)Ljava/lang/Object;+133 java.base@17.0.12
j  jdk.internal.reflect.DelegatingMethodAccessorImpl.invoke(Ljava/lang/Object;[Ljava/lang/Object;)Ljava/lang/Object;+6 java.base@17.0.12
j  java.lang.reflect.Method.invoke(Ljava/lang/Object;[Ljava/lang/Object;)Ljava/lang/Object;+59 java.base@17.0.12
j  org.gradle.launcher.bootstrap.ProcessBootstrap.runNoExit(Ljava/lang/String;Ljava/lang/String;Ljava/lang/String;[Ljava/lang/String;)V+205
j  org.gradle.launcher.bootstrap.ProcessBootstrap.run(Ljava/lang/String;Ljava/lang/String;Ljava/lang/String;[Ljava/lang/String;)V+4
j  org.gradle.launcher.GradleMain.main([Ljava/lang/String;)V+68
v  ~StubRoutines::call_stub
j  jdk.internal.reflect.NativeMethodAccessorImpl.invoke0(Ljava/lang/reflect/Method;Ljava/lang/Object;[Ljava/lang/Object;)Ljava/lang/Object;+0 java.base@17.0.12
j  jdk.internal.reflect.NativeMethodAccessorImpl.invoke(Ljava/lang/Object;[Ljava/lang/Object;)Ljava/lang/Object;+133 java.base@17.0.12
j  jdk.internal.reflect.DelegatingMethodAccessorImpl.invoke(Ljava/lang/Object;[Ljava/lang/Object;)Ljava/lang/Object;+6 java.base@17.0.12
j  java.lang.reflect.Method.invoke(Ljava/lang/Object;[Ljava/lang/Object;)Ljava/lang/Object;+59 java.base@17.0.12
j  org.gradle.wrapper.GradleWrapperMain.main([Ljava/lang/String;)V+1826
v  ~StubRoutines::call_stub

---------------  P R O C E S S  ---------------

Threads class SMR info:
_java_thread_list=0x000001646972ff20, length=12, elements={
0x000001644fd881a0, 0x00000164694ee860, 0x00000164694ef6e0, 0x0000016469507780,
0x0000016469508050, 0x0000016469508a10, 0x00000164695093d0, 0x000001646950cd30,
0x000001646951af70, 0x00000164695247f0, 0x000001646974f0d0, 0x000001646974e1a0
}

Java Threads: ( => current thread )
=>0x000001644fd881a0 JavaThread "main" [_thread_in_vm, id=23736, stack(0x0000004a92a00000,0x0000004a92b00000)]
  0x00000164694ee860 JavaThread "Reference Handler" daemon [_thread_blocked, id=27904, stack(0x0000004a93100000,0x0000004a93200000)]
  0x00000164694ef6e0 JavaThread "Finalizer" daemon [_thread_blocked, id=32772, stack(0x0000004a93200000,0x0000004a93300000)]
  0x0000016469507780 JavaThread "Signal Dispatcher" daemon [_thread_blocked, id=28196, stack(0x0000004a93300000,0x0000004a93400000)]
  0x0000016469508050 JavaThread "Attach Listener" daemon [_thread_blocked, id=25504, stack(0x0000004a93400000,0x0000004a93500000)]
  0x0000016469508a10 JavaThread "Service Thread" daemon [_thread_blocked, id=4588, stack(0x0000004a93500000,0x0000004a93600000)]
  0x00000164695093d0 JavaThread "Monitor Deflation Thread" daemon [_thread_blocked, id=31920, stack(0x0000004a93600000,0x0000004a93700000)]
  0x000001646950cd30 JavaThread "C2 CompilerThread0" daemon [_thread_blocked, id=7024, stack(0x0000004a93700000,0x0000004a93800000)]
  0x000001646951af70 JavaThread "C1 CompilerThread0" daemon [_thread_blocked, id=14512, stack(0x0000004a93800000,0x0000004a93900000)]
  0x00000164695247f0 JavaThread "Sweeper thread" daemon [_thread_blocked, id=33140, stack(0x0000004a93900000,0x0000004a93a00000)]
  0x000001646974f0d0 JavaThread "Notification Thread" daemon [_thread_blocked, id=28356, stack(0x0000004a93a00000,0x0000004a93b00000)]
  0x000001646974e1a0 JavaThread "Common-Cleaner" daemon [_thread_blocked, id=29964, stack(0x0000004a93c00000,0x0000004a93d00000)]

Other Threads:
  0x00000164694e60a0 VMThread "VM Thread" [stack: 0x0000004a93000000,0x0000004a93100000] [id=30356]
  0x00000164697599a0 WatcherThread [stack: 0x0000004a93b00000,0x0000004a93c00000] [id=15324]
  0x000001644fdab880 GCTaskThread "GC Thread#0" [stack: 0x0000004a92b00000,0x0000004a92c00000] [id=13304]
  0x0000016469944bf0 GCTaskThread "GC Thread#1" [stack: 0x0000004a93d00000,0x0000004a93e00000] [id=25680]
  0x0000016469ac7430 GCTaskThread "GC Thread#2" [stack: 0x0000004a93e00000,0x0000004a93f00000] [id=29112]
  0x000001646e336610 GCTaskThread "GC Thread#3" [stack: 0x0000004a93f00000,0x0000004a94000000] [id=8880]
  0x000001644fdacfd0 ConcurrentGCThread "G1 Main Marker" [stack: 0x0000004a92c00000,0x0000004a92d00000] [id=32132]
  0x000001644fdad9e0 ConcurrentGCThread "G1 Conc#0" [stack: 0x0000004a92d00000,0x0000004a92e00000] [id=12528]
  0x000001644fe0a9e0 ConcurrentGCThread "G1 Refine#0" [stack: 0x0000004a92e00000,0x0000004a92f00000] [id=33072]
  0x000001644fe0b410 ConcurrentGCThread "G1 Service" [stack: 0x0000004a92f00000,0x0000004a93000000] [id=23924]

Threads with active compile tasks:

VM state: not at safepoint (normal execution)

VM Mutex/Monitor currently owned by a thread:  ([mutex/lock_event])
[0x000001644fd84b40] Metaspace_lock - owner thread: 0x000001644fd881a0

Heap address: 0x00000000fc000000, size: 64 MB, Compressed Oops mode: 32-bit

CDS archive(s) mapped at: [0x0000016400000000-0x0000016400bd0000-0x0000016400bd0000), size 12386304, SharedBaseAddress: 0x0000016400000000, ArchiveRelocationMode: 1.
Compressed class space mapped at: 0x0000016401000000-0x0000016441000000, reserved size: 1073741824
Narrow klass base: 0x0000016400000000, Narrow klass shift: 0, Narrow klass range: 0x100000000

GC Precious Log:
 CPUs: 8 total, 8 available
 Memory: 8029M
 Large Page Support: Disabled
 NUMA Support: Disabled
 Compressed Oops: Enabled (32-bit)
 Heap Region Size: 1M
 Heap Min Capacity: 64M
 Heap Initial Capacity: 64M
 Heap Max Capacity: 64M
 Pre-touch: Disabled
 Parallel Workers: 8
 Concurrent Workers: 2
 Concurrent Refinement Workers: 8
 Periodic GC: Disabled

Heap:
 garbage-first heap   total 65536K, used 18584K [0x00000000fc000000, 0x0000000100000000)
  region size 1024K, 14 young (14336K), 3 survivors (3072K)
 Metaspace       used 3867K, committed 3968K, reserved 1114112K
  class space    used 466K, committed 512K, reserved 1048576K

Heap Regions: E=young(eden), S=young(survivor), O=old, HS=humongous(starts), HC=humongous(continues), CS=collection set, F=free, OA=open archive, CA=closed archive, TAMS=top-at-mark-start (previous, next)
|   0|0x00000000fc000000, 0x00000000fc100000, 0x00000000fc100000|100%| O|  |TAMS 0x00000000fc000000, 0x00000000fc000000| Untracked 
|   1|0x00000000fc100000, 0x00000000fc126200, 0x00000000fc200000| 14%| O|  |TAMS 0x00000000fc100000, 0x00000000fc100000| Untracked 
|   2|0x00000000fc200000, 0x00000000fc300000, 0x00000000fc300000|100%|HS|  |TAMS 0x00000000fc200000, 0x00000000fc200000| Complete 
|   3|0x00000000fc300000, 0x00000000fc400000, 0x00000000fc400000|100%|HC|  |TAMS 0x00000000fc300000, 0x00000000fc300000| Complete 
|   4|0x00000000fc400000, 0x00000000fc500000, 0x00000000fc500000|100%|HC|  |TAMS 0x00000000fc400000, 0x00000000fc400000| Complete 
|   5|0x00000000fc500000, 0x00000000fc600000, 0x00000000fc600000|100%|HC|  |TAMS 0x00000000fc500000, 0x00000000fc500000| Complete 
|   6|0x00000000fc600000, 0x00000000fc600000, 0x00000000fc700000|  0%| F|  |TAMS 0x00000000fc600000, 0x00000000fc600000| Untracked 
|   7|0x00000000fc700000, 0x00000000fc700000, 0x00000000fc800000|  0%| F|  |TAMS 0x00000000fc700000, 0x00000000fc700000| Untracked 
|   8|0x00000000fc800000, 0x00000000fc800000, 0x00000000fc900000|  0%| F|  |TAMS 0x00000000fc800000, 0x00000000fc800000| Untracked 
|   9|0x00000000fc900000, 0x00000000fc900000, 0x00000000fca00000|  0%| F|  |TAMS 0x00000000fc900000, 0x00000000fc900000| Untracked 
|  10|0x00000000fca00000, 0x00000000fca00000, 0x00000000fcb00000|  0%| F|  |TAMS 0x00000000fca00000, 0x00000000fca00000| Untracked 
|  11|0x00000000fcb00000, 0x00000000fcb00000, 0x00000000fcc00000|  0%| F|  |TAMS 0x00000000fcb00000, 0x00000000fcb00000| Untracked 
|  12|0x00000000fcc00000, 0x00000000fcc00000, 0x00000000fcd00000|  0%| F|  |TAMS 0x00000000fcc00000, 0x00000000fcc00000| Untracked 
|  13|0x00000000fcd00000, 0x00000000fcd00000, 0x00000000fce00000|  0%| F|  |TAMS 0x00000000fcd00000, 0x00000000fcd00000| Untracked 
|  14|0x00000000fce00000, 0x00000000fce00000, 0x00000000fcf00000|  0%| F|  |TAMS 0x00000000fce00000, 0x00000000fce00000| Untracked 
|  15|0x00000000fcf00000, 0x00000000fcf00000, 0x00000000fd000000|  0%| F|  |TAMS 0x00000000fcf00000, 0x00000000fcf00000| Untracked 
|  16|0x00000000fd000000, 0x00000000fd000000, 0x00000000fd100000|  0%| F|  |TAMS 0x00000000fd000000, 0x00000000fd000000| Untracked 
|  17|0x00000000fd100000, 0x00000000fd100000, 0x00000000fd200000|  0%| F|  |TAMS 0x00000000fd100000, 0x00000000fd100000| Untracked 
|  18|0x00000000fd200000, 0x00000000fd200000, 0x00000000fd300000|  0%| F|  |TAMS 0x00000000fd200000, 0x00000000fd200000| Untracked 
|  19|0x00000000fd300000, 0x00000000fd300000, 0x00000000fd400000|  0%| F|  |TAMS 0x00000000fd300000, 0x00000000fd300000| Untracked 
|  20|0x00000000fd400000, 0x00000000fd400000, 0x00000000fd500000|  0%| F|  |TAMS 0x00000000fd400000, 0x00000000fd400000| Untracked 
|  21|0x00000000fd500000, 0x00000000fd500000, 0x00000000fd600000|  0%| F|  |TAMS 0x00000000fd500000, 0x00000000fd500000| Untracked 
|  22|0x00000000fd600000, 0x00000000fd600000, 0x00000000fd700000|  0%| F|  |TAMS 0x00000000fd600000, 0x00000000fd600000| Untracked 
|  23|0x00000000fd700000, 0x00000000fd700000, 0x00000000fd800000|  0%| F|  |TAMS 0x00000000fd700000, 0x00000000fd700000| Untracked 
|  24|0x00000000fd800000, 0x00000000fd800000, 0x00000000fd900000|  0%| F|  |TAMS 0x00000000fd800000, 0x00000000fd800000| Untracked 
|  25|0x00000000fd900000, 0x00000000fd900000, 0x00000000fda00000|  0%| F|  |TAMS 0x00000000fd900000, 0x00000000fd900000| Untracked 
|  26|0x00000000fda00000, 0x00000000fda00000, 0x00000000fdb00000|  0%| F|  |TAMS 0x00000000fda00000, 0x00000000fda00000| Untracked 
|  27|0x00000000fdb00000, 0x00000000fdb00000, 0x00000000fdc00000|  0%| F|  |TAMS 0x00000000fdb00000, 0x00000000fdb00000| Untracked 
|  28|0x00000000fdc00000, 0x00000000fdc00000, 0x00000000fdd00000|  0%| F|  |TAMS 0x00000000fdc00000, 0x00000000fdc00000| Untracked 
|  29|0x00000000fdd00000, 0x00000000fdd00000, 0x00000000fde00000|  0%| F|  |TAMS 0x00000000fdd00000, 0x00000000fdd00000| Untracked 
|  30|0x00000000fde00000, 0x00000000fde00000, 0x00000000fdf00000|  0%| F|  |TAMS 0x00000000fde00000, 0x00000000fde00000| Untracked 
|  31|0x00000000fdf00000, 0x00000000fdf00000, 0x00000000fe000000|  0%| F|  |TAMS 0x00000000fdf00000, 0x00000000fdf00000| Untracked 
|  32|0x00000000fe000000, 0x00000000fe000000, 0x00000000fe100000|  0%| F|  |TAMS 0x00000000fe000000, 0x00000000fe000000| Untracked 
|  33|0x00000000fe100000, 0x00000000fe100000, 0x00000000fe200000|  0%| F|  |TAMS 0x00000000fe100000, 0x00000000fe100000| Untracked 
|  34|0x00000000fe200000, 0x00000000fe200000, 0x00000000fe300000|  0%| F|  |TAMS 0x00000000fe200000, 0x00000000fe200000| Untracked 
|  35|0x00000000fe300000, 0x00000000fe300000, 0x00000000fe400000|  0%| F|  |TAMS 0x00000000fe300000, 0x00000000fe300000| Untracked 
|  36|0x00000000fe400000, 0x00000000fe400000, 0x00000000fe500000|  0%| F|  |TAMS 0x00000000fe400000, 0x00000000fe400000| Untracked 
|  37|0x00000000fe500000, 0x00000000fe500000, 0x00000000fe600000|  0%| F|  |TAMS 0x00000000fe500000, 0x00000000fe500000| Untracked 
|  38|0x00000000fe600000, 0x00000000fe700000, 0x00000000fe700000|100%| S|CS|TAMS 0x00000000fe600000, 0x00000000fe600000| Complete 
|  39|0x00000000fe700000, 0x00000000fe800000, 0x00000000fe800000|100%| S|CS|TAMS 0x00000000fe700000, 0x00000000fe700000| Complete 
|  40|0x00000000fe800000, 0x00000000fe900000, 0x00000000fe900000|100%| S|CS|TAMS 0x00000000fe800000, 0x00000000fe800000| Complete 
|  41|0x00000000fe900000, 0x00000000fe900000, 0x00000000fea00000|  0%| F|  |TAMS 0x00000000fe900000, 0x00000000fe900000| Untracked 
|  42|0x00000000fea00000, 0x00000000fea00000, 0x00000000feb00000|  0%| F|  |TAMS 0x00000000fea00000, 0x00000000fea00000| Untracked 
|  43|0x00000000feb00000, 0x00000000feb00000, 0x00000000fec00000|  0%| F|  |TAMS 0x00000000feb00000, 0x00000000feb00000| Untracked 
|  44|0x00000000fec00000, 0x00000000fec00000, 0x00000000fed00000|  0%| F|  |TAMS 0x00000000fec00000, 0x00000000fec00000| Untracked 
|  45|0x00000000fed00000, 0x00000000fed00000, 0x00000000fee00000|  0%| F|  |TAMS 0x00000000fed00000, 0x00000000fed00000| Untracked 
|  46|0x00000000fee00000, 0x00000000fee00000, 0x00000000fef00000|  0%| F|  |TAMS 0x00000000fee00000, 0x00000000fee00000| Untracked 
|  47|0x00000000fef00000, 0x00000000fef00000, 0x00000000ff000000|  0%| F|  |TAMS 0x00000000fef00000, 0x00000000fef00000| Untracked 
|  48|0x00000000ff000000, 0x00000000ff000000, 0x00000000ff100000|  0%| F|  |TAMS 0x00000000ff000000, 0x00000000ff000000| Untracked 
|  49|0x00000000ff100000, 0x00000000ff100000, 0x00000000ff200000|  0%| F|  |TAMS 0x00000000ff100000, 0x00000000ff100000| Untracked 
|  50|0x00000000ff200000, 0x00000000ff200000, 0x00000000ff300000|  0%| F|  |TAMS 0x00000000ff200000, 0x00000000ff200000| Untracked 
|  51|0x00000000ff300000, 0x00000000ff300000, 0x00000000ff400000|  0%| F|  |TAMS 0x00000000ff300000, 0x00000000ff300000| Untracked 
|  52|0x00000000ff400000, 0x00000000ff400000, 0x00000000ff500000|  0%| F|  |TAMS 0x00000000ff400000, 0x00000000ff400000| Untracked 
|  53|0x00000000ff500000, 0x00000000ff580800, 0x00000000ff600000| 50%| E|  |TAMS 0x00000000ff500000, 0x00000000ff500000| Complete 
|  54|0x00000000ff600000, 0x00000000ff700000, 0x00000000ff700000|100%| E|CS|TAMS 0x00000000ff600000, 0x00000000ff600000| Complete 
|  55|0x00000000ff700000, 0x00000000ff800000, 0x00000000ff800000|100%| E|CS|TAMS 0x00000000ff700000, 0x00000000ff700000| Complete 
|  56|0x00000000ff800000, 0x00000000ff900000, 0x00000000ff900000|100%| E|CS|TAMS 0x00000000ff800000, 0x00000000ff800000| Complete 
|  57|0x00000000ff900000, 0x00000000ffa00000, 0x00000000ffa00000|100%| E|CS|TAMS 0x00000000ff900000, 0x00000000ff900000| Complete 
|  58|0x00000000ffa00000, 0x00000000ffb00000, 0x00000000ffb00000|100%| E|CS|TAMS 0x00000000ffa00000, 0x00000000ffa00000| Complete 
|  59|0x00000000ffb00000, 0x00000000ffc00000, 0x00000000ffc00000|100%| E|CS|TAMS 0x00000000ffb00000, 0x00000000ffb00000| Complete 
|  60|0x00000000ffc00000, 0x00000000ffd00000, 0x00000000ffd00000|100%| E|CS|TAMS 0x00000000ffc00000, 0x00000000ffc00000| Complete 
|  61|0x00000000ffd00000, 0x00000000ffe00000, 0x00000000ffe00000|100%| E|CS|TAMS 0x00000000ffd00000, 0x00000000ffd00000| Complete 
|  62|0x00000000ffe00000, 0x00000000fff00000, 0x00000000fff00000|100%| E|CS|TAMS 0x00000000ffe00000, 0x00000000ffe00000| Complete 
|  63|0x00000000fff00000, 0x0000000100000000, 0x0000000100000000|100%| E|CS|TAMS 0x00000000fff00000, 0x00000000fff00000| Complete 

Card table byte_map: [0x000001644fce0000,0x000001644fd00000] _byte_map_base: 0x000001644f500000

Marking Bits (Prev, Next): (CMBitMap*) 0x000001644fdabea0, (CMBitMap*) 0x000001644fdabee0
 Prev Bits: [0x0000016466980000, 0x0000016466a80000)
 Next Bits: [0x0000016466a80000, 0x0000016466b80000)

Polling page: 0x000001644f560000

Metaspace:

Usage:
  Non-class:      3.32 MB used.
      Class:    466.99 KB used.
       Both:      3.78 MB used.

Virtual space:
  Non-class space:       64.00 MB reserved,       3.38 MB (  5%) committed,  1 nodes.
      Class space:        1.00 GB reserved,     512.00 KB ( <1%) committed,  1 nodes.
             Both:        1.06 GB reserved,       3.88 MB ( <1%) committed. 

Chunk freelists:
   Non-Class:  10.61 MB
       Class:  15.45 MB
        Both:  26.06 MB

MaxMetaspaceSize: unlimited
CompressedClassSpaceSize: 1.00 GB
Initial GC threshold: 21.00 MB
Current GC threshold: 21.00 MB
CDS: on
MetaspaceReclaimPolicy: balanced
 - commit_granule_bytes: 65536.
 - commit_granule_words: 8192.
 - virtual_space_node_default_size: 8388608.
 - enlarge_chunks_in_place: 1.
 - new_chunks_are_fully_committed: 0.
 - uncommit_free_chunks: 1.
 - use_allocation_guard: 0.
 - handle_deallocations: 1.


Internal statistics:

num_allocs_failed_limit: 0.
num_arena_births: 18.
num_arena_deaths: 0.
num_vsnodes_births: 2.
num_vsnodes_deaths: 0.
num_space_committed: 62.
num_space_uncommitted: 0.
num_chunks_returned_to_freelist: 0.
num_chunks_taken_from_freelist: 104.
num_chunk_merges: 0.
num_chunk_splits: 69.
num_chunks_enlarged: 61.
num_inconsistent_stats: 0.

CodeHeap 'non-profiled nmethods': size=120000Kb used=433Kb max_used=433Kb free=119566Kb
 bounds [0x000001645f120000, 0x000001645f390000, 0x0000016466650000]
CodeHeap 'profiled nmethods': size=120000Kb used=1782Kb max_used=1782Kb free=118217Kb
 bounds [0x0000016457650000, 0x00000164578c0000, 0x000001645eb80000]
CodeHeap 'non-nmethods': size=5760Kb used=1131Kb max_used=1154Kb free=4629Kb
 bounds [0x000001645eb80000, 0x000001645edf0000, 0x000001645f120000]
 total_blobs=1343 nmethods=927 adapters=329
 compilation: enabled
              stopped_count=0, restarted_count=0
 full_count=0

Compilation events (20 events):
Event: 6.358 Thread 0x000001646951af70  916       3       java.util.jar.Attributes::put (18 bytes)
Event: 6.358 Thread 0x000001646951af70 nmethod 916 0x0000016457809590 code [0x0000016457809740, 0x0000016457809b08]
Event: 6.366 Thread 0x000001646951af70  918       3       jdk.internal.jimage.ImageStringsReader::hashCode (33 bytes)
Event: 6.367 Thread 0x000001646951af70 nmethod 918 0x0000016457809c10 code [0x0000016457809dc0, 0x0000016457809f38]
Event: 6.374 Thread 0x000001646951af70  919       3       java.lang.String::toCharArray (25 bytes)
Event: 6.374 Thread 0x000001646951af70 nmethod 919 0x000001645780a010 code [0x000001645780a1e0, 0x000001645780a478]
Event: 6.374 Thread 0x000001646951af70  920       3       jdk.internal.misc.Unsafe::checkSize (32 bytes)
Event: 6.374 Thread 0x000001646951af70 nmethod 920 0x000001645780a590 code [0x000001645780a740, 0x000001645780a9c8]
Event: 6.379 Thread 0x000001646951af70  925       3       java.util.HashSet::<init> (16 bytes)
Event: 6.380 Thread 0x000001646951af70 nmethod 925 0x000001645780ab10 code [0x000001645780ace0, 0x000001645780b0f8]
Event: 6.380 Thread 0x000001646951af70  926   !   3       java.util.jar.JarFile::getManifestFromReference (197 bytes)
Event: 6.381 Thread 0x000001646951af70 nmethod 926 0x000001645780b290 code [0x000001645780b5a0, 0x000001645780ca38]
Event: 6.381 Thread 0x000001646951af70  928       3       java.util.jar.JarFile::maybeInstantiateVerifier (42 bytes)
Event: 6.382 Thread 0x000001646951af70 nmethod 928 0x000001645780d190 code [0x000001645780d360, 0x000001645780d6d8]
Event: 6.382 Thread 0x000001646951af70  927       3       java.util.jar.JarFile::getManifest (5 bytes)
Event: 6.382 Thread 0x000001646951af70 nmethod 927 0x000001645780d810 code [0x000001645780d9a0, 0x000001645780dae8]
Event: 6.419 Thread 0x000001646950cd30 nmethod 912 0x000001645f185d90 code [0x000001645f185fc0, 0x000001645f187798]
Event: 6.419 Thread 0x000001646950cd30  921   !   4       jdk.internal.loader.URLClassPath$JarLoader::getResource (65 bytes)
Event: 6.431 Thread 0x000001646950cd30 nmethod 921 0x000001645f188590 code [0x000001645f188800, 0x000001645f189140]
Event: 6.431 Thread 0x000001646950cd30  922   !   4       java.util.zip.ZipFile::getEntry (59 bytes)

GC Heap History (2 events):
Event: 3.846 GC heap before
{Heap before GC invocations=0 (full 0):
 garbage-first heap   total 65536K, used 22528K [0x00000000fc000000, 0x0000000100000000)
  region size 1024K, 23 young (23552K), 0 survivors (0K)
 Metaspace       used 1841K, committed 1984K, reserved 1114112K
  class space    used 158K, committed 192K, reserved 1048576K
}
Event: 4.086 GC heap after
{Heap after GC invocations=1 (full 0):
 garbage-first heap   total 65536K, used 4248K [0x00000000fc000000, 0x0000000100000000)
  region size 1024K, 3 young (3072K), 3 survivors (3072K)
 Metaspace       used 1841K, committed 1984K, reserved 1114112K
  class space    used 158K, committed 192K, reserved 1048576K
}

Deoptimization events (20 events):
Event: 6.272 Thread 0x000001644fd881a0 Uncommon trap: trap_request=0xffffffde fr.pc=0x000001645f13dfac relative=0x00000000000003cc
Event: 6.272 Thread 0x000001644fd881a0 Uncommon trap: reason=class_check action=maybe_recompile pc=0x000001645f13dfac method=java.util.regex.Matcher.match(II)Z @ 121 c2
Event: 6.272 Thread 0x000001644fd881a0 DEOPT PACKING pc=0x000001645f13dfac sp=0x0000004a92afdb50
Event: 6.272 Thread 0x000001644fd881a0 DEOPT UNPACKING pc=0x000001645ebd23a3 sp=0x0000004a92afdaf8 mode 2
Event: 6.272 Thread 0x000001644fd881a0 Uncommon trap: trap_request=0xffffffde fr.pc=0x000001645f13dfac relative=0x00000000000003cc
Event: 6.272 Thread 0x000001644fd881a0 Uncommon trap: reason=class_check action=maybe_recompile pc=0x000001645f13dfac method=java.util.regex.Matcher.match(II)Z @ 121 c2
Event: 6.272 Thread 0x000001644fd881a0 DEOPT PACKING pc=0x000001645f13dfac sp=0x0000004a92afdb50
Event: 6.272 Thread 0x000001644fd881a0 DEOPT UNPACKING pc=0x000001645ebd23a3 sp=0x0000004a92afdaf8 mode 2
Event: 6.273 Thread 0x000001644fd881a0 Uncommon trap: trap_request=0xffffffde fr.pc=0x000001645f13dfac relative=0x00000000000003cc
Event: 6.273 Thread 0x000001644fd881a0 Uncommon trap: reason=class_check action=maybe_recompile pc=0x000001645f13dfac method=java.util.regex.Matcher.match(II)Z @ 121 c2
Event: 6.273 Thread 0x000001644fd881a0 DEOPT PACKING pc=0x000001645f13dfac sp=0x0000004a92afd9d0
Event: 6.273 Thread 0x000001644fd881a0 DEOPT UNPACKING pc=0x000001645ebd23a3 sp=0x0000004a92afd978 mode 2
Event: 6.273 Thread 0x000001644fd881a0 Uncommon trap: trap_request=0xffffffde fr.pc=0x000001645f13dfac relative=0x00000000000003cc
Event: 6.276 Thread 0x000001644fd881a0 Uncommon trap: reason=class_check action=maybe_recompile pc=0x000001645f13dfac method=java.util.regex.Matcher.match(II)Z @ 121 c2
Event: 6.278 Thread 0x000001644fd881a0 DEOPT PACKING pc=0x000001645f13dfac sp=0x0000004a92afd9d0
Event: 6.278 Thread 0x000001644fd881a0 DEOPT UNPACKING pc=0x000001645ebd23a3 sp=0x0000004a92afd978 mode 2
Event: 6.375 Thread 0x000001644fd881a0 Uncommon trap: trap_request=0xffffff45 fr.pc=0x000001645f148a14 relative=0x0000000000000454
Event: 6.375 Thread 0x000001644fd881a0 Uncommon trap: reason=unstable_if action=reinterpret pc=0x000001645f148a14 method=java.util.Properties.loadConvert([CIILjava/lang/StringBuilder;)Ljava/lang/String; @ 26 c2
Event: 6.375 Thread 0x000001644fd881a0 DEOPT PACKING pc=0x000001645f148a14 sp=0x0000004a92afc120
Event: 6.375 Thread 0x000001644fd881a0 DEOPT UNPACKING pc=0x000001645ebd23a3 sp=0x0000004a92afc0e0 mode 2

Classes unloaded (0 events):
No events

Classes redefined (0 events):
No events

Internal exceptions (3 events):
Event: 1.409 Thread 0x000001644fd881a0 Exception <a 'java/lang/NoSuchMethodError'{0x00000000ffdec3a8}: 'int java.lang.invoke.DirectMethodHandle$Holder.invokeStaticInit(java.lang.Object, java.lang.Object)'> (0x00000000ffdec3a8) 
thrown [s\open\src\hotspot\share\interpreter\linkResolver.cpp, line 759]
Event: 6.286 Thread 0x000001644fd881a0 Exception <a 'java/lang/NoSuchMethodError'{0x00000000ff65eb48}: 'void java.lang.invoke.DirectMethodHandle$Holder.invokeStatic(java.lang.Object, java.lang.Object)'> (0x00000000ff65eb48) 
thrown [s\open\src\hotspot\share\interpreter\linkResolver.cpp, line 759]
Event: 6.379 Thread 0x000001644fd881a0 Exception <a 'java/lang/NoClassDefFoundError'{0x00000000ff5162e8}: org/slf4j/impl/StaticMarkerBinder> (0x00000000ff5162e8) 
thrown [s\open\src\hotspot\share\classfile\systemDictionary.cpp, line 245]

VM Operations (16 events):
Event: 0.641 Executing VM operation: HandshakeAllThreads
Event: 0.836 Executing VM operation: HandshakeAllThreads done
Event: 1.843 Executing VM operation: Cleanup
Event: 1.843 Executing VM operation: Cleanup done
Event: 2.874 Executing VM operation: Cleanup
Event: 2.874 Executing VM operation: Cleanup done
Event: 3.845 Executing VM operation: G1CollectForAllocation
Event: 4.086 Executing VM operation: G1CollectForAllocation done
Event: 5.084 Executing VM operation: HandshakeAllThreads
Event: 5.084 Executing VM operation: HandshakeAllThreads done
Event: 6.088 Executing VM operation: Cleanup
Event: 6.089 Executing VM operation: Cleanup done
Event: 6.374 Executing VM operation: HandshakeAllThreads
Event: 6.374 Executing VM operation: HandshakeAllThreads done
Event: 6.374 Executing VM operation: HandshakeAllThreads
Event: 6.374 Executing VM operation: HandshakeAllThreads done

Events (20 events):
Event: 6.365 loading class java/util/regex/Pattern$Prolog
Event: 6.366 loading class java/util/regex/Pattern$Prolog done
Event: 6.366 loading class java/net/URLClassLoader$2
Event: 6.367 loading class java/net/URLClassLoader$2 done
Event: 6.367 loading class sun/net/www/protocol/jar/JarURLConnection
Event: 6.369 loading class java/net/JarURLConnection
Event: 6.369 loading class java/net/JarURLConnection done
Event: 6.369 loading class sun/net/www/protocol/jar/JarURLConnection done
Event: 6.369 loading class sun/net/www/protocol/jar/JarFileFactory
Event: 6.370 loading class sun/net/www/protocol/jar/URLJarFile$URLJarFileCloseController
Event: 6.370 loading class sun/net/www/protocol/jar/URLJarFile$URLJarFileCloseController done
Event: 6.370 loading class sun/net/www/protocol/jar/JarFileFactory done
Event: 6.371 loading class sun/net/www/protocol/jar/URLJarFile
Event: 6.371 loading class sun/net/www/protocol/jar/URLJarFile done
Event: 6.374 loading class sun/net/www/protocol/jar/URLJarFile$URLJarFileEntry
Event: 6.374 loading class sun/net/www/protocol/jar/URLJarFile$URLJarFileEntry done
Event: 6.374 loading class sun/net/www/protocol/jar/JarURLConnection$JarURLInputStream
Event: 6.374 loading class sun/net/www/protocol/jar/JarURLConnection$JarURLInputStream done
Event: 6.376 loading class java/util/Formatter$FixedString
Event: 6.377 loading class java/util/Formatter$FixedString done


Dynamic libraries:
0x00007ff7a0e70000 - 0x00007ff7a0e80000 	C:\Program Files\Java\jdk-17\bin\java.exe
0x00007ffaafcc0000 - 0x00007ffaafec9000 	C:\Windows\SYSTEM32\ntdll.dll
0x00007ffaaed30000 - 0x00007ffaaeded000 	C:\Windows\System32\KERNEL32.DLL
0x00007ffaad630000 - 0x00007ffaad9b4000 	C:\Windows\System32\KERNELBASE.dll
0x00007ffaad4a0000 - 0x00007ffaad5b1000 	C:\Windows\System32\ucrtbase.dll
0x00007ffaa4590000 - 0x00007ffaa45a9000 	C:\Program Files\Java\jdk-17\bin\jli.dll
0x00007ffaaf3f0000 - 0x00007ffaaf49e000 	C:\Windows\System32\ADVAPI32.dll
0x00007ffaaf630000 - 0x00007ffaaf6d3000 	C:\Windows\System32\msvcrt.dll
0x00007ffaaedf0000 - 0x00007ffaaee8e000 	C:\Windows\System32\sechost.dll
0x00007ffaaf890000 - 0x00007ffaaf9b1000 	C:\Windows\System32\RPCRT4.dll
0x00007ffaaf6e0000 - 0x00007ffaaf88d000 	C:\Windows\System32\USER32.dll
0x00007ffaad9c0000 - 0x00007ffaad9e6000 	C:\Windows\System32\win32u.dll
0x00007ffaa38b0000 - 0x00007ffaa38cb000 	C:\Program Files\Java\jdk-17\bin\VCRUNTIME140.dll
0x00007ffaaf4a0000 - 0x00007ffaaf4ca000 	C:\Windows\System32\GDI32.dll
0x00007ffaad9f0000 - 0x00007ffaadb0e000 	C:\Windows\System32\gdi32full.dll
0x00007ffaad400000 - 0x00007ffaad49d000 	C:\Windows\System32\msvcp_win.dll
0x00007ffa9c9c0000 - 0x00007ffa9cc65000 	C:\Windows\WinSxS\amd64_microsoft.windows.common-controls_6595b64144ccf1df_6.0.22000.120_none_9d947278b86cc467\COMCTL32.dll
0x00007ffaa7390000 - 0x00007ffaa739a000 	C:\Windows\SYSTEM32\VERSION.dll
0x00007ffaadd30000 - 0x00007ffaadd61000 	C:\Windows\System32\IMM32.DLL
0x00007ffaa8c60000 - 0x00007ffaa8c6c000 	C:\Program Files\Java\jdk-17\bin\vcruntime140_1.dll
0x00007ffa89aa0000 - 0x00007ffa89b2e000 	C:\Program Files\Java\jdk-17\bin\msvcp140.dll
0x00007ffa45e50000 - 0x00007ffa46a30000 	C:\Program Files\Java\jdk-17\bin\server\jvm.dll
0x00007ffaaec40000 - 0x00007ffaaec48000 	C:\Windows\System32\PSAPI.DLL
0x00007ffa91dd0000 - 0x00007ffa91dd9000 	C:\Windows\SYSTEM32\WSOCK32.dll
0x00007ffaadcb0000 - 0x00007ffaadd1f000 	C:\Windows\System32\WS2_32.dll
0x00007ffaa7a60000 - 0x00007ffaa7a93000 	C:\Windows\SYSTEM32\WINMM.dll
0x00007ffaac2b0000 - 0x00007ffaac2c8000 	C:\Windows\SYSTEM32\kernel.appcore.dll
0x00007ffaa7d90000 - 0x00007ffaa7d9a000 	C:\Program Files\Java\jdk-17\bin\jimage.dll
0x00007ffaaac00000 - 0x00007ffaaae21000 	C:\Windows\SYSTEM32\DBGHELP.DLL
0x00007ffa91b00000 - 0x00007ffa91b31000 	C:\Windows\SYSTEM32\dbgcore.DLL
0x00007ffaad380000 - 0x00007ffaad3ff000 	C:\Windows\System32\bcryptPrimitives.dll
0x00007ffaa2970000 - 0x00007ffaa2995000 	C:\Program Files\Java\jdk-17\bin\java.dll
0x00007ffa7dc90000 - 0x00007ffa7dd67000 	C:\Program Files\Java\jdk-17\bin\jsvml.dll
0x00007ffaae470000 - 0x00007ffaaec35000 	C:\Windows\System32\SHELL32.dll
0x00007ffaab230000 - 0x00007ffaaba92000 	C:\Windows\SYSTEM32\windows.storage.dll
0x00007ffaaf070000 - 0x00007ffaaf3e6000 	C:\Windows\System32\combase.dll
0x00007ffaab0c0000 - 0x00007ffaab227000 	C:\Windows\SYSTEM32\wintypes.dll
0x00007ffaaef80000 - 0x00007ffaaf06a000 	C:\Windows\System32\SHCORE.dll
0x00007ffaadc50000 - 0x00007ffaadcad000 	C:\Windows\System32\shlwapi.dll
0x00007ffaad080000 - 0x00007ffaad0a5000 	C:\Windows\SYSTEM32\profapi.dll
0x00007ffaa2b50000 - 0x00007ffaa2b69000 	C:\Program Files\Java\jdk-17\bin\net.dll
0x00007ffaa8700000 - 0x00007ffaa8814000 	C:\Windows\SYSTEM32\WINHTTP.dll
0x00007ffaac760000 - 0x00007ffaac7c7000 	C:\Windows\system32\mswsock.dll
0x00007ffaa0e00000 - 0x00007ffaa0e16000 	C:\Program Files\Java\jdk-17\bin\nio.dll
0x00007ffaa0de0000 - 0x00007ffaa0df8000 	C:\Program Files\Java\jdk-17\bin\zip.dll
0x00007ffaa71c0000 - 0x00007ffaa71d0000 	C:\Program Files\Java\jdk-17\bin\verify.dll

dbghelp: loaded successfully - version: 4.0.5 - missing functions: none
symbol engine: initialized successfully - sym options: 0x614 - pdb path: .;C:\Program Files\Java\jdk-17\bin;C:\Windows\SYSTEM32;C:\Windows\WinSxS\amd64_microsoft.windows.common-controls_6595b64144ccf1df_6.0.22000.120_none_9d947278b86cc467;C:\Program Files\Java\jdk-17\bin\server

VM Arguments:
jvm_args: -Xmx64m -Xms64m -Dorg.gradle.appname=gradlew 
java_command: org.gradle.wrapper.GradleWrapperMain app:installDebug -PreactNativeDevServerPort=8081
java_class_path (initial): E:\workspage\FruitApp\android\\gradle\wrapper\gradle-wrapper.jar
Launcher Type: SUN_STANDARD

[Global flags]
     intx CICompilerCount                          = 4                                         {product} {ergonomic}
     uint ConcGCThreads                            = 2                                         {product} {ergonomic}
     uint G1ConcRefinementThreads                  = 8                                         {product} {ergonomic}
   size_t G1HeapRegionSize                         = 1048576                                   {product} {ergonomic}
    uintx GCDrainStackTargetSize                   = 64                                        {product} {ergonomic}
   size_t InitialHeapSize                          = 67108864                                  {product} {command line}
   size_t MarkStackSize                            = 4194304                                   {product} {ergonomic}
   size_t MaxHeapSize                              = 67108864                                  {product} {command line}
   size_t MaxNewSize                               = 39845888                                  {product} {ergonomic}
   size_t MinHeapDeltaBytes                        = 1048576                                   {product} {ergonomic}
   size_t MinHeapSize                              = 67108864                                  {product} {command line}
    uintx NonNMethodCodeHeapSize                   = 5839372                                {pd product} {ergonomic}
    uintx NonProfiledCodeHeapSize                  = 122909434                              {pd product} {ergonomic}
    uintx ProfiledCodeHeapSize                     = 122909434                              {pd product} {ergonomic}
    uintx ReservedCodeCacheSize                    = 251658240                              {pd product} {ergonomic}
     bool SegmentedCodeCache                       = true                                      {product} {ergonomic}
   size_t SoftMaxHeapSize                          = 67108864                               {manageable} {ergonomic}
     bool UseCompressedClassPointers               = true                           {product lp64_product} {ergonomic}
     bool UseCompressedOops                        = true                           {product lp64_product} {ergonomic}
     bool UseG1GC                                  = true                                      {product} {ergonomic}
     bool UseLargePagesIndividualAllocation        = false                                  {pd product} {ergonomic}

Logging:
Log output configuration:
 #0: stdout all=warning uptime,level,tags
 #1: stderr all=off uptime,level,tags

Environment Variables:
JAVA_HOME=C:\Program Files\Java\jdk-17
CLASSPATH=E:\workspage\FruitApp\android\\gradle\wrapper\gradle-wrapper.jar
PATH=E:\workspage\FruitApp\node_modules\.bin;E:\workspage\FruitApp\node_modules\.bin;E:\workspage\node_modules\.bin;E:\node_modules\.bin;C:\Users\ADMIN\AppData\Roaming\npm\node_modules\npm\node_modules\@npmcli\run-script\lib\node-gyp-bin;C:\Users\ADMIN\AppData\Local\Temp\yarn--1739416085021-0.7921656818983325;E:\workspage\FruitApp\node_modules\.bin;C:\Users\ADMIN\AppData\Local\Yarn\Data\link\node_modules\.bin;C:\Users\ADMIN\AppData\Local\Yarn\bin;C:\Program Files\libexec\lib\node_modules\npm\bin\node-gyp-bin;C:\Program Files\lib\node_modules\npm\bin\node-gyp-bin;C:\Program Files\nodejs\node_modules\npm\bin\node-gyp-bin;C:\Program Files\Microsoft\jdk-17.0.13.11-hotspot\bin;C:\Program Files\Common Files\Oracle\Java\javapath;C:\Windows\system32;C:\Windows;C:\Windows\System32\Wbem;C:\Windows\System32\WindowsPowerShell\v1.0\;C:\Windows\System32\OpenSSH\;C:\jdk11\bin;C:\jdk11\bin;C:\Program Files (x86)\NVIDIA Corporation\PhysX\Common;C:\Program Files\NVIDIA Corporation\NVIDIA NvDLISR;C:\Program Files\dotnet\;C:\Program Files\MySQL\MySQL Shell 8.0\bin\;C:\Users\ADMIN\AppData\Local\Microsoft\WindowsApps;C:\Users\ADMIN\AppData\Local\Programs\Microsoft VS Code\bin;C:\Users\ADMIN\AppData\Roaming\npm;C:\adb;C:\Program Files\Git\cmd;C:\ProgramData\chocolatey\bin;C:\Program Files\nodejs\;C:\Program Files\CMake\bin;C:\Users\ADMIN\Desktop\Scripts\;C:\Users\ADMIN\Desktop\;C:\Program Files\MySQL\MySQL Shell 8.0\bin\;C:\Users\ADMIN\AppData\Local\Microsoft\WindowsApps;C:\jdk11\bin;C:\Users\ADMIN\AppData\Local\Programs\Microsoft VS Code\bin;C:\Program Files\JetBrains\IntelliJ IDEA 2024.3.1.1\bin;;C:\Program Files\JetBrains\IntelliJ IDEA Community Edition 2024.2.4\bin;;C:\Program Files\nodejs;C:\Users\ADMIN\AppData\Roaming\npm;C:\Users\ADMIN\AppData\Local\Android\Sdk\platform-tools;
USERNAME=ADMIN
LANG=en_US.UTF-8
OS=Windows_NT
PROCESSOR_IDENTIFIER=Intel64 Family 6 Model 165 Stepping 2, GenuineIntel



---------------  S Y S T E M  ---------------

OS:
 Windows 11 , 64 bit Build 22000 (10.0.22000.2538)
OS uptime: 23 days 22:40 hours

CPU: total 8 (initial active 8) (4 cores per cpu, 2 threads per core) family 6 model 165 stepping 2 microcode 0xe0, cx8, cmov, fxsr, ht, mmx, 3dnowpref, sse, sse2, sse3, ssse3, sse4.1, sse4.2, popcnt, lzcnt, tsc, tscinvbit, avx, avx2, aes, erms, clmul, bmi1, bmi2, adx, fma, vzeroupper, clflush, clflushopt

Memory: 4k page, system-wide physical 8029M (54M free)
TotalPageFile size 32605M (AvailPageFile size 0M)
current process WorkingSet (physical memory assigned to process): 72M, peak: 78M
current process commit charge ("private bytes"): 158M, peak: 158M

vm_info: Java HotSpot(TM) 64-Bit Server VM (17.0.12+8-LTS-286) for windows-amd64 JRE (17.0.12+8-LTS-286), built on Jun  5 2024 06:46:59 by "mach5one" with MS VC++ 17.6 (VS2022)

END.
