#
# There is insufficient memory for the Java Runtime Environment to continue.
# Native memory allocation (malloc) failed to allocate 32744 bytes for ChunkPool::allocate
# Possible reasons:
#   The system is out of physical RAM or swap space
#   The process is running with CompressedOops enabled, and the Java Heap may be blocking the growth of the native heap
# Possible solutions:
#   Reduce memory load on the system
#   Increase physical memory or swap space
#   Check if swap backing store is full
#   Decrease Java heap size (-Xmx/-Xms)
#   Decrease number of Java threads
#   Decrease Java thread stack sizes (-Xss)
#   Set larger code cache with -XX:ReservedCodeCacheSize=
#   JVM is running with Unscaled Compressed Oops mode in which the Java heap is
#     placed in the first 4GB address space. The Java Heap base address is the
#     maximum limit for the native heap growth. Please use -XX:HeapBaseMinAddress
#     to set the Java Heap base and to place the Java Heap above 4GB virtual address.
# This output file may be truncated or incomplete.
#
#  Out of Memory Error (arena.cpp:78), pid=30132, tid=13856
#
# JRE version: Java(TM) SE Runtime Environment (17.0.12+8) (build 17.0.12+8-LTS-286)
# Java VM: Java HotSpot(TM) 64-Bit Server VM (17.0.12+8-LTS-286, mixed mode, sharing, tiered, compressed oops, compressed class ptrs, g1 gc, windows-amd64)
# No core dump will be written. Minidumps are not enabled by default on client versions of Windows
#

---------------  S U M M A R Y ------------

Command Line: -Xmx64m -Xms64m -Dorg.gradle.appname=gradlew org.gradle.wrapper.GradleWrapperMain app:installDebug -PreactNativeDevServerPort=8081

Host: Intel(R) Core(TM) i5-10300H CPU @ 2.50GHz, 8 cores, 7G,  Windows 11 , 64 bit Build 22000 (10.0.22000.2538)
Time: Thu Feb 13 10:13:54 2025 SE Asia Standard Time elapsed time: 6.177993 seconds (0d 0h 0m 6s)

---------------  T H R E A D  ---------------

Current thread (0x00000137adc880c0):  JavaThread "C1 CompilerThread0" daemon [_thread_in_native, id=13856, stack(0x0000000821300000,0x0000000821400000)]


Current CompileTask:
C1:   6178  628       3       java.io.WinNTFileSystem::normalizePrefix (132 bytes)

Stack: [0x0000000821300000,0x0000000821400000]
Native frames: (J=compiled Java code, j=interpreted, Vv=VM code, C=native code)
V  [jvm.dll+0x67a04a]
V  [jvm.dll+0x7da4ed]
V  [jvm.dll+0x7dbe33]
V  [jvm.dll+0x7dc4a3]
V  [jvm.dll+0x24508f]
V  [jvm.dll+0xab9a4]
V  [jvm.dll+0xabd3c]
V  [jvm.dll+0x17501a]
V  [jvm.dll+0x176966]
V  [jvm.dll+0x179cdf]
V  [jvm.dll+0x135633]
V  [jvm.dll+0x134eff]
V  [jvm.dll+0x135148]
V  [jvm.dll+0x1345d1]
V  [jvm.dll+0x1362bd]
V  [jvm.dll+0x22610b]
V  [jvm.dll+0x2242ab]
V  [jvm.dll+0x79075c]
V  [jvm.dll+0x78abea]
V  [jvm.dll+0x678f35]
C  [ucrtbase.dll+0x26c0c]
C  [KERNEL32.DLL+0x153e0]
C  [ntdll.dll+0x485b]


---------------  P R O C E S S  ---------------

Threads class SMR info:
_java_thread_list=0x00000137adcb88d0, length=12, elements={
0x00000137944889b0, 0x00000137adbff450, 0x00000137adc002d0, 0x00000137adc16bd0,
0x00000137adc194b0, 0x00000137adc1a610, 0x00000137adc1afd0, 0x00000137adc1cf30,
0x00000137adc880c0, 0x00000137adc8a5f0, 0x00000137adcebe80, 0x00000137adcf2bd0
}

Java Threads: ( => current thread )
  0x00000137944889b0 JavaThread "main" [_thread_in_vm, id=19020, stack(0x0000000820500000,0x0000000820600000)]
  0x00000137adbff450 JavaThread "Reference Handler" daemon [_thread_blocked, id=29372, stack(0x0000000820c00000,0x0000000820d00000)]
  0x00000137adc002d0 JavaThread "Finalizer" daemon [_thread_blocked, id=16760, stack(0x0000000820d00000,0x0000000820e00000)]
  0x00000137adc16bd0 JavaThread "Signal Dispatcher" daemon [_thread_blocked, id=21104, stack(0x0000000820e00000,0x0000000820f00000)]
  0x00000137adc194b0 JavaThread "Attach Listener" daemon [_thread_blocked, id=1564, stack(0x0000000820f00000,0x0000000821000000)]
  0x00000137adc1a610 JavaThread "Service Thread" daemon [_thread_blocked, id=7484, stack(0x0000000821000000,0x0000000821100000)]
  0x00000137adc1afd0 JavaThread "Monitor Deflation Thread" daemon [_thread_blocked, id=18476, stack(0x0000000821100000,0x0000000821200000)]
  0x00000137adc1cf30 JavaThread "C2 CompilerThread0" daemon [_thread_in_native, id=6248, stack(0x0000000821200000,0x0000000821300000)]
=>0x00000137adc880c0 JavaThread "C1 CompilerThread0" daemon [_thread_in_native, id=13856, stack(0x0000000821300000,0x0000000821400000)]
  0x00000137adc8a5f0 JavaThread "Sweeper thread" daemon [_thread_blocked, id=18668, stack(0x0000000821400000,0x0000000821500000)]
  0x00000137adcebe80 JavaThread "Notification Thread" daemon [_thread_blocked, id=7804, stack(0x0000000821500000,0x0000000821600000)]
  0x00000137adcf2bd0 JavaThread "Common-Cleaner" daemon [_thread_blocked, id=19436, stack(0x0000000821700000,0x0000000821800000)]

Other Threads:
  0x00000137adbf6c90 VMThread "VM Thread" [stack: 0x0000000820b00000,0x0000000820c00000] [id=3380]
  0x00000137adcee780 WatcherThread [stack: 0x0000000821600000,0x0000000821700000] [id=21472]
  0x00000137944ab520 GCTaskThread "GC Thread#0" [stack: 0x0000000820600000,0x0000000820700000] [id=29656]
  0x00000137f33f7960 GCTaskThread "GC Thread#1" [stack: 0x0000000821800000,0x0000000821900000] [id=27448]
  0x00000137f34a61c0 GCTaskThread "GC Thread#2" [stack: 0x0000000821900000,0x0000000821a00000] [id=29376]
  0x00000137f34a6480 GCTaskThread "GC Thread#3" [stack: 0x0000000821a00000,0x0000000821b00000] [id=33128]
  0x00000137944acc70 ConcurrentGCThread "G1 Main Marker" [stack: 0x0000000820700000,0x0000000820800000] [id=28816]
  0x00000137944ad680 ConcurrentGCThread "G1 Conc#0" [stack: 0x0000000820800000,0x0000000820900000] [id=16016]
  0x000001379450b5c0 ConcurrentGCThread "G1 Refine#0" [stack: 0x0000000820900000,0x0000000820a00000] [id=8888]
  0x000001379450bff0 ConcurrentGCThread "G1 Service" [stack: 0x0000000820a00000,0x0000000820b00000] [id=11132]

Threads with active compile tasks:
C2 CompilerThread0     6260  633       4       java.lang.StringBuilder::append (8 bytes)
C1 CompilerThread0     6260  628       3       java.io.WinNTFileSystem::normalizePrefix (132 bytes)

VM state: not at safepoint (normal execution)

VM Mutex/Monitor currently owned by a thread:  ([mutex/lock_event])
[0x0000013794484630] Metaspace_lock - owner thread: 0x00000137944889b0

OutOfMemory and StackOverflow Exception counts:
OutOfMemoryError java_heap_errors=1
LinkageErrors=1

Heap address: 0x00000000fc000000, size: 64 MB, Compressed Oops mode: 32-bit

CDS archive(s) mapped at: [0x00000137ae000000-0x00000137aebd0000-0x00000137aebd0000), size 12386304, SharedBaseAddress: 0x00000137ae000000, ArchiveRelocationMode: 1.
Compressed class space mapped at: 0x00000137af000000-0x00000137ef000000, reserved size: 1073741824
Narrow klass base: 0x00000137ae000000, Narrow klass shift: 0, Narrow klass range: 0x100000000

GC Precious Log:
 CPUs: 8 total, 8 available
 Memory: 8029M
 Large Page Support: Disabled
 NUMA Support: Disabled
 Compressed Oops: Enabled (32-bit)
 Heap Region Size: 1M
 Heap Min Capacity: 64M
 Heap Initial Capacity: 64M
 Heap Max Capacity: 64M
 Pre-touch: Disabled
 Parallel Workers: 8
 Concurrent Workers: 2
 Concurrent Refinement Workers: 8
 Periodic GC: Disabled

Heap:
 garbage-first heap   total 65536K, used 5080K [0x00000000fc000000, 0x0000000100000000)
  region size 1024K, 5 young (5120K), 3 survivors (3072K)
 Metaspace       used 1895K, committed 1984K, reserved 1114112K
  class space    used 174K, committed 256K, reserved 1048576K

Heap Regions: E=young(eden), S=young(survivor), O=old, HS=humongous(starts), HC=humongous(continues), CS=collection set, F=free, OA=open archive, CA=closed archive, TAMS=top-at-mark-start (previous, next)
|   0|0x00000000fc000000, 0x00000000fc0f6200, 0x00000000fc100000| 96%| O|  |TAMS 0x00000000fc000000, 0x00000000fc000000| Untracked 
|   1|0x00000000fc100000, 0x00000000fc100000, 0x00000000fc200000|  0%| F|  |TAMS 0x00000000fc100000, 0x00000000fc100000| Untracked 
|   2|0x00000000fc200000, 0x00000000fc200000, 0x00000000fc300000|  0%| F|  |TAMS 0x00000000fc200000, 0x00000000fc200000| Untracked 
|   3|0x00000000fc300000, 0x00000000fc300000, 0x00000000fc400000|  0%| F|  |TAMS 0x00000000fc300000, 0x00000000fc300000| Untracked 
|   4|0x00000000fc400000, 0x00000000fc400000, 0x00000000fc500000|  0%| F|  |TAMS 0x00000000fc400000, 0x00000000fc400000| Untracked 
|   5|0x00000000fc500000, 0x00000000fc500000, 0x00000000fc600000|  0%| F|  |TAMS 0x00000000fc500000, 0x00000000fc500000| Untracked 
|   6|0x00000000fc600000, 0x00000000fc600000, 0x00000000fc700000|  0%| F|  |TAMS 0x00000000fc600000, 0x00000000fc600000| Untracked 
|   7|0x00000000fc700000, 0x00000000fc700000, 0x00000000fc800000|  0%| F|  |TAMS 0x00000000fc700000, 0x00000000fc700000| Untracked 
|   8|0x00000000fc800000, 0x00000000fc800000, 0x00000000fc900000|  0%| F|  |TAMS 0x00000000fc800000, 0x00000000fc800000| Untracked 
|   9|0x00000000fc900000, 0x00000000fc900000, 0x00000000fca00000|  0%| F|  |TAMS 0x00000000fc900000, 0x00000000fc900000| Untracked 
|  10|0x00000000fca00000, 0x00000000fca00000, 0x00000000fcb00000|  0%| F|  |TAMS 0x00000000fca00000, 0x00000000fca00000| Untracked 
|  11|0x00000000fcb00000, 0x00000000fcb00000, 0x00000000fcc00000|  0%| F|  |TAMS 0x00000000fcb00000, 0x00000000fcb00000| Untracked 
|  12|0x00000000fcc00000, 0x00000000fcc00000, 0x00000000fcd00000|  0%| F|  |TAMS 0x00000000fcc00000, 0x00000000fcc00000| Untracked 
|  13|0x00000000fcd00000, 0x00000000fcd00000, 0x00000000fce00000|  0%| F|  |TAMS 0x00000000fcd00000, 0x00000000fcd00000| Untracked 
|  14|0x00000000fce00000, 0x00000000fce00000, 0x00000000fcf00000|  0%| F|  |TAMS 0x00000000fce00000, 0x00000000fce00000| Untracked 
|  15|0x00000000fcf00000, 0x00000000fcf00000, 0x00000000fd000000|  0%| F|  |TAMS 0x00000000fcf00000, 0x00000000fcf00000| Untracked 
|  16|0x00000000fd000000, 0x00000000fd000000, 0x00000000fd100000|  0%| F|  |TAMS 0x00000000fd000000, 0x00000000fd000000| Untracked 
|  17|0x00000000fd100000, 0x00000000fd100000, 0x00000000fd200000|  0%| F|  |TAMS 0x00000000fd100000, 0x00000000fd100000| Untracked 
|  18|0x00000000fd200000, 0x00000000fd200000, 0x00000000fd300000|  0%| F|  |TAMS 0x00000000fd200000, 0x00000000fd200000| Untracked 
|  19|0x00000000fd300000, 0x00000000fd300000, 0x00000000fd400000|  0%| F|  |TAMS 0x00000000fd300000, 0x00000000fd300000| Untracked 
|  20|0x00000000fd400000, 0x00000000fd400000, 0x00000000fd500000|  0%| F|  |TAMS 0x00000000fd400000, 0x00000000fd400000| Untracked 
|  21|0x00000000fd500000, 0x00000000fd500000, 0x00000000fd600000|  0%| F|  |TAMS 0x00000000fd500000, 0x00000000fd500000| Untracked 
|  22|0x00000000fd600000, 0x00000000fd600000, 0x00000000fd700000|  0%| F|  |TAMS 0x00000000fd600000, 0x00000000fd600000| Untracked 
|  23|0x00000000fd700000, 0x00000000fd700000, 0x00000000fd800000|  0%| F|  |TAMS 0x00000000fd700000, 0x00000000fd700000| Untracked 
|  24|0x00000000fd800000, 0x00000000fd800000, 0x00000000fd900000|  0%| F|  |TAMS 0x00000000fd800000, 0x00000000fd800000| Untracked 
|  25|0x00000000fd900000, 0x00000000fd900000, 0x00000000fda00000|  0%| F|  |TAMS 0x00000000fd900000, 0x00000000fd900000| Untracked 
|  26|0x00000000fda00000, 0x00000000fda00000, 0x00000000fdb00000|  0%| F|  |TAMS 0x00000000fda00000, 0x00000000fda00000| Untracked 
|  27|0x00000000fdb00000, 0x00000000fdb00000, 0x00000000fdc00000|  0%| F|  |TAMS 0x00000000fdb00000, 0x00000000fdb00000| Untracked 
|  28|0x00000000fdc00000, 0x00000000fdc00000, 0x00000000fdd00000|  0%| F|  |TAMS 0x00000000fdc00000, 0x00000000fdc00000| Untracked 
|  29|0x00000000fdd00000, 0x00000000fdd00000, 0x00000000fde00000|  0%| F|  |TAMS 0x00000000fdd00000, 0x00000000fdd00000| Untracked 
|  30|0x00000000fde00000, 0x00000000fde00000, 0x00000000fdf00000|  0%| F|  |TAMS 0x00000000fde00000, 0x00000000fde00000| Untracked 
|  31|0x00000000fdf00000, 0x00000000fdf00000, 0x00000000fe000000|  0%| F|  |TAMS 0x00000000fdf00000, 0x00000000fdf00000| Untracked 
|  32|0x00000000fe000000, 0x00000000fe000000, 0x00000000fe100000|  0%| F|  |TAMS 0x00000000fe000000, 0x00000000fe000000| Untracked 
|  33|0x00000000fe100000, 0x00000000fe100000, 0x00000000fe200000|  0%| F|  |TAMS 0x00000000fe100000, 0x00000000fe100000| Untracked 
|  34|0x00000000fe200000, 0x00000000fe200000, 0x00000000fe300000|  0%| F|  |TAMS 0x00000000fe200000, 0x00000000fe200000| Untracked 
|  35|0x00000000fe300000, 0x00000000fe300000, 0x00000000fe400000|  0%| F|  |TAMS 0x00000000fe300000, 0x00000000fe300000| Untracked 
|  36|0x00000000fe400000, 0x00000000fe400000, 0x00000000fe500000|  0%| F|  |TAMS 0x00000000fe400000, 0x00000000fe400000| Untracked 
|  37|0x00000000fe500000, 0x00000000fe500000, 0x00000000fe600000|  0%| F|  |TAMS 0x00000000fe500000, 0x00000000fe500000| Untracked 
|  38|0x00000000fe600000, 0x00000000fe700000, 0x00000000fe700000|100%| S|CS|TAMS 0x00000000fe600000, 0x00000000fe600000| Complete 
|  39|0x00000000fe700000, 0x00000000fe800000, 0x00000000fe800000|100%| S|CS|TAMS 0x00000000fe700000, 0x00000000fe700000| Complete 
|  40|0x00000000fe800000, 0x00000000fe900000, 0x00000000fe900000|100%| S|CS|TAMS 0x00000000fe800000, 0x00000000fe800000| Complete 
|  41|0x00000000fe900000, 0x00000000fe900000, 0x00000000fea00000|  0%| F|  |TAMS 0x00000000fe900000, 0x00000000fe900000| Untracked 
|  42|0x00000000fea00000, 0x00000000fea00000, 0x00000000feb00000|  0%| F|  |TAMS 0x00000000fea00000, 0x00000000fea00000| Untracked 
|  43|0x00000000feb00000, 0x00000000feb00000, 0x00000000fec00000|  0%| F|  |TAMS 0x00000000feb00000, 0x00000000feb00000| Untracked 
|  44|0x00000000fec00000, 0x00000000fec00000, 0x00000000fed00000|  0%| F|  |TAMS 0x00000000fec00000, 0x00000000fec00000| Untracked 
|  45|0x00000000fed00000, 0x00000000fed00000, 0x00000000fee00000|  0%| F|  |TAMS 0x00000000fed00000, 0x00000000fed00000| Untracked 
|  46|0x00000000fee00000, 0x00000000fee00000, 0x00000000fef00000|  0%| F|  |TAMS 0x00000000fee00000, 0x00000000fee00000| Untracked 
|  47|0x00000000fef00000, 0x00000000fef00000, 0x00000000ff000000|  0%| F|  |TAMS 0x00000000fef00000, 0x00000000fef00000| Untracked 
|  48|0x00000000ff000000, 0x00000000ff000000, 0x00000000ff100000|  0%| F|  |TAMS 0x00000000ff000000, 0x00000000ff000000| Untracked 
|  49|0x00000000ff100000, 0x00000000ff100000, 0x00000000ff200000|  0%| F|  |TAMS 0x00000000ff100000, 0x00000000ff100000| Untracked 
|  50|0x00000000ff200000, 0x00000000ff200000, 0x00000000ff300000|  0%| F|  |TAMS 0x00000000ff200000, 0x00000000ff200000| Untracked 
|  51|0x00000000ff300000, 0x00000000ff300000, 0x00000000ff400000|  0%| F|  |TAMS 0x00000000ff300000, 0x00000000ff300000| Untracked 
|  52|0x00000000ff400000, 0x00000000ff400000, 0x00000000ff500000|  0%| F|  |TAMS 0x00000000ff400000, 0x00000000ff400000| Untracked 
|  53|0x00000000ff500000, 0x00000000ff500000, 0x00000000ff600000|  0%| F|  |TAMS 0x00000000ff500000, 0x00000000ff500000| Untracked 
|  54|0x00000000ff600000, 0x00000000ff600000, 0x00000000ff700000|  0%| F|  |TAMS 0x00000000ff600000, 0x00000000ff600000| Untracked 
|  55|0x00000000ff700000, 0x00000000ff700000, 0x00000000ff800000|  0%| F|  |TAMS 0x00000000ff700000, 0x00000000ff700000| Untracked 
|  56|0x00000000ff800000, 0x00000000ff800000, 0x00000000ff900000|  0%| F|  |TAMS 0x00000000ff800000, 0x00000000ff800000| Untracked 
|  57|0x00000000ff900000, 0x00000000ff900000, 0x00000000ffa00000|  0%| F|  |TAMS 0x00000000ff900000, 0x00000000ff900000| Untracked 
|  58|0x00000000ffa00000, 0x00000000ffa00000, 0x00000000ffb00000|  0%| F|  |TAMS 0x00000000ffa00000, 0x00000000ffa00000| Untracked 
|  59|0x00000000ffb00000, 0x00000000ffb00000, 0x00000000ffc00000|  0%| F|  |TAMS 0x00000000ffb00000, 0x00000000ffb00000| Untracked 
|  60|0x00000000ffc00000, 0x00000000ffc00000, 0x00000000ffd00000|  0%| F|  |TAMS 0x00000000ffc00000, 0x00000000ffc00000| Untracked 
|  61|0x00000000ffd00000, 0x00000000ffd00000, 0x00000000ffe00000|  0%| F|  |TAMS 0x00000000ffd00000, 0x00000000ffd00000| Untracked 
|  62|0x00000000ffe00000, 0x00000000fff00000, 0x00000000fff00000|100%| E|  |TAMS 0x00000000ffe00000, 0x00000000ffe00000| Complete 
|  63|0x00000000fff00000, 0x0000000100000000, 0x0000000100000000|100%| E|CS|TAMS 0x00000000fff00000, 0x00000000fff00000| Complete 

Card table byte_map: [0x00000137943e0000,0x0000013794400000] _byte_map_base: 0x0000013793c00000

Marking Bits (Prev, Next): (CMBitMap*) 0x00000137944abb40, (CMBitMap*) 0x00000137944abb80
 Prev Bits: [0x00000137ab080000, 0x00000137ab180000)
 Next Bits: [0x00000137ab180000, 0x00000137ab280000)

Polling page: 0x0000013793c60000

Metaspace:

Usage:
  Non-class:      1.68 MB used.
      Class:    174.94 KB used.
       Both:      1.85 MB used.

Virtual space:
  Non-class space:       64.00 MB reserved,       1.69 MB (  3%) committed,  1 nodes.
      Class space:        1.00 GB reserved,     256.00 KB ( <1%) committed,  1 nodes.
             Both:        1.06 GB reserved,       1.94 MB ( <1%) committed. 

Chunk freelists:
   Non-Class:  11.69 MB
       Class:  15.67 MB
        Both:  27.36 MB

MaxMetaspaceSize: unlimited
CompressedClassSpaceSize: 1.00 GB
Initial GC threshold: 21.00 MB
Current GC threshold: 21.00 MB
CDS: on
MetaspaceReclaimPolicy: balanced
 - commit_granule_bytes: 65536.
 - commit_granule_words: 8192.
 - virtual_space_node_default_size: 8388608.
 - enlarge_chunks_in_place: 1.
 - new_chunks_are_fully_committed: 0.
 - uncommit_free_chunks: 1.
 - use_allocation_guard: 0.
 - handle_deallocations: 1.


Internal statistics:

num_allocs_failed_limit: 0.
num_arena_births: 14.
num_arena_deaths: 0.
num_vsnodes_births: 2.
num_vsnodes_deaths: 0.
num_space_committed: 31.
num_space_uncommitted: 0.
num_chunks_returned_to_freelist: 0.
num_chunks_taken_from_freelist: 48.
num_chunk_merges: 0.
num_chunk_splits: 22.
num_chunks_enlarged: 14.
num_inconsistent_stats: 0.

CodeHeap 'non-profiled nmethods': size=120000Kb used=253Kb max_used=253Kb free=119746Kb
 bounds [0x00000137a3820000, 0x00000137a3a90000, 0x00000137aad50000]
CodeHeap 'profiled nmethods': size=120000Kb used=1100Kb max_used=1100Kb free=118899Kb
 bounds [0x000001379bd50000, 0x000001379bfc0000, 0x00000137a3280000]
CodeHeap 'non-nmethods': size=5760Kb used=1120Kb max_used=1139Kb free=4639Kb
 bounds [0x00000137a3280000, 0x00000137a34f0000, 0x00000137a3820000]
 total_blobs=1024 nmethods=621 adapters=316
 compilation: enabled
              stopped_count=0, restarted_count=0
 full_count=0

Compilation events (20 events):
Event: 5.761 Thread 0x00000137adc1cf30  617 %     4       java.lang.StringCoding::hasNegatives @ 2 (25 bytes)
Event: 5.767 Thread 0x00000137adc1cf30 nmethod 617% 0x00000137a385e110 code [0x00000137a385e2a0, 0x00000137a385e538]
Event: 5.768 Thread 0x00000137adc1cf30  618       4       java.lang.StringLatin1::replace (198 bytes)
Event: 5.770 Thread 0x00000137adc880c0  619   !   3       java.util.zip.ZipFile::getInputStream (275 bytes)
Event: 5.774 Thread 0x00000137adc880c0 nmethod 619 0x000001379be5c290 code [0x000001379be5c580, 0x000001379be5d728]
Event: 5.774 Thread 0x00000137adc880c0  620       3       java.util.zip.ZipFile$ZipFileInputStream::<init> (96 bytes)
Event: 5.776 Thread 0x00000137adc880c0 nmethod 620 0x000001379be5e210 code [0x000001379be5e440, 0x000001379be5ee88]
Event: 5.776 Thread 0x00000137adc880c0  621  s    3       java.util.Hashtable::get (69 bytes)
Event: 5.776 Thread 0x00000137adc880c0 nmethod 621 0x000001379be5f310 code [0x000001379be5f4e0, 0x000001379be5fa38]
Event: 5.776 Thread 0x00000137adc880c0  622       3       java.io.File::<init> (47 bytes)
Event: 5.776 Thread 0x00000137adc880c0 nmethod 622 0x000001379be5fc10 code [0x000001379be5fde0, 0x000001379be60188]
Event: 6.165 Thread 0x00000137adc880c0  623       3       java.security.AccessController::executePrivileged (65 bytes)
Event: 6.165 Thread 0x00000137adc880c0 nmethod 623 0x000001379be60310 code [0x000001379be604e0, 0x000001379be607d8]
Event: 6.166 Thread 0x00000137adc880c0  624       3       java.security.AccessController::checkContext (49 bytes)
Event: 6.166 Thread 0x00000137adc880c0 nmethod 624 0x000001379be60910 code [0x000001379be60b20, 0x000001379be61178]
Event: 6.168 Thread 0x00000137adc880c0  626       3       java.util.zip.ZipFile$Source::isManifestName (165 bytes)
Event: 6.168 Thread 0x00000137adc880c0 nmethod 626 0x000001379be61390 code [0x000001379be61560, 0x000001379be61af8]
Event: 6.169 Thread 0x00000137adc880c0  627       3       java.lang.String::newStringUTF8NoRepl (274 bytes)
Event: 6.170 Thread 0x00000137adc880c0 nmethod 627 0x000001379be61c90 code [0x000001379be61f60, 0x000001379be62e48]
Event: 6.173 Thread 0x00000137adc880c0  628       3       java.io.WinNTFileSystem::normalizePrefix (132 bytes)

GC Heap History (2 events):
Event: 5.777 GC heap before
{Heap before GC invocations=0 (full 0):
 garbage-first heap   total 65536K, used 23552K [0x00000000fc000000, 0x0000000100000000)
  region size 1024K, 23 young (23552K), 0 survivors (0K)
 Metaspace       used 1808K, committed 1920K, reserved 1114112K
  class space    used 158K, committed 192K, reserved 1048576K
}
Event: 6.075 GC heap after
{Heap after GC invocations=1 (full 0):
 garbage-first heap   total 65536K, used 4056K [0x00000000fc000000, 0x0000000100000000)
  region size 1024K, 3 young (3072K), 3 survivors (3072K)
 Metaspace       used 1808K, committed 1920K, reserved 1114112K
  class space    used 158K, committed 192K, reserved 1048576K
}

Deoptimization events (20 events):
Event: 5.118 Thread 0x00000137944889b0 Uncommon trap: trap_request=0xffffffde fr.pc=0x00000137a384c8c4 relative=0x0000000000000824
Event: 5.118 Thread 0x00000137944889b0 Uncommon trap: reason=class_check action=maybe_recompile pc=0x00000137a384c8c4 method=java.util.HashMap.putVal(ILjava/lang/Object;Ljava/lang/Object;ZZ)Ljava/lang/Object; @ 91 c2
Event: 5.118 Thread 0x00000137944889b0 DEOPT PACKING pc=0x00000137a384c8c4 sp=0x00000008205fcb20
Event: 5.119 Thread 0x00000137944889b0 DEOPT UNPACKING pc=0x00000137a32d23a3 sp=0x00000008205fca30 mode 2
Event: 5.150 Thread 0x00000137944889b0 Uncommon trap: trap_request=0xffffffde fr.pc=0x00000137a384c95c relative=0x00000000000008bc
Event: 5.150 Thread 0x00000137944889b0 Uncommon trap: reason=class_check action=maybe_recompile pc=0x00000137a384c95c method=java.util.HashMap.putVal(ILjava/lang/Object;Ljava/lang/Object;ZZ)Ljava/lang/Object; @ 203 c2
Event: 5.150 Thread 0x00000137944889b0 DEOPT PACKING pc=0x00000137a384c95c sp=0x00000008205fcb20
Event: 5.150 Thread 0x00000137944889b0 DEOPT UNPACKING pc=0x00000137a32d23a3 sp=0x00000008205fca30 mode 2
Event: 5.159 Thread 0x00000137944889b0 Uncommon trap: trap_request=0xffffff45 fr.pc=0x00000137a38423b0 relative=0x0000000000000190
Event: 5.159 Thread 0x00000137944889b0 Uncommon trap: reason=unstable_if action=reinterpret pc=0x00000137a38423b0 method=java.util.zip.ZipFile$Source.isMetaName([BII)Z @ 43 c2
Event: 5.159 Thread 0x00000137944889b0 DEOPT PACKING pc=0x00000137a38423b0 sp=0x00000008205fc0c0
Event: 5.159 Thread 0x00000137944889b0 DEOPT UNPACKING pc=0x00000137a32d23a3 sp=0x00000008205fc050 mode 2
Event: 5.318 Thread 0x00000137944889b0 Uncommon trap: trap_request=0xffffffde fr.pc=0x00000137a384c95c relative=0x00000000000008bc
Event: 5.318 Thread 0x00000137944889b0 Uncommon trap: reason=class_check action=maybe_recompile pc=0x00000137a384c95c method=java.util.HashMap.putVal(ILjava/lang/Object;Ljava/lang/Object;ZZ)Ljava/lang/Object; @ 203 c2
Event: 5.318 Thread 0x00000137944889b0 DEOPT PACKING pc=0x00000137a384c95c sp=0x00000008205fcb20
Event: 5.318 Thread 0x00000137944889b0 DEOPT UNPACKING pc=0x00000137a32d23a3 sp=0x00000008205fca30 mode 2
Event: 5.762 Thread 0x00000137944889b0 DEOPT PACKING pc=0x000001379bd858ee sp=0x00000008205fc420
Event: 5.762 Thread 0x00000137944889b0 DEOPT UNPACKING pc=0x00000137a32d2b43 sp=0x00000008205fb8e0 mode 0
Event: 6.169 Thread 0x00000137944889b0 DEOPT PACKING pc=0x000001379be4f957 sp=0x00000008205fc330
Event: 6.169 Thread 0x00000137944889b0 DEOPT UNPACKING pc=0x00000137a32d2b43 sp=0x00000008205fb790 mode 0

Classes unloaded (0 events):
No events

Classes redefined (0 events):
No events

Internal exceptions (1 events):
Event: 0.979 Thread 0x00000137944889b0 Exception <a 'java/lang/NoSuchMethodError'{0x00000000ffc4f388}: 'int java.lang.invoke.DirectMethodHandle$Holder.invokeStaticInit(java.lang.Object, java.lang.Object)'> (0x00000000ffc4f388) 
thrown [s\open\src\hotspot\share\interpreter\linkResolver.cpp, line 759]

VM Operations (10 events):
Event: 1.643 Executing VM operation: Cleanup
Event: 1.643 Executing VM operation: Cleanup done
Event: 2.655 Executing VM operation: Cleanup
Event: 2.655 Executing VM operation: Cleanup done
Event: 3.656 Executing VM operation: Cleanup
Event: 3.656 Executing VM operation: Cleanup done
Event: 4.850 Executing VM operation: Cleanup
Event: 4.888 Executing VM operation: Cleanup done
Event: 5.777 Executing VM operation: G1CollectForAllocation
Event: 6.075 Executing VM operation: G1CollectForAllocation done

Events (20 events):
Event: 0.965 loading class java/io/FilePermissionCollection done
Event: 0.965 loading class java/util/Vector
Event: 0.965 loading class java/util/Vector done
Event: 0.965 loading class java/io/FilePermissionCollection$1
Event: 0.965 loading class java/io/FilePermissionCollection$1 done
Event: 0.996 loading class java/net/MalformedURLException
Event: 0.996 loading class java/net/MalformedURLException done
Event: 0.997 loading class java/io/FileFilter
Event: 0.997 loading class java/io/FileFilter done
Event: 1.430 loading class java/util/AbstractList$Itr
Event: 1.430 loading class java/util/AbstractList$Itr done
Event: 1.449 loading class java/lang/invoke/DirectMethodHandle$Special
Event: 1.450 loading class java/lang/invoke/DirectMethodHandle$Special done
Event: 4.884 Loaded shared library C:\Program Files\Java\jdk-17\bin\jimage.dll
Event: 4.904 loading class java/io/BufferedReader
Event: 4.904 loading class java/io/BufferedReader done
Event: 4.904 loading class sun/nio/cs/StreamDecoder
Event: 4.904 loading class sun/nio/cs/StreamDecoder done
Event: 4.904 loading class sun/nio/cs/UTF_8$Decoder
Event: 4.904 loading class sun/nio/cs/UTF_8$Decoder done


Dynamic libraries:
0x00007ff7a0e70000 - 0x00007ff7a0e80000 	C:\Program Files\Java\jdk-17\bin\java.exe
0x00007ffaafcc0000 - 0x00007ffaafec9000 	C:\Windows\SYSTEM32\ntdll.dll
0x00007ffaaed30000 - 0x00007ffaaeded000 	C:\Windows\System32\KERNEL32.DLL
0x00007ffaad630000 - 0x00007ffaad9b4000 	C:\Windows\System32\KERNELBASE.dll
0x00007ffaad4a0000 - 0x00007ffaad5b1000 	C:\Windows\System32\ucrtbase.dll
0x00007ffaa4590000 - 0x00007ffaa45a9000 	C:\Program Files\Java\jdk-17\bin\jli.dll
0x00007ffaaf3f0000 - 0x00007ffaaf49e000 	C:\Windows\System32\ADVAPI32.dll
0x00007ffaaf630000 - 0x00007ffaaf6d3000 	C:\Windows\System32\msvcrt.dll
0x00007ffaaedf0000 - 0x00007ffaaee8e000 	C:\Windows\System32\sechost.dll
0x00007ffaaf890000 - 0x00007ffaaf9b1000 	C:\Windows\System32\RPCRT4.dll
0x00007ffaaf6e0000 - 0x00007ffaaf88d000 	C:\Windows\System32\USER32.dll
0x00007ffaad9c0000 - 0x00007ffaad9e6000 	C:\Windows\System32\win32u.dll
0x00007ffaaf4a0000 - 0x00007ffaaf4ca000 	C:\Windows\System32\GDI32.dll
0x00007ffaad9f0000 - 0x00007ffaadb0e000 	C:\Windows\System32\gdi32full.dll
0x00007ffaad400000 - 0x00007ffaad49d000 	C:\Windows\System32\msvcp_win.dll
0x00007ffaa38b0000 - 0x00007ffaa38cb000 	C:\Program Files\Java\jdk-17\bin\VCRUNTIME140.dll
0x00007ffa9c9c0000 - 0x00007ffa9cc65000 	C:\Windows\WinSxS\amd64_microsoft.windows.common-controls_6595b64144ccf1df_6.0.22000.120_none_9d947278b86cc467\COMCTL32.dll
0x00007ffaa7390000 - 0x00007ffaa739a000 	C:\Windows\SYSTEM32\VERSION.dll
0x00007ffaadd30000 - 0x00007ffaadd61000 	C:\Windows\System32\IMM32.DLL
0x00007ffaa8c60000 - 0x00007ffaa8c6c000 	C:\Program Files\Java\jdk-17\bin\vcruntime140_1.dll
0x00007ffa89aa0000 - 0x00007ffa89b2e000 	C:\Program Files\Java\jdk-17\bin\msvcp140.dll
0x00007ffa45e50000 - 0x00007ffa46a30000 	C:\Program Files\Java\jdk-17\bin\server\jvm.dll
0x00007ffaaec40000 - 0x00007ffaaec48000 	C:\Windows\System32\PSAPI.DLL
0x00007ffaa7a60000 - 0x00007ffaa7a93000 	C:\Windows\SYSTEM32\WINMM.dll
0x00007ffa91dd0000 - 0x00007ffa91dd9000 	C:\Windows\SYSTEM32\WSOCK32.dll
0x00007ffaadcb0000 - 0x00007ffaadd1f000 	C:\Windows\System32\WS2_32.dll
0x00007ffaac2b0000 - 0x00007ffaac2c8000 	C:\Windows\SYSTEM32\kernel.appcore.dll
0x00007ffaa7d90000 - 0x00007ffaa7d9a000 	C:\Program Files\Java\jdk-17\bin\jimage.dll
0x00007ffaaac00000 - 0x00007ffaaae21000 	C:\Windows\SYSTEM32\DBGHELP.DLL
0x00007ffa91b00000 - 0x00007ffa91b31000 	C:\Windows\SYSTEM32\dbgcore.DLL
0x00007ffaad380000 - 0x00007ffaad3ff000 	C:\Windows\System32\bcryptPrimitives.dll
0x00007ffaa2970000 - 0x00007ffaa2995000 	C:\Program Files\Java\jdk-17\bin\java.dll
0x00007ffa7dc90000 - 0x00007ffa7dd67000 	C:\Program Files\Java\jdk-17\bin\jsvml.dll
0x00007ffaae470000 - 0x00007ffaaec35000 	C:\Windows\System32\SHELL32.dll
0x00007ffaab230000 - 0x00007ffaaba92000 	C:\Windows\SYSTEM32\windows.storage.dll
0x00007ffaaf070000 - 0x00007ffaaf3e6000 	C:\Windows\System32\combase.dll
0x00007ffaab0c0000 - 0x00007ffaab227000 	C:\Windows\SYSTEM32\wintypes.dll
0x00007ffaaef80000 - 0x00007ffaaf06a000 	C:\Windows\System32\SHCORE.dll
0x00007ffaadc50000 - 0x00007ffaadcad000 	C:\Windows\System32\shlwapi.dll
0x00007ffaad080000 - 0x00007ffaad0a5000 	C:\Windows\SYSTEM32\profapi.dll
0x00007ffaa2b50000 - 0x00007ffaa2b69000 	C:\Program Files\Java\jdk-17\bin\net.dll
0x00007ffaa8700000 - 0x00007ffaa8814000 	C:\Windows\SYSTEM32\WINHTTP.dll
0x00007ffaac760000 - 0x00007ffaac7c7000 	C:\Windows\system32\mswsock.dll
0x00007ffaa0e00000 - 0x00007ffaa0e16000 	C:\Program Files\Java\jdk-17\bin\nio.dll
0x00007ffaa0de0000 - 0x00007ffaa0df8000 	C:\Program Files\Java\jdk-17\bin\zip.dll
0x00007ffaa71c0000 - 0x00007ffaa71d0000 	C:\Program Files\Java\jdk-17\bin\verify.dll

dbghelp: loaded successfully - version: 4.0.5 - missing functions: none
symbol engine: initialized successfully - sym options: 0x614 - pdb path: .;C:\Program Files\Java\jdk-17\bin;C:\Windows\SYSTEM32;C:\Windows\WinSxS\amd64_microsoft.windows.common-controls_6595b64144ccf1df_6.0.22000.120_none_9d947278b86cc467;C:\Program Files\Java\jdk-17\bin\server

VM Arguments:
jvm_args: -Xmx64m -Xms64m -Dorg.gradle.appname=gradlew 
java_command: org.gradle.wrapper.GradleWrapperMain app:installDebug -PreactNativeDevServerPort=8081
java_class_path (initial): E:\workspage\FruitApp\android\\gradle\wrapper\gradle-wrapper.jar
Launcher Type: SUN_STANDARD

[Global flags]
     intx CICompilerCount                          = 4                                         {product} {ergonomic}
     uint ConcGCThreads                            = 2                                         {product} {ergonomic}
     uint G1ConcRefinementThreads                  = 8                                         {product} {ergonomic}
   size_t G1HeapRegionSize                         = 1048576                                   {product} {ergonomic}
    uintx GCDrainStackTargetSize                   = 64                                        {product} {ergonomic}
   size_t InitialHeapSize                          = 67108864                                  {product} {command line}
   size_t MarkStackSize                            = 4194304                                   {product} {ergonomic}
   size_t MaxHeapSize                              = 67108864                                  {product} {command line}
   size_t MaxNewSize                               = 39845888                                  {product} {ergonomic}
   size_t MinHeapDeltaBytes                        = 1048576                                   {product} {ergonomic}
   size_t MinHeapSize                              = 67108864                                  {product} {command line}
    uintx NonNMethodCodeHeapSize                   = 5839372                                {pd product} {ergonomic}
    uintx NonProfiledCodeHeapSize                  = 122909434                              {pd product} {ergonomic}
    uintx ProfiledCodeHeapSize                     = 122909434                              {pd product} {ergonomic}
    uintx ReservedCodeCacheSize                    = 251658240                              {pd product} {ergonomic}
     bool SegmentedCodeCache                       = true                                      {product} {ergonomic}
   size_t SoftMaxHeapSize                          = 67108864                               {manageable} {ergonomic}
     bool UseCompressedClassPointers               = true                           {product lp64_product} {ergonomic}
     bool UseCompressedOops                        = true                           {product lp64_product} {ergonomic}
     bool UseG1GC                                  = true                                      {product} {ergonomic}
     bool UseLargePagesIndividualAllocation        = false                                  {pd product} {ergonomic}

Logging:
Log output configuration:
 #0: stdout all=warning uptime,level,tags
 #1: stderr all=off uptime,level,tags

Environment Variables:
JAVA_HOME=C:\Program Files\Java\jdk-17
CLASSPATH=E:\workspage\FruitApp\android\\gradle\wrapper\gradle-wrapper.jar
PATH=E:\workspage\FruitApp\node_modules\.bin;E:\workspage\FruitApp\node_modules\.bin;E:\workspage\node_modules\.bin;E:\node_modules\.bin;C:\Users\ADMIN\AppData\Roaming\npm\node_modules\npm\node_modules\@npmcli\run-script\lib\node-gyp-bin;C:\Users\ADMIN\AppData\Local\Temp\yarn--1739416085021-0.7921656818983325;E:\workspage\FruitApp\node_modules\.bin;C:\Users\ADMIN\AppData\Local\Yarn\Data\link\node_modules\.bin;C:\Users\ADMIN\AppData\Local\Yarn\bin;C:\Program Files\libexec\lib\node_modules\npm\bin\node-gyp-bin;C:\Program Files\lib\node_modules\npm\bin\node-gyp-bin;C:\Program Files\nodejs\node_modules\npm\bin\node-gyp-bin;C:\Program Files\Microsoft\jdk-17.0.13.11-hotspot\bin;C:\Program Files\Common Files\Oracle\Java\javapath;C:\Windows\system32;C:\Windows;C:\Windows\System32\Wbem;C:\Windows\System32\WindowsPowerShell\v1.0\;C:\Windows\System32\OpenSSH\;C:\jdk11\bin;C:\jdk11\bin;C:\Program Files (x86)\NVIDIA Corporation\PhysX\Common;C:\Program Files\NVIDIA Corporation\NVIDIA NvDLISR;C:\Program Files\dotnet\;C:\Program Files\MySQL\MySQL Shell 8.0\bin\;C:\Users\ADMIN\AppData\Local\Microsoft\WindowsApps;C:\Users\ADMIN\AppData\Local\Programs\Microsoft VS Code\bin;C:\Users\ADMIN\AppData\Roaming\npm;C:\adb;C:\Program Files\Git\cmd;C:\ProgramData\chocolatey\bin;C:\Program Files\nodejs\;C:\Program Files\CMake\bin;C:\Users\ADMIN\Desktop\Scripts\;C:\Users\ADMIN\Desktop\;C:\Program Files\MySQL\MySQL Shell 8.0\bin\;C:\Users\ADMIN\AppData\Local\Microsoft\WindowsApps;C:\jdk11\bin;C:\Users\ADMIN\AppData\Local\Programs\Microsoft VS Code\bin;C:\Program Files\JetBrains\IntelliJ IDEA 2024.3.1.1\bin;;C:\Program Files\JetBrains\IntelliJ IDEA Community Edition 2024.2.4\bin;;C:\Program Files\nodejs;C:\Users\ADMIN\AppData\Roaming\npm;C:\Users\ADMIN\AppData\Local\Android\Sdk\platform-tools;
USERNAME=ADMIN
LANG=en_US.UTF-8
OS=Windows_NT
PROCESSOR_IDENTIFIER=Intel64 Family 6 Model 165 Stepping 2, GenuineIntel



---------------  S Y S T E M  ---------------

OS:
 Windows 11 , 64 bit Build 22000 (10.0.22000.2538)
OS uptime: 23 days 22:40 hours

CPU: total 8 (initial active 8) (4 cores per cpu, 2 threads per core) family 6 model 165 stepping 2 microcode 0xe0, cx8, cmov, fxsr, ht, mmx, 3dnowpref, sse, sse2, sse3, ssse3, sse4.1, sse4.2, popcnt, lzcnt, tsc, tscinvbit, avx, avx2, aes, erms, clmul, bmi1, bmi2, adx, fma, vzeroupper, clflush, clflushopt

Memory: 4k page, system-wide physical 8029M (59M free)
TotalPageFile size 32605M (AvailPageFile size 0M)
current process WorkingSet (physical memory assigned to process): 53M, peak: 56M
current process commit charge ("private bytes"): 147M, peak: 151M

vm_info: Java HotSpot(TM) 64-Bit Server VM (17.0.12+8-LTS-286) for windows-amd64 JRE (17.0.12+8-LTS-286), built on Jun  5 2024 06:46:59 by "mach5one" with MS VC++ 17.6 (VS2022)

END.
