#
# A fatal error has been detected by the Java Runtime Environment:
#
#  EXCEPTION_ACCESS_VIOLATION (0xc0000005) at pc=0x00007ffaa7d91b85, pid=29096, tid=29584
#
# JRE version:  (17.0.12+8) (build )
# Java VM: Java HotSpot(TM) 64-Bit Server VM (17.0.12+8-LTS-286, mixed mode, sharing, tiered, unknown gc, windows-amd64)
# Problematic frame:
# C  [jimage.dll+0x1b85]
#
# No core dump will be written. Minidumps are not enabled by default on client versions of Windows
#
#

---------------  S U M M A R Y ------------

Command Line: 

Host: Intel(R) Core(TM) i5-10300H CPU @ 2.50GHz, 8 cores, 7G,  Windows 11 , 64 bit Build 22000 (10.0.22000.2538)
Time: Thu Feb 13 10:13:54 2025 SE Asia Standard Time elapsed time: 0.309138 seconds (0d 0h 0m 0s)

---------------  T H R E A D  ---------------

Current thread is native thread

Stack: [0x000000c54f600000,0x000000c54f700000],  sp=0x000000c54f6fdbb0,  free space=1014k
Native frames: (J=compiled Java code, j=interpreted, Vv=VM code, C=native code)
C  [jimage.dll+0x1b85]


siginfo: EXCEPTION_ACCESS_VIOLATION (0xc0000005), reading address 0x000000000000108c


Registers:
RAX=0x000000000000041c, RBX=0x000000c54f6fdca1, RCX=0x00007ffaa7d96000, RDX=0x000000000000041c
RSP=0x000000c54f6fdbb0, RBP=0x000000c54f6fdca0, RSI=0x0000000000007208, RDI=0x000000c54f6fdca0
R8 =0x00007ffaa7d94298, R9 =0x000000000000001c, R10=0x00007ffaa38b0000, R11=0x00007ffaa7d96000
R12=0x0000000000000000, R13=0x0000020652bfbb70, R14=0x000000c54f6fed10, R15=0x00007ffa4672d348
RIP=0x00007ffaa7d91b85, EFLAGS=0x0000000000010246


Top of Stack: (sp=0x000000c54f6fdbb0)
0x000000c54f6fdbb0:   0000020600000013 0000000000000013
0x000000c54f6fdbc0:   000000c54f6fdc08 000000c54f6fdc10
0x000000c54f6fdbd0:   0000020652c04c20 00007ffaa7d91d13
0x000000c54f6fdbe0:   000000000000000b 0000020652c04c20
0x000000c54f6fdbf0:   0000000100000000 0000000000000000
0x000000c54f6fdc00:   0000000000000000 0000000000000000
0x000000c54f6fdc10:   0000000000000000 0000020652c0f618
0x000000c54f6fdc20:   0000020652bf02a0 0000020652bf030a
0x000000c54f6fdc30:   0000000001000000 0000020652c084b0
0x000000c54f6fdc40:   0000b7936e1cfd07 0057005c003a0043
0x000000c54f6fdc50:   00007ffa4670bef0 0000000000000017
0x000000c54f6fdc60:   0000020652c04c20 000000c54f6fed10
0x000000c54f6fdc70:   000000000000000b 00007ffaa7d925d9
0x000000c54f6fdc80:   0000004c004c0044 0000000000000000
0x000000c54f6fdc90:   0000000000000000 0000000004000004
0x000000c54f6fdca0:   61622e6176616a2f 692f6b646a2f6573 

Instructions: (pc=0x00007ffaa7d91b85)
0x00007ffaa7d91a85:   48 85 c9 74 1d 80 3d 7f 45 00 00 00 74 06 48 8b
0x00007ffaa7d91a95:   53 18 eb 04 48 8b 53 40 e8 96 0e 00 00 48 83 63
0x00007ffaa7d91aa5:   48 00 8b 4b 0c 83 f9 ff 74 09 e8 cc 0c 00 00 83
0x00007ffaa7d91ab5:   4b 0c ff 48 8b 4b 70 48 85 c9 74 0f ba 10 00 00
0x00007ffaa7d91ac5:   00 e8 ed 0e 00 00 48 83 63 70 00 48 83 c4 20 5b
0x00007ffaa7d91ad5:   c3 cc cc 40 53 48 83 ec 20 48 8b d9 48 8d 0d 38
0x00007ffaa7d91ae5:   47 00 00 e8 9b 0c 00 00 83 6b 08 01 75 24 48 8b
0x00007ffaa7d91af5:   d3 48 8d 0d 1b 45 00 00 e8 22 08 00 00 48 8b cb
0x00007ffaa7d91b05:   e8 d6 fe ff ff ba 78 00 00 00 48 8b cb e8 a1 0e
0x00007ffaa7d91b15:   00 00 48 8d 0d 02 47 00 00 48 83 c4 20 5b e9 68
0x00007ffaa7d91b25:   0c 00 00 48 89 5c 24 08 48 89 74 24 10 57 48 83
0x00007ffaa7d91b35:   ec 20 41 8b f1 4d 8b c8 48 8b fa 4c 8b d9 4d 85
0x00007ffaa7d91b45:   c0 74 78 85 f6 74 74 44 8a 12 48 8d 5a 01 48 8b
0x00007ffaa7d91b55:   d3 b8 93 01 00 01 eb 12 69 c0 93 01 00 01 41 0f
0x00007ffaa7d91b65:   b6 ca 44 8a 12 33 c1 48 ff c2 45 84 d2 75 e9 4d
0x00007ffaa7d91b75:   8b 03 0f ba f0 1f 33 d2 49 8b cb f7 f6 48 63 c2
0x00007ffaa7d91b85:   41 8b 14 81 41 ff 50 08 85 c0 7e 24 8a 0f eb 10
0x00007ffaa7d91b95:   69 c0 93 01 00 01 0f b6 c9 33 c1 8a 0b 48 ff c3
0x00007ffaa7d91ba5:   84 c9 75 ec 0f ba f0 1f 33 d2 f7 f6 8b c2 eb 0e
0x00007ffaa7d91bb5:   79 09 83 c9 ff 2b c8 8b c1 eb 03 83 c8 ff 48 8b
0x00007ffaa7d91bc5:   5c 24 30 48 8b 74 24 38 48 83 c4 20 5f c3 cc 48
0x00007ffaa7d91bd5:   89 5c 24 08 48 89 74 24 10 57 48 83 ec 20 48 8b
0x00007ffaa7d91be5:   f1 48 8d 0d 33 46 00 00 e8 96 0b 00 00 33 ff 39
0x00007ffaa7d91bf5:   3d 1e 44 00 00 76 24 48 8b 05 1d 44 00 00 48 8b
0x00007ffaa7d91c05:   d6 48 8b 1c f8 48 8b 0b e8 68 1e 00 00 85 c0 74
0x00007ffaa7d91c15:   2b ff c7 3b 3d fa 43 00 00 72 dc 33 db 48 8d 0d
0x00007ffaa7d91c25:   f7 45 00 00 e8 62 0b 00 00 48 8b 74 24 38 48 8b
0x00007ffaa7d91c35:   c3 48 8b 5c 24 30 48 83 c4 20 5f c3 ff 43 08 eb
0x00007ffaa7d91c45:   dc cc cc 48 89 5c 24 08 48 89 74 24 10 57 48 83
0x00007ffaa7d91c55:   ec 20 48 8b d9 48 8b f2 48 8b 49 10 49 8b f8 8b
0x00007ffaa7d91c65:   53 30 48 8b 01 ff 50 20 4c 8b 43 50 48 8b d6 48
0x00007ffaa7d91c75:   8b 4b 10 44 8b c8 e8 a8 fe ff ff 83 f8 ff 74 38 



---------------  P R O C E S S  ---------------

VM state: not at safepoint (not fully initialized)

VM Mutex/Monitor currently owned by a thread: None

GC Precious Log:
<Not initialized>


Dynamic libraries:
0x00007ff7a0e70000 - 0x00007ff7a0e80000 	C:\Program Files\Java\jdk-17\bin\java.exe
0x00007ffaafcc0000 - 0x00007ffaafec9000 	C:\Windows\SYSTEM32\ntdll.dll
0x00007ffaaed30000 - 0x00007ffaaeded000 	C:\Windows\System32\KERNEL32.DLL
0x00007ffaad630000 - 0x00007ffaad9b4000 	C:\Windows\System32\KERNELBASE.dll
0x00007ffaad4a0000 - 0x00007ffaad5b1000 	C:\Windows\System32\ucrtbase.dll
0x00007ffaa4590000 - 0x00007ffaa45a9000 	C:\Program Files\Java\jdk-17\bin\jli.dll
0x00007ffaaf3f0000 - 0x00007ffaaf49e000 	C:\Windows\System32\ADVAPI32.dll
0x00007ffaaf630000 - 0x00007ffaaf6d3000 	C:\Windows\System32\msvcrt.dll
0x00007ffaaedf0000 - 0x00007ffaaee8e000 	C:\Windows\System32\sechost.dll
0x00007ffaaf890000 - 0x00007ffaaf9b1000 	C:\Windows\System32\RPCRT4.dll
0x00007ffaa38b0000 - 0x00007ffaa38cb000 	C:\Program Files\Java\jdk-17\bin\VCRUNTIME140.dll
0x00007ffaaf6e0000 - 0x00007ffaaf88d000 	C:\Windows\System32\USER32.dll
0x00007ffaad9c0000 - 0x00007ffaad9e6000 	C:\Windows\System32\win32u.dll
0x00007ffa9c9c0000 - 0x00007ffa9cc65000 	C:\Windows\WinSxS\amd64_microsoft.windows.common-controls_6595b64144ccf1df_6.0.22000.120_none_9d947278b86cc467\COMCTL32.dll
0x00007ffaaf4a0000 - 0x00007ffaaf4ca000 	C:\Windows\System32\GDI32.dll
0x00007ffaad9f0000 - 0x00007ffaadb0e000 	C:\Windows\System32\gdi32full.dll
0x00007ffaad400000 - 0x00007ffaad49d000 	C:\Windows\System32\msvcp_win.dll
0x00007ffaa7390000 - 0x00007ffaa739a000 	C:\Windows\SYSTEM32\VERSION.dll
0x00007ffaadd30000 - 0x00007ffaadd61000 	C:\Windows\System32\IMM32.DLL
0x00007ffaa8c60000 - 0x00007ffaa8c6c000 	C:\Program Files\Java\jdk-17\bin\vcruntime140_1.dll
0x00007ffa89aa0000 - 0x00007ffa89b2e000 	C:\Program Files\Java\jdk-17\bin\msvcp140.dll
0x00007ffa45e50000 - 0x00007ffa46a30000 	C:\Program Files\Java\jdk-17\bin\server\jvm.dll
0x00007ffaaec40000 - 0x00007ffaaec48000 	C:\Windows\System32\PSAPI.DLL
0x00007ffa91dd0000 - 0x00007ffa91dd9000 	C:\Windows\SYSTEM32\WSOCK32.dll
0x00007ffaadcb0000 - 0x00007ffaadd1f000 	C:\Windows\System32\WS2_32.dll
0x00007ffaa7a60000 - 0x00007ffaa7a93000 	C:\Windows\SYSTEM32\WINMM.dll
0x00007ffaac2b0000 - 0x00007ffaac2c8000 	C:\Windows\SYSTEM32\kernel.appcore.dll
0x00007ffaa7d90000 - 0x00007ffaa7d9a000 	C:\Program Files\Java\jdk-17\bin\jimage.dll

dbghelp: loading error: 1455
symbol engine: initialization error.

VM Arguments:
java_command: <unknown>
java_class_path (initial): <not set>
Launcher Type: SUN_STANDARD

[Global flags]
     bool UseLargePagesIndividualAllocation        = false                                  {pd product} {ergonomic}

Logging:
Log output configuration:
 #0: stdout all=warning uptime,level,tags
 #1: stderr all=off uptime,level,tags

Environment Variables:
JAVA_HOME=C:\Program Files\Java\jdk-17
CLASSPATH=E:\workspage\FruitApp\android\\gradle\wrapper\gradle-wrapper.jar
PATH=E:\workspage\FruitApp\node_modules\.bin;E:\workspage\FruitApp\node_modules\.bin;E:\workspage\node_modules\.bin;E:\node_modules\.bin;C:\Users\ADMIN\AppData\Roaming\npm\node_modules\npm\node_modules\@npmcli\run-script\lib\node-gyp-bin;C:\Users\ADMIN\AppData\Local\Temp\yarn--1739416085021-0.7921656818983325;E:\workspage\FruitApp\node_modules\.bin;C:\Users\ADMIN\AppData\Local\Yarn\Data\link\node_modules\.bin;C:\Users\ADMIN\AppData\Local\Yarn\bin;C:\Program Files\libexec\lib\node_modules\npm\bin\node-gyp-bin;C:\Program Files\lib\node_modules\npm\bin\node-gyp-bin;C:\Program Files\nodejs\node_modules\npm\bin\node-gyp-bin;C:\Program Files\Microsoft\jdk-17.0.13.11-hotspot\bin;C:\Program Files\Common Files\Oracle\Java\javapath;C:\Windows\system32;C:\Windows;C:\Windows\System32\Wbem;C:\Windows\System32\WindowsPowerShell\v1.0\;C:\Windows\System32\OpenSSH\;C:\jdk11\bin;C:\jdk11\bin;C:\Program Files (x86)\NVIDIA Corporation\PhysX\Common;C:\Program Files\NVIDIA Corporation\NVIDIA NvDLISR;C:\Program Files\dotnet\;C:\Program Files\MySQL\MySQL Shell 8.0\bin\;C:\Users\ADMIN\AppData\Local\Microsoft\WindowsApps;C:\Users\ADMIN\AppData\Local\Programs\Microsoft VS Code\bin;C:\Users\ADMIN\AppData\Roaming\npm;C:\adb;C:\Program Files\Git\cmd;C:\ProgramData\chocolatey\bin;C:\Program Files\nodejs\;C:\Program Files\CMake\bin;C:\Users\ADMIN\Desktop\Scripts\;C:\Users\ADMIN\Desktop\;C:\Program Files\MySQL\MySQL Shell 8.0\bin\;C:\Users\ADMIN\AppData\Local\Microsoft\WindowsApps;C:\jdk11\bin;C:\Users\ADMIN\AppData\Local\Programs\Microsoft VS Code\bin;C:\Program Files\JetBrains\IntelliJ IDEA 2024.3.1.1\bin;;C:\Program Files\JetBrains\IntelliJ IDEA Community Edition 2024.2.4\bin;;C:\Program Files\nodejs;C:\Users\ADMIN\AppData\Roaming\npm;C:\Users\ADMIN\AppData\Local\Android\Sdk\platform-tools;
USERNAME=ADMIN
LANG=en_US.UTF-8
OS=Windows_NT
PROCESSOR_IDENTIFIER=Intel64 Family 6 Model 165 Stepping 2, GenuineIntel



---------------  S Y S T E M  ---------------

OS:
 Windows 11 , 64 bit Build 22000 (10.0.22000.2538)
OS uptime: 23 days 22:40 hours

CPU: total 8 (initial active 0) 

Memory: 4k page, system-wide physical 8029M (61M free)
TotalPageFile size 32605M (AvailPageFile size 0M)
current process WorkingSet (physical memory assigned to process): 6M, peak: 6M
current process commit charge ("private bytes"): 2M, peak: 2M

vm_info: Java HotSpot(TM) 64-Bit Server VM (17.0.12+8-LTS-286) for windows-amd64 JRE (17.0.12+8-LTS-286), built on Jun  5 2024 06:46:59 by "mach5one" with MS VC++ 17.6 (VS2022)

END.
